I210827 07:06:25.998702 1 util/log/file_sync_buffer.go:238 ⋮ [config]   file created at: 2021/08/27 07:06:25
I210827 07:06:25.998717 1 util/log/file_sync_buffer.go:238 ⋮ [config]   running on machine: ‹LAPTOP-NMOS6VH8›
I210827 07:06:25.998726 1 util/log/file_sync_buffer.go:238 ⋮ [config]   binary: CockroachDB CCL v21.1.7 (x86_64-w64-mingw32, built 2021/08/09 18:01:51, go1.15.14)
I210827 07:06:25.998733 1 util/log/file_sync_buffer.go:238 ⋮ [config]   arguments: ‹[cockroach start --certs-dir=certs --store=node2 --listen-addr=localhost:26258 --http-addr=localhost:8081 --join=localhost:26257,localhost:26258]›
I210827 07:06:25.998744 1 util/log/file_sync_buffer.go:238 ⋮ [config]   log format (utf8=✓): crdb-v2
I210827 07:06:25.998751 1 util/log/file_sync_buffer.go:238 ⋮ [config]   line format: [IWEF]yymmdd hh:mm:ss.uuuuuu goid [chan@]file:line redactionmark \[tags\] [counter] msg
W210827 07:06:25.998188 1 1@cli/start.go:976 ⋮ [-] 1  ‹Using the default setting for --cache (128 MiB).›
W210827 07:06:25.998188 1 1@cli/start.go:976 ⋮ [-] 1 +‹  A significantly larger value is usually needed for good performance.›
W210827 07:06:25.998188 1 1@cli/start.go:976 ⋮ [-] 1 +‹  If you have a dedicated server a reasonable setting is --cache=.25 (4.0 GiB).›
I210827 07:06:26.000128 1 1@cli/start.go:1049 ⋮ [-] 2  ‹CockroachDB CCL v21.1.7 (x86_64-w64-mingw32, built 2021/08/09 18:01:51, go1.15.14)›
I210827 07:06:26.010083 1 server/config.go:431 ⋮ [-] 3  system total memory: ‹16 GiB›
I210827 07:06:26.010107 1 server/config.go:433 ⋮ [-] 4  server configuration:
I210827 07:06:26.010107 1 server/config.go:433 ⋮ [-] 4 +‹max offset             500000000›
I210827 07:06:26.010107 1 server/config.go:433 ⋮ [-] 4 +‹cache size             128 MiB›
I210827 07:06:26.010107 1 server/config.go:433 ⋮ [-] 4 +‹SQL memory pool size   4.0 GiB›
I210827 07:06:26.010107 1 server/config.go:433 ⋮ [-] 4 +‹scan interval          10m0s›
I210827 07:06:26.010107 1 server/config.go:433 ⋮ [-] 4 +‹scan min idle time     10ms›
I210827 07:06:26.010107 1 server/config.go:433 ⋮ [-] 4 +‹scan max idle time     1s›
I210827 07:06:26.010107 1 server/config.go:433 ⋮ [-] 4 +‹event log enabled      true›
I210827 07:06:26.010164 1 1@cli/start.go:961 ⋮ [-] 5  process identity: ‹uid S-1-5-21-3570080047-1938999795-4179426710-1001, gid S-1-5-21-3570080047-1938999795-4179426710-1001›
W210827 07:06:26.010892 1 1@cli/start.go:1127 ⋮ [-] 6  could not initialize GEOS - spatial functions may not be available: geos: error during GEOS init: geos: cannot load GEOS from dir ‹"/usr/local/lib/cockroach"›: ‹geos error: failed to execute dlsym›
I210827 07:06:26.010936 1 1@cli/start.go:528 ⋮ [-] 7  starting cockroach node
I210827 07:06:26.039223 67 server/config.go:568 ⋮ [n?] 8  1 storage engine‹› initialized
I210827 07:06:26.039274 67 server/config.go:571 ⋮ [n?] 9  ‹Pebble cache size: 128 MiB›
I210827 07:06:26.039298 67 server/config.go:571 ⋮ [n?] 10  ‹store 0: RocksDB, max size 0 B, max open file limit 10000›
I210827 07:06:26.043029 67 1@rpc/tls.go:271 ⋮ [n?] 11  server certificate addresses: ‹IP=; DNS=localhost,$(hostname); CN=node›
I210827 07:06:26.043095 67 1@rpc/tls.go:320 ⋮ [n?] 12  web UI certificate addresses: ‹IP=; DNS=localhost,$(hostname); CN=node›
I210827 07:06:26.079017 67 1@server/server.go:928 ⋮ [n?] 13  monitoring forward clock jumps based on server.clock.forward_jump_check_enabled
I210827 07:06:26.085816 162 1@server/server.go:1567 ⋮ [n?] 14  connecting to gossip network to verify cluster ID ‹"5827ea8c-8812-485f-adba-806836167e78"›
W210827 07:06:26.086715 67 2@gossip/gossip.go:1491 ⋮ [n?] 15  no incoming or outgoing connections
I210827 07:06:26.086777 67 gossip/gossip.go:402 ⋮ [n2] 16  NodeDescriptor set to ‹node_id:2 address:<network_field:"tcp" address_field:"localhost:26258" > attrs:<> locality:<> ServerVersion:<major_val:21 minor_val:1 patch:0 internal:0 > build_tag:"v21.1.7" started_at:1630047986086772700 cluster_name:"" sql_address:<network_field:"tcp" address_field:"localhost:26258" >›
I210827 07:06:26.087458 108 kv/kvserver/closedts/provider/provider.go:135 ⋮ [ct-closer] 17  disabling legacy closed-timestamp mechanism; the new one is enabled
I210827 07:06:26.088336 67 server/node.go:388 ⋮ [n2] 18  initialized store s2
I210827 07:06:26.088372 67 kv/kvserver/stores.go:250 ⋮ [n2] 19  read 1 node addresses from persistent storage
I210827 07:06:26.088965 67 server/node.go:465 ⋮ [n2] 20  started with engine type ‹2›
I210827 07:06:26.088984 67 server/node.go:467 ⋮ [n2] 21  started with attributes ‹[]›
I210827 07:06:26.089077 67 server/goroutinedumper/goroutinedumper.go:120 ⋮ [n2] 22  writing goroutine dumps to ‹C:\Users\nkele\Downloads\shark_hacks\node2\logs\goroutine_dump›
I210827 07:06:26.089130 67 server/heapprofiler/heapprofiler.go:49 ⋮ [n2] 23  writing go heap profiles to ‹C:\Users\nkele\Downloads\shark_hacks\node2\logs\heap_profiler› at least every 1h0m0s
I210827 07:06:26.089146 67 server/heapprofiler/cgoprofiler.go:53 ⋮ [n2] 24  to enable jmalloc profiling: "export MALLOC_CONF=prof:true" or "ln -s prof:true /etc/malloc.conf"
I210827 07:06:26.089157 67 server/heapprofiler/statsprofiler.go:54 ⋮ [n2] 25  writing memory stats to ‹C:\Users\nkele\Downloads\shark_hacks\node2\logs\heap_profiler› at last every 1h0m0s
I210827 07:06:26.089185 67 1@server/server.go:1697 ⋮ [n2] 26  starting https server at ‹127.0.0.1:8081› (use: ‹localhost:8081›)
I210827 07:06:26.089203 67 1@server/server.go:1704 ⋮ [n2] 27  starting grpc/postgres server at ‹127.0.0.1:26258›
I210827 07:06:26.089217 67 1@server/server.go:1705 ⋮ [n2] 28  advertising CockroachDB node at ‹localhost:26258›
I210827 07:06:26.402719 107 gossip/client.go:124 ⋮ [n2] 29  started gossip client to n0 (‹localhost:26257›)
I210827 07:06:26.403660 162 1@server/server.go:1570 ⋮ [n2] 30  node connected via gossip
I210827 07:06:26.748263 67 1@util/log/event_log.go:32 ⋮ [n2] 31 ={"Timestamp":1630047986748260200,"EventType":"node_restart","NodeID":2,"StartedAt":1630047986086772700,"LastUp":1630040244658214800}
I210827 07:06:26.748466 67 sql/sqlliveness/slinstance/slinstance.go:252 ⋮ [n2] 32  starting SQL liveness instance
I210827 07:06:26.748524 377 sql/temporary_schema.go:485 ⋮ [n2] 33  skipping temporary object cleanup run as it is not the leaseholder
I210827 07:06:26.748596 377 sql/temporary_schema.go:486 ⋮ [n2] 34  completed temporary object cleanup job
I210827 07:06:26.748666 377 sql/temporary_schema.go:610 ⋮ [n2] 35  temporary object cleaner next scheduled to run at 2021-08-27 07:36:26.748467 +0000 UTC
I210827 07:06:26.753431 67 server/server_sql.go:854 ⋮ [n2] 36  done ensuring all necessary startup migrations have run
I210827 07:06:26.753847 332 jobs/job_scheduler.go:360 ⋮ [n2] 37  waiting 4m0s before scheduled jobs daemon start
I210827 07:06:26.753924 67 1@server/server.go:2224 ⋮ [n2] 38  serving sql connections
I210827 07:06:26.755301 388 sql/sqlliveness/slstorage/slstorage.go:351 ⋮ [n2] 39  inserted sqlliveness session ‹1c4734330d454619a36445ef5685fe95›
I210827 07:06:26.755365 388 sql/sqlliveness/slinstance/slinstance.go:144 ⋮ [n2] 40  created new SQL liveness session ‹1c4734330d454619a36445ef5685fe95›
I210827 07:06:26.756773 67 1@cli/start.go:694 ⋮ [config] 41  clusterID: ‹5827ea8c-8812-485f-adba-806836167e78›
I210827 07:06:26.756842 67 1@cli/start.go:694 ⋮ [config] 42  nodeID: n2
I210827 07:06:26.756898 67 1@cli/start.go:704 ⋮ [-] 43  node startup completed:
I210827 07:06:26.756898 67 1@cli/start.go:704 ⋮ [-] 43 +CockroachDB node starting at 2021-08-27 07:06:26.7540053 +0000 UTC (took 0.8s)
I210827 07:06:26.756898 67 1@cli/start.go:704 ⋮ [-] 43 +build:               CCL v21.1.7 @ 2021/08/09 18:01:51 (go1.15.14)
I210827 07:06:26.756898 67 1@cli/start.go:704 ⋮ [-] 43 +webui:               ‹https://localhost:8081›
I210827 07:06:26.756898 67 1@cli/start.go:704 ⋮ [-] 43 +sql:                 ‹postgresql://root@localhost:26258?sslcert=certs%5Cclient.root.crt&sslkey=certs%5Cclient.root.key&sslmode=verify-full&sslrootcert=certs%5Cca.crt›
I210827 07:06:26.756898 67 1@cli/start.go:704 ⋮ [-] 43 +RPC client flags:    ‹cockroach <client cmd> --host=localhost:26258 --certs-dir=certs›
I210827 07:06:26.756898 67 1@cli/start.go:704 ⋮ [-] 43 +logs:                ‹C:\Users\nkele\Downloads\shark_hacks\node2\logs›
I210827 07:06:26.756898 67 1@cli/start.go:704 ⋮ [-] 43 +temp dir:            ‹C:\Users\nkele\Downloads\shark_hacks\node2\cockroach-temp187536943›
I210827 07:06:26.756898 67 1@cli/start.go:704 ⋮ [-] 43 +external I/O path:   ‹C:\Users\nkele\Downloads\shark_hacks\node2\extern›
I210827 07:06:26.756898 67 1@cli/start.go:704 ⋮ [-] 43 +store[0]:            ‹path=C:\Users\nkele\Downloads\shark_hacks\node2›
I210827 07:06:26.756898 67 1@cli/start.go:704 ⋮ [-] 43 +storage engine:      pebble
I210827 07:06:26.756898 67 1@cli/start.go:704 ⋮ [-] 43 +status:              restarted pre-existing node
I210827 07:06:26.756898 67 1@cli/start.go:704 ⋮ [-] 43 +clusterID:           ‹5827ea8c-8812-485f-adba-806836167e78›
I210827 07:06:26.756898 67 1@cli/start.go:704 ⋮ [-] 43 +nodeID:              2
I210827 07:06:26.760446 334 server/auto_upgrade.go:55 ⋮ [n2] 44  no need to upgrade, cluster already at the newest version
I210827 07:06:28.141083 165 1@gossip/gossip.go:1505 ⋮ [n2] 45  node has connected to cluster via gossip
I210827 07:06:28.151401 165 kv/kvserver/stores.go:269 ⋮ [n2] 46  wrote 1 node addresses to persistent storage
W210827 07:06:36.090174 290 1@server/status/runtime.go:476 ⋮ [n2] 47  unable to get file descriptor usage (will not try again): ‹not implemented on windows›
I210827 07:06:36.106356 290 2@server/status/runtime.go:569 ⋮ [n2] 48  runtime stats: 98 MiB RSS, 272 goroutines (stacks: 3.8 MiB), 30 MiB/48 MiB Go alloc/total (heap fragmentation: 4.5 MiB, heap reserved: 288 KiB, heap released: 5.6 MiB), 418 KiB/1.5 MiB CGO alloc/total (0.0 CGO/sec), 0.0/0.0 %(u/s)time, 0.0 %gc (0x), 26 KiB/14 KiB (r/w)net
I210827 07:06:46.101073 290 2@server/status/runtime.go:569 ⋮ [n2] 49  runtime stats: 104 MiB RSS, 269 goroutines (stacks: 3.5 MiB), 24 MiB/56 MiB Go alloc/total (heap fragmentation: 7.3 MiB, heap reserved: 11 MiB, heap released: 6.0 MiB), 418 KiB/1.5 MiB CGO alloc/total (171.1 CGO/sec), 3.1/1.7 %(u/s)time, 0.0 %gc (0x), 62 KiB/32 KiB (r/w)net
I210827 07:06:46.102054 286 kv/kvserver/store.go:2674 ⋮ [n2,s2] 50  
I210827 07:06:46.102054 286 kv/kvserver/store.go:2674 ⋮ [n2,s2] 50 +__level_____count____size___score______in__ingest(sz_cnt)____move(sz_cnt)___write(sz_cnt)____read___r-amp___w-amp
I210827 07:06:46.102054 286 kv/kvserver/store.go:2674 ⋮ [n2,s2] 50 +    WAL         1   1.2 K       -   1.1 K       -       -       -       -   1.2 K       -       -       -     1.2
I210827 07:06:46.102054 286 kv/kvserver/store.go:2674 ⋮ [n2,s2] 50 +      0         0     0 B    0.00     0 B     0 B       0     0 B       0     0 B       0     0 B       0     0.0
I210827 07:06:46.102054 286 kv/kvserver/store.go:2674 ⋮ [n2,s2] 50 +      1         0     0 B    0.00     0 B     0 B       0     0 B       0     0 B       0     0 B       0     0.0
I210827 07:06:46.102054 286 kv/kvserver/store.go:2674 ⋮ [n2,s2] 50 +      2         0     0 B    0.00     0 B     0 B       0     0 B       0     0 B       0     0 B       0     0.0
I210827 07:06:46.102054 286 kv/kvserver/store.go:2674 ⋮ [n2,s2] 50 +      3         0     0 B    0.00     0 B     0 B       0     0 B       0     0 B       0     0 B       0     0.0
I210827 07:06:46.102054 286 kv/kvserver/store.go:2674 ⋮ [n2,s2] 50 +      4         0     0 B    0.00     0 B     0 B       0     0 B       0     0 B       0     0 B       0     0.0
I210827 07:06:46.102054 286 kv/kvserver/store.go:2674 ⋮ [n2,s2] 50 +      5         0     0 B    0.00     0 B     0 B       0     0 B       0     0 B       0     0 B       0     0.0
I210827 07:06:46.102054 286 kv/kvserver/store.go:2674 ⋮ [n2,s2] 50 +      6         1   1.4 K       -     0 B     0 B       0   1.4 K       1     0 B       0     0 B       1     0.0
I210827 07:06:46.102054 286 kv/kvserver/store.go:2674 ⋮ [n2,s2] 50 +  total         1   1.4 K       -   1.2 K     0 B       0   1.4 K       1   1.2 K       0     0 B       1     1.0
I210827 07:06:46.102054 286 kv/kvserver/store.go:2674 ⋮ [n2,s2] 50 +  flush         0
I210827 07:06:46.102054 286 kv/kvserver/store.go:2674 ⋮ [n2,s2] 50 +compact         1     0 B           1.4 K  (size == estimated-debt, in = in-progress-bytes)
I210827 07:06:46.102054 286 kv/kvserver/store.go:2674 ⋮ [n2,s2] 50 + memtbl         1   256 K
I210827 07:06:46.102054 286 kv/kvserver/store.go:2674 ⋮ [n2,s2] 50 +zmemtbl         0     0 B
I210827 07:06:46.102054 286 kv/kvserver/store.go:2674 ⋮ [n2,s2] 50 +   ztbl         0     0 B
I210827 07:06:46.102054 286 kv/kvserver/store.go:2674 ⋮ [n2,s2] 50 + bcache         5   1.4 K   83.9%  (score == hit-rate)
I210827 07:06:46.102054 286 kv/kvserver/store.go:2674 ⋮ [n2,s2] 50 + tcache         1   616 B   90.9%  (score == hit-rate)
I210827 07:06:46.102054 286 kv/kvserver/store.go:2674 ⋮ [n2,s2] 50 + titers         0
I210827 07:06:46.102054 286 kv/kvserver/store.go:2674 ⋮ [n2,s2] 50 + filter         -       -   30.0%  (score == utility)
I210827 07:06:56.107763 290 2@server/status/runtime.go:569 ⋮ [n2] 51  runtime stats: 106 MiB RSS, 269 goroutines (stacks: 3.6 MiB), 31 MiB/56 MiB Go alloc/total (heap fragmentation: 5.0 MiB, heap reserved: 6.9 MiB, heap released: 5.9 MiB), 418 KiB/1.5 MiB CGO alloc/total (153.9 CGO/sec), 1.9/1.1 %(u/s)time, 0.0 %gc (0x), 12 KiB/79 KiB (r/w)net
I210827 07:07:06.111006 290 2@server/status/runtime.go:569 ⋮ [n2] 52  runtime stats: 107 MiB RSS, 270 goroutines (stacks: 3.6 MiB), 20 MiB/56 MiB Go alloc/total (heap fragmentation: 8.5 MiB, heap reserved: 14 MiB, heap released: 6.3 MiB), 418 KiB/1.5 MiB CGO alloc/total (197.6 CGO/sec), 2.2/0.6 %(u/s)time, 0.0 %gc (0x), 3.2 KiB/7.6 KiB (r/w)net
I210827 07:07:16.105700 290 2@server/status/runtime.go:569 ⋮ [n2] 53  runtime stats: 108 MiB RSS, 273 goroutines (stacks: 4.1 MiB), 27 MiB/56 MiB Go alloc/total (heap fragmentation: 5.9 MiB, heap reserved: 8.9 MiB, heap released: 6.2 MiB), 418 KiB/1.5 MiB CGO alloc/total (155.0 CGO/sec), 0.6/0.6 %(u/s)time, 0.0 %gc (0x), 2.4 KiB/3.5 KiB (r/w)net
I210827 07:07:26.089239 287 2@gossip/gossip.go:567 ⋮ [n2] 54  gossip status (ok, 2 node‹s›)
I210827 07:07:26.089239 287 2@gossip/gossip.go:567 ⋮ [n2] 54 +gossip client (1/3 cur/max conns)
I210827 07:07:26.089239 287 2@gossip/gossip.go:567 ⋮ [n2] 54 +  1: ‹localhost:26257› (1m0s: infos 35/163 sent/received, bytes 5006B/38365B sent/received)
I210827 07:07:26.089239 287 2@gossip/gossip.go:567 ⋮ [n2] 54 +gossip server (0/3 cur/max conns, infos 35/163 sent/received, bytes 5006B/38365B sent/received)
I210827 07:07:26.089239 287 2@gossip/gossip.go:567 ⋮ [n2] 54 +gossip connectivity
I210827 07:07:26.089239 287 2@gossip/gossip.go:567 ⋮ [n2] 54 +  n1 [sentinel];
I210827 07:07:26.089239 287 2@gossip/gossip.go:567 ⋮ [n2] 54 +  n2 -> n1;
I210827 07:07:26.112879 290 2@server/status/runtime.go:569 ⋮ [n2] 55  runtime stats: 109 MiB RSS, 270 goroutines (stacks: 4.2 MiB), 34 MiB/56 MiB Go alloc/total (heap fragmentation: 4.3 MiB, heap reserved: 4.0 MiB, heap released: 5.8 MiB), 418 KiB/1.5 MiB CGO alloc/total (156.0 CGO/sec), 1.7/0.8 %(u/s)time, 0.0 %gc (0x), 2.9 KiB/7.0 KiB (r/w)net
I210827 07:07:36.109292 290 2@server/status/runtime.go:569 ⋮ [n2] 56  runtime stats: 110 MiB RSS, 269 goroutines (stacks: 4.1 MiB), 29 MiB/58 MiB Go alloc/total (heap fragmentation: 6.0 MiB, heap reserved: 9.0 MiB, heap released: 4.2 MiB), 418 KiB/1.5 MiB CGO alloc/total (225.6 CGO/sec), 1.7/0.8 %(u/s)time, 0.0 %gc (0x), 115 KiB/14 KiB (r/w)net
I210827 07:07:46.109159 290 2@server/status/runtime.go:569 ⋮ [n2] 57  runtime stats: 110 MiB RSS, 269 goroutines (stacks: 4.0 MiB), 35 MiB/58 MiB Go alloc/total (heap fragmentation: 4.0 MiB, heap reserved: 4.3 MiB, heap released: 4.2 MiB), 418 KiB/1.5 MiB CGO alloc/total (158.1 CGO/sec), 1.6/0.9 %(u/s)time, 0.0 %gc (0x), 3.4 KiB/4.9 KiB (r/w)net
I210827 07:07:56.110291 290 2@server/status/runtime.go:569 ⋮ [n2] 58  runtime stats: 112 MiB RSS, 269 goroutines (stacks: 4.3 MiB), 26 MiB/59 MiB Go alloc/total (heap fragmentation: 6.7 MiB, heap reserved: 12 MiB, heap released: 3.3 MiB), 418 KiB/1.5 MiB CGO alloc/total (174.8 CGO/sec), 2.5/1.4 %(u/s)time, 0.0 %gc (0x), 7.4 KiB/6.5 KiB (r/w)net
I210827 07:08:06.109495 290 2@server/status/runtime.go:569 ⋮ [n2] 59  runtime stats: 112 MiB RSS, 270 goroutines (stacks: 4.3 MiB), 33 MiB/59 MiB Go alloc/total (heap fragmentation: 4.3 MiB, heap reserved: 7.0 MiB, heap released: 3.2 MiB), 418 KiB/1.5 MiB CGO alloc/total (175.8 CGO/sec), 1.7/1.1 %(u/s)time, 0.0 %gc (0x), 3.4 KiB/3.7 KiB (r/w)net
I210827 07:08:16.114449 290 2@server/status/runtime.go:569 ⋮ [n2] 60  runtime stats: 113 MiB RSS, 270 goroutines (stacks: 4.0 MiB), 22 MiB/60 MiB Go alloc/total (heap fragmentation: 7.9 MiB, heap reserved: 15 MiB, heap released: 2.6 MiB), 418 KiB/1.5 MiB CGO alloc/total (156.3 CGO/sec), 2.5/0.5 %(u/s)time, 0.0 %gc (0x), 49 KiB/36 KiB (r/w)net
I210827 07:08:26.110363 287 2@gossip/gossip.go:567 ⋮ [n2] 61  gossip status (ok, 2 node‹s›)
I210827 07:08:26.110363 287 2@gossip/gossip.go:567 ⋮ [n2] 61 +gossip client (1/3 cur/max conns)
I210827 07:08:26.110363 287 2@gossip/gossip.go:567 ⋮ [n2] 61 +  1: ‹localhost:26257› (2m0s: infos 66/304 sent/received, bytes 9527B/54107B sent/received)
I210827 07:08:26.110363 287 2@gossip/gossip.go:567 ⋮ [n2] 61 +gossip server (0/3 cur/max conns, infos 66/304 sent/received, bytes 9527B/54107B sent/received)
I210827 07:08:26.115671 290 2@server/status/runtime.go:569 ⋮ [n2] 62  runtime stats: 113 MiB RSS, 270 goroutines (stacks: 4.3 MiB), 29 MiB/60 MiB Go alloc/total (heap fragmentation: 5.3 MiB, heap reserved: 11 MiB, heap released: 2.6 MiB), 418 KiB/1.5 MiB CGO alloc/total (160.1 CGO/sec), 0.5/0.6 %(u/s)time, 0.0 %gc (0x), 787 KiB/125 KiB (r/w)net
I210827 07:08:36.104396 290 2@server/status/runtime.go:569 ⋮ [n2] 63  runtime stats: 113 MiB RSS, 269 goroutines (stacks: 4.3 MiB), 36 MiB/60 MiB Go alloc/total (heap fragmentation: 3.7 MiB, heap reserved: 5.1 MiB, heap released: 2.6 MiB), 418 KiB/1.5 MiB CGO alloc/total (199.8 CGO/sec), 1.1/0.9 %(u/s)time, 0.0 %gc (0x), 134 KiB/21 KiB (r/w)net
I210827 07:08:46.104693 290 2@server/status/runtime.go:569 ⋮ [n2] 64  runtime stats: 113 MiB RSS, 269 goroutines (stacks: 4.4 MiB), 30 MiB/60 MiB Go alloc/total (heap fragmentation: 6.4 MiB, heap reserved: 9.0 MiB, heap released: 2.6 MiB), 419 KiB/1.5 MiB CGO alloc/total (177.0 CGO/sec), 1.2/0.9 %(u/s)time, 0.0 %gc (0x), 714 KiB/36 KiB (r/w)net
I210827 07:08:56.107261 290 2@server/status/runtime.go:569 ⋮ [n2] 65  runtime stats: 113 MiB RSS, 269 goroutines (stacks: 4.4 MiB), 37 MiB/60 MiB Go alloc/total (heap fragmentation: 4.2 MiB, heap reserved: 4.2 MiB, heap released: 2.6 MiB), 419 KiB/1.5 MiB CGO alloc/total (152.3 CGO/sec), 1.1/0.8 %(u/s)time, 0.0 %gc (0x), 414 KiB/36 KiB (r/w)net
I210827 07:09:06.113360 290 2@server/status/runtime.go:569 ⋮ [n2] 66  runtime stats: 114 MiB RSS, 270 goroutines (stacks: 4.1 MiB), 26 MiB/61 MiB Go alloc/total (heap fragmentation: 6.0 MiB, heap reserved: 14 MiB, heap released: 1.5 MiB), 419 KiB/1.5 MiB CGO alloc/total (194.8 CGO/sec), 1.7/1.1 %(u/s)time, 0.0 %gc (0x), 3.3 KiB/4.0 KiB (r/w)net
I210827 07:09:16.104834 290 2@server/status/runtime.go:569 ⋮ [n2] 67  runtime stats: 114 MiB RSS, 270 goroutines (stacks: 4.1 MiB), 33 MiB/61 MiB Go alloc/total (heap fragmentation: 4.2 MiB, heap reserved: 9.1 MiB, heap released: 1.5 MiB), 419 KiB/1.5 MiB CGO alloc/total (167.3 CGO/sec), 2.2/0.8 %(u/s)time, 0.0 %gc (0x), 253 KiB/22 KiB (r/w)net
I210827 07:09:26.089377 287 2@gossip/gossip.go:567 ⋮ [n2] 68  gossip status (ok, 2 node‹s›)
I210827 07:09:26.089377 287 2@gossip/gossip.go:567 ⋮ [n2] 68 +gossip client (1/3 cur/max conns)
I210827 07:09:26.089377 287 2@gossip/gossip.go:567 ⋮ [n2] 68 +  1: ‹localhost:26257› (3m0s: infos 97/449 sent/received, bytes 14048B/70235B sent/received)
I210827 07:09:26.089377 287 2@gossip/gossip.go:567 ⋮ [n2] 68 +gossip server (0/3 cur/max conns, infos 97/449 sent/received, bytes 14048B/70235B sent/received)
I210827 07:09:26.118715 290 2@server/status/runtime.go:569 ⋮ [n2] 69  runtime stats: 114 MiB RSS, 270 goroutines (stacks: 4.2 MiB), 22 MiB/60 MiB Go alloc/total (heap fragmentation: 8.0 MiB, heap reserved: 15 MiB, heap released: 2.7 MiB), 419 KiB/1.5 MiB CGO alloc/total (148.0 CGO/sec), 2.2/1.1 %(u/s)time, 0.0 %gc (0x), 123 KiB/13 KiB (r/w)net
I210827 07:09:36.116101 290 2@server/status/runtime.go:569 ⋮ [n2] 70  runtime stats: 114 MiB RSS, 269 goroutines (stacks: 4.4 MiB), 30 MiB/60 MiB Go alloc/total (heap fragmentation: 4.9 MiB, heap reserved: 10 MiB, heap released: 2.6 MiB), 419 KiB/1.5 MiB CGO alloc/total (192.0 CGO/sec), 2.7/2.0 %(u/s)time, 0.0 %gc (0x), 64 KiB/7.1 KiB (r/w)net
I210827 07:09:46.114684 290 2@server/status/runtime.go:569 ⋮ [n2] 71  runtime stats: 114 MiB RSS, 269 goroutines (stacks: 4.3 MiB), 37 MiB/60 MiB Go alloc/total (heap fragmentation: 3.7 MiB, heap reserved: 4.4 MiB, heap released: 2.6 MiB), 419 KiB/1.5 MiB CGO alloc/total (149.0 CGO/sec), 1.9/0.9 %(u/s)time, 0.0 %gc (0x), 380 KiB/34 KiB (r/w)net
I210827 07:09:56.115218 290 2@server/status/runtime.go:569 ⋮ [n2] 72  runtime stats: 114 MiB RSS, 269 goroutines (stacks: 4.0 MiB), 29 MiB/60 MiB Go alloc/total (heap fragmentation: 6.4 MiB, heap reserved: 10 MiB, heap released: 2.5 MiB), 419 KiB/1.5 MiB CGO alloc/total (177.3 CGO/sec), 1.7/1.2 %(u/s)time, 0.0 %gc (0x), 224 KiB/150 KiB (r/w)net
I210827 07:10:06.116287 290 2@server/status/runtime.go:569 ⋮ [n2] 73  runtime stats: 114 MiB RSS, 270 goroutines (stacks: 4.2 MiB), 36 MiB/60 MiB Go alloc/total (heap fragmentation: 4.0 MiB, heap reserved: 5.3 MiB, heap released: 2.5 MiB), 419 KiB/1.5 MiB CGO alloc/total (174.2 CGO/sec), 1.9/1.1 %(u/s)time, 0.0 %gc (0x), 3.1 KiB/4.1 KiB (r/w)net
I210827 07:10:16.106348 290 2@server/status/runtime.go:569 ⋮ [n2] 74  runtime stats: 113 MiB RSS, 270 goroutines (stacks: 4.3 MiB), 22 MiB/59 MiB Go alloc/total (heap fragmentation: 7.9 MiB, heap reserved: 15 MiB, heap released: 2.9 MiB), 419 KiB/1.5 MiB CGO alloc/total (160.3 CGO/sec), 1.9/1.7 %(u/s)time, 0.0 %gc (0x), 35 KiB/14 KiB (r/w)net
I210827 07:10:26.111217 287 2@gossip/gossip.go:567 ⋮ [n2] 75  gossip status (ok, 2 node‹s›)
I210827 07:10:26.111217 287 2@gossip/gossip.go:567 ⋮ [n2] 75 +gossip client (1/3 cur/max conns)
I210827 07:10:26.111217 287 2@gossip/gossip.go:567 ⋮ [n2] 75 +  1: ‹localhost:26257› (4m0s: infos 128/594 sent/received, bytes 18569B/86147B sent/received)
I210827 07:10:26.111217 287 2@gossip/gossip.go:567 ⋮ [n2] 75 +gossip server (0/3 cur/max conns, infos 128/594 sent/received, bytes 18569B/86147B sent/received)
I210827 07:10:26.115417 290 2@server/status/runtime.go:569 ⋮ [n2] 76  runtime stats: 113 MiB RSS, 270 goroutines (stacks: 4.5 MiB), 28 MiB/59 MiB Go alloc/total (heap fragmentation: 5.5 MiB, heap reserved: 11 MiB, heap released: 2.9 MiB), 419 KiB/1.5 MiB CGO alloc/total (146.9 CGO/sec), 1.1/0.9 %(u/s)time, 0.0 %gc (0x), 39 KiB/12 KiB (r/w)net
I210827 07:10:36.119867 290 2@server/status/runtime.go:569 ⋮ [n2] 77  runtime stats: 114 MiB RSS, 269 goroutines (stacks: 3.9 MiB), 20 MiB/59 MiB Go alloc/total (heap fragmentation: 9.1 MiB, heap reserved: 16 MiB, heap released: 2.7 MiB), 419 KiB/1.5 MiB CGO alloc/total (218.0 CGO/sec), 3.6/1.2 %(u/s)time, 0.0 %gc (0x), 2.3 KiB/2.8 KiB (r/w)net
I210827 07:10:46.118416 290 2@server/status/runtime.go:569 ⋮ [n2] 78  runtime stats: 114 MiB RSS, 269 goroutines (stacks: 4.2 MiB), 27 MiB/59 MiB Go alloc/total (heap fragmentation: 6.5 MiB, heap reserved: 12 MiB, heap released: 2.7 MiB), 419 KiB/1.5 MiB CGO alloc/total (153.5 CGO/sec), 1.1/0.8 %(u/s)time, 0.0 %gc (0x), 48 KiB/91 KiB (r/w)net
I210827 07:10:56.119682 290 2@server/status/runtime.go:569 ⋮ [n2] 79  runtime stats: 114 MiB RSS, 269 goroutines (stacks: 4.2 MiB), 34 MiB/59 MiB Go alloc/total (heap fragmentation: 4.5 MiB, heap reserved: 7.0 MiB, heap released: 2.7 MiB), 419 KiB/1.5 MiB CGO alloc/total (143.3 CGO/sec), 1.2/1.4 %(u/s)time, 0.0 %gc (0x), 2.7 KiB/4.0 KiB (r/w)net
I210827 07:11:06.120848 290 2@server/status/runtime.go:569 ⋮ [n2] 80  runtime stats: 115 MiB RSS, 270 goroutines (stacks: 4.3 MiB), 23 MiB/60 MiB Go alloc/total (heap fragmentation: 6.9 MiB, heap reserved: 16 MiB, heap released: 2.3 MiB), 419 KiB/1.5 MiB CGO alloc/total (178.1 CGO/sec), 1.2/0.8 %(u/s)time, 0.0 %gc (0x), 3.1 KiB/6.3 KiB (r/w)net
I210827 07:11:16.120741 290 2@server/status/runtime.go:569 ⋮ [n2] 81  runtime stats: 115 MiB RSS, 270 goroutines (stacks: 4.4 MiB), 30 MiB/60 MiB Go alloc/total (heap fragmentation: 4.7 MiB, heap reserved: 11 MiB, heap released: 2.3 MiB), 419 KiB/1.5 MiB CGO alloc/total (157.1 CGO/sec), 1.7/0.6 %(u/s)time, 0.0 %gc (0x), 2.4 KiB/3.2 KiB (r/w)net
I210827 07:11:26.088755 287 2@gossip/gossip.go:567 ⋮ [n2] 82  gossip status (ok, 2 node‹s›)
I210827 07:11:26.088755 287 2@gossip/gossip.go:567 ⋮ [n2] 82 +gossip client (1/3 cur/max conns)
I210827 07:11:26.088755 287 2@gossip/gossip.go:567 ⋮ [n2] 82 +  1: ‹localhost:26257› (5m0s: infos 159/735 sent/received, bytes 23090B/101637B sent/received)
I210827 07:11:26.088755 287 2@gossip/gossip.go:567 ⋮ [n2] 82 +gossip server (0/3 cur/max conns, infos 159/735 sent/received, bytes 23090B/101637B sent/received)
I210827 07:11:26.121615 290 2@server/status/runtime.go:569 ⋮ [n2] 83  runtime stats: 115 MiB RSS, 270 goroutines (stacks: 4.4 MiB), 37 MiB/60 MiB Go alloc/total (heap fragmentation: 3.7 MiB, heap reserved: 4.9 MiB, heap released: 2.3 MiB), 419 KiB/1.5 MiB CGO alloc/total (170.5 CGO/sec), 2.0/1.1 %(u/s)time, 0.0 %gc (0x), 2.5 KiB/3.4 KiB (r/w)net
I210827 07:11:36.120883 290 2@server/status/runtime.go:569 ⋮ [n2] 84  runtime stats: 115 MiB RSS, 269 goroutines (stacks: 4.3 MiB), 27 MiB/60 MiB Go alloc/total (heap fragmentation: 6.2 MiB, heap reserved: 13 MiB, heap released: 2.3 MiB), 419 KiB/1.5 MiB CGO alloc/total (190.7 CGO/sec), 3.6/0.9 %(u/s)time, 0.0 %gc (0x), 2.6 KiB/2.7 KiB (r/w)net
I210827 07:11:46.121521 290 2@server/status/runtime.go:569 ⋮ [n2] 85  runtime stats: 115 MiB RSS, 269 goroutines (stacks: 4.2 MiB), 34 MiB/60 MiB Go alloc/total (heap fragmentation: 4.3 MiB, heap reserved: 7.6 MiB, heap released: 2.3 MiB), 419 KiB/1.5 MiB CGO alloc/total (158.1 CGO/sec), 0.8/0.8 %(u/s)time, 0.0 %gc (0x), 2.6 KiB/3.4 KiB (r/w)net
I210827 07:11:56.124086 290 2@server/status/runtime.go:569 ⋮ [n2] 86  runtime stats: 114 MiB RSS, 269 goroutines (stacks: 4.2 MiB), 22 MiB/59 MiB Go alloc/total (heap fragmentation: 7.9 MiB, heap reserved: 14 MiB, heap released: 3.1 MiB), 419 KiB/1.5 MiB CGO alloc/total (159.2 CGO/sec), 0.9/1.1 %(u/s)time, 0.0 %gc (0x), 2.7 KiB/3.4 KiB (r/w)net
I210827 07:12:06.121971 290 2@server/status/runtime.go:569 ⋮ [n2] 87  runtime stats: 114 MiB RSS, 270 goroutines (stacks: 4.4 MiB), 30 MiB/59 MiB Go alloc/total (heap fragmentation: 5.0 MiB, heap reserved: 9.7 MiB, heap released: 3.1 MiB), 419 KiB/1.5 MiB CGO alloc/total (165.7 CGO/sec), 0.9/0.8 %(u/s)time, 0.0 %gc (0x), 3.8 KiB/3.7 KiB (r/w)net
I210827 07:12:16.122888 290 2@server/status/runtime.go:569 ⋮ [n2] 88  runtime stats: 114 MiB RSS, 270 goroutines (stacks: 4.4 MiB), 36 MiB/59 MiB Go alloc/total (heap fragmentation: 3.8 MiB, heap reserved: 4.4 MiB, heap released: 3.1 MiB), 419 KiB/1.5 MiB CGO alloc/total (153.0 CGO/sec), 2.0/0.9 %(u/s)time, 0.0 %gc (0x), 2.7 KiB/3.6 KiB (r/w)net
I210827 07:12:26.119446 287 2@gossip/gossip.go:567 ⋮ [n2] 89  gossip status (ok, 2 node‹s›)
I210827 07:12:26.119446 287 2@gossip/gossip.go:567 ⋮ [n2] 89 +gossip client (1/3 cur/max conns)
I210827 07:12:26.119446 287 2@gossip/gossip.go:567 ⋮ [n2] 89 +  1: ‹localhost:26257› (6m0s: infos 190/881 sent/received, bytes 27611B/117734B sent/received)
I210827 07:12:26.119446 287 2@gossip/gossip.go:567 ⋮ [n2] 89 +gossip server (0/3 cur/max conns, infos 190/881 sent/received, bytes 27611B/117734B sent/received)
I210827 07:12:26.125576 290 2@server/status/runtime.go:569 ⋮ [n2] 90  runtime stats: 114 MiB RSS, 270 goroutines (stacks: 4.0 MiB), 25 MiB/59 MiB Go alloc/total (heap fragmentation: 7.0 MiB, heap reserved: 12 MiB, heap released: 3.1 MiB), 419 KiB/1.5 MiB CGO alloc/total (154.4 CGO/sec), 1.6/0.8 %(u/s)time, 0.0 %gc (0x), 2.7 KiB/3.3 KiB (r/w)net
I210827 07:12:36.125600 290 2@server/status/runtime.go:569 ⋮ [n2] 91  runtime stats: 114 MiB RSS, 269 goroutines (stacks: 4.2 MiB), 34 MiB/59 MiB Go alloc/total (heap fragmentation: 4.1 MiB, heap reserved: 6.6 MiB, heap released: 3.1 MiB), 419 KiB/1.5 MiB CGO alloc/total (203.0 CGO/sec), 1.7/1.9 %(u/s)time, 0.0 %gc (0x), 3.3 KiB/5.9 KiB (r/w)net
I210827 07:12:46.127151 290 2@server/status/runtime.go:569 ⋮ [n2] 92  runtime stats: 114 MiB RSS, 269 goroutines (stacks: 4.2 MiB), 22 MiB/59 MiB Go alloc/total (heap fragmentation: 8.1 MiB, heap reserved: 14 MiB, heap released: 2.9 MiB), 419 KiB/1.5 MiB CGO alloc/total (152.3 CGO/sec), 1.6/1.1 %(u/s)time, 0.0 %gc (0x), 2.7 KiB/4.0 KiB (r/w)net
I210827 07:12:56.124290 290 2@server/status/runtime.go:569 ⋮ [n2] 93  runtime stats: 115 MiB RSS, 269 goroutines (stacks: 4.3 MiB), 29 MiB/59 MiB Go alloc/total (heap fragmentation: 5.6 MiB, heap reserved: 9.8 MiB, heap released: 2.9 MiB), 419 KiB/1.5 MiB CGO alloc/total (151.9 CGO/sec), 0.9/1.3 %(u/s)time, 0.0 %gc (0x), 2.6 KiB/3.5 KiB (r/w)net
I210827 07:13:06.126326 290 2@server/status/runtime.go:569 ⋮ [n2] 94  runtime stats: 115 MiB RSS, 270 goroutines (stacks: 4.4 MiB), 37 MiB/60 MiB Go alloc/total (heap fragmentation: 4.0 MiB, heap reserved: 4.4 MiB, heap released: 2.6 MiB), 419 KiB/1.5 MiB CGO alloc/total (167.3 CGO/sec), 1.9/1.4 %(u/s)time, 0.0 %gc (0x), 2.6 KiB/3.0 KiB (r/w)net
I210827 07:13:16.126448 290 2@server/status/runtime.go:569 ⋮ [n2] 95  runtime stats: 115 MiB RSS, 270 goroutines (stacks: 4.0 MiB), 27 MiB/60 MiB Go alloc/total (heap fragmentation: 6.8 MiB, heap reserved: 12 MiB, heap released: 2.6 MiB), 419 KiB/1.5 MiB CGO alloc/total (159.2 CGO/sec), 2.3/0.8 %(u/s)time, 0.0 %gc (0x), 2.4 KiB/3.4 KiB (r/w)net
I210827 07:13:26.115831 287 2@gossip/gossip.go:567 ⋮ [n2] 96  gossip status (ok, 2 node‹s›)
I210827 07:13:26.115831 287 2@gossip/gossip.go:567 ⋮ [n2] 96 +gossip client (1/3 cur/max conns)
I210827 07:13:26.115831 287 2@gossip/gossip.go:567 ⋮ [n2] 96 +  1: ‹localhost:26257› (7m0s: infos 221/1025 sent/received, bytes 32132B/133605B sent/received)
I210827 07:13:26.115831 287 2@gossip/gossip.go:567 ⋮ [n2] 96 +gossip server (0/3 cur/max conns, infos 221/1025 sent/received, bytes 32132B/133605B sent/received)
I210827 07:13:26.129884 290 2@server/status/runtime.go:569 ⋮ [n2] 97  runtime stats: 115 MiB RSS, 270 goroutines (stacks: 4.1 MiB), 33 MiB/60 MiB Go alloc/total (heap fragmentation: 4.6 MiB, heap reserved: 7.4 MiB, heap released: 2.6 MiB), 419 KiB/1.5 MiB CGO alloc/total (163.9 CGO/sec), 1.4/1.2 %(u/s)time, 0.0 %gc (0x), 2.6 KiB/3.3 KiB (r/w)net
I210827 07:13:36.125915 290 2@server/status/runtime.go:569 ⋮ [n2] 98  runtime stats: 115 MiB RSS, 269 goroutines (stacks: 4.3 MiB), 24 MiB/60 MiB Go alloc/total (heap fragmentation: 6.4 MiB, heap reserved: 15 MiB, heap released: 2.5 MiB), 419 KiB/1.5 MiB CGO alloc/total (191.4 CGO/sec), 2.8/1.3 %(u/s)time, 0.0 %gc (0x), 2.5 KiB/3.0 KiB (r/w)net
I210827 07:13:46.129619 290 2@server/status/runtime.go:569 ⋮ [n2] 99  runtime stats: 115 MiB RSS, 269 goroutines (stacks: 4.4 MiB), 31 MiB/60 MiB Go alloc/total (heap fragmentation: 4.5 MiB, heap reserved: 9.6 MiB, heap released: 2.5 MiB), 419 KiB/1.5 MiB CGO alloc/total (157.6 CGO/sec), 0.6/2.0 %(u/s)time, 0.0 %gc (0x), 3.1 KiB/3.6 KiB (r/w)net
I210827 07:13:56.122655 290 2@server/status/runtime.go:569 ⋮ [n2] 100  runtime stats: 115 MiB RSS, 269 goroutines (stacks: 3.8 MiB), 20 MiB/60 MiB Go alloc/total (heap fragmentation: 8.6 MiB, heap reserved: 17 MiB, heap released: 2.5 MiB), 419 KiB/1.5 MiB CGO alloc/total (157.0 CGO/sec), 3.4/1.6 %(u/s)time, 0.0 %gc (0x), 3.1 KiB/6.4 KiB (r/w)net
I210827 07:14:06.118515 290 2@server/status/runtime.go:569 ⋮ [n2] 101  runtime stats: 115 MiB RSS, 270 goroutines (stacks: 4.0 MiB), 28 MiB/60 MiB Go alloc/total (heap fragmentation: 5.6 MiB, heap reserved: 12 MiB, heap released: 2.5 MiB), 419 KiB/1.5 MiB CGO alloc/total (174.0 CGO/sec), 0.9/0.8 %(u/s)time, 0.0 %gc (0x), 73 KiB/63 KiB (r/w)net
I210827 07:14:16.131133 290 2@server/status/runtime.go:569 ⋮ [n2] 102  runtime stats: 115 MiB RSS, 270 goroutines (stacks: 4.1 MiB), 34 MiB/60 MiB Go alloc/total (heap fragmentation: 4.0 MiB, heap reserved: 6.9 MiB, heap released: 2.5 MiB), 419 KiB/1.5 MiB CGO alloc/total (157.7 CGO/sec), 1.4/0.5 %(u/s)time, 0.0 %gc (0x), 1.8 MiB/112 KiB (r/w)net
I210827 07:14:26.103090 287 2@gossip/gossip.go:567 ⋮ [n2] 103  gossip status (ok, 2 node‹s›)
I210827 07:14:26.103090 287 2@gossip/gossip.go:567 ⋮ [n2] 103 +gossip client (1/3 cur/max conns)
I210827 07:14:26.103090 287 2@gossip/gossip.go:567 ⋮ [n2] 103 +  1: ‹localhost:26257› (8m0s: infos 252/1166 sent/received, bytes 36653B/149239B sent/received)
I210827 07:14:26.103090 287 2@gossip/gossip.go:567 ⋮ [n2] 103 +gossip server (0/3 cur/max conns, infos 252/1166 sent/received, bytes 36653B/149239B sent/received)
I210827 07:14:26.124286 290 2@server/status/runtime.go:569 ⋮ [n2] 104  runtime stats: 115 MiB RSS, 270 goroutines (stacks: 4.3 MiB), 24 MiB/60 MiB Go alloc/total (heap fragmentation: 7.3 MiB, heap reserved: 14 MiB, heap released: 2.5 MiB), 419 KiB/1.5 MiB CGO alloc/total (172.6 CGO/sec), 2.0/1.1 %(u/s)time, 0.0 %gc (0x), 125 KiB/16 KiB (r/w)net
I210827 07:14:36.132669 290 2@server/status/runtime.go:569 ⋮ [n2] 105  runtime stats: 115 MiB RSS, 269 goroutines (stacks: 4.4 MiB), 32 MiB/60 MiB Go alloc/total (heap fragmentation: 4.3 MiB, heap reserved: 8.8 MiB, heap released: 2.5 MiB), 419 KiB/1.5 MiB CGO alloc/total (187.5 CGO/sec), 3.1/0.6 %(u/s)time, 0.0 %gc (0x), 111 KiB/9.5 KiB (r/w)net
I210827 07:14:46.132805 290 2@server/status/runtime.go:569 ⋮ [n2] 106  runtime stats: 115 MiB RSS, 269 goroutines (stacks: 4.4 MiB), 39 MiB/60 MiB Go alloc/total (heap fragmentation: 3.5 MiB, heap reserved: 2.7 MiB, heap released: 2.5 MiB), 419 KiB/1.5 MiB CGO alloc/total (160.2 CGO/sec), 1.6/1.1 %(u/s)time, 0.0 %gc (0x), 148 KiB/14 KiB (r/w)net
I210827 07:14:56.132834 290 2@server/status/runtime.go:569 ⋮ [n2] 107  runtime stats: 116 MiB RSS, 269 goroutines (stacks: 4.1 MiB), 29 MiB/61 MiB Go alloc/total (heap fragmentation: 6.7 MiB, heap reserved: 11 MiB, heap released: 1.6 MiB), 419 KiB/1.5 MiB CGO alloc/total (183.1 CGO/sec), 2.2/0.9 %(u/s)time, 0.0 %gc (0x), 2.4 KiB/3.6 KiB (r/w)net
I210827 07:15:06.127099 290 2@server/status/runtime.go:569 ⋮ [n2] 108  runtime stats: 116 MiB RSS, 270 goroutines (stacks: 4.2 MiB), 36 MiB/61 MiB Go alloc/total (heap fragmentation: 4.2 MiB, heap reserved: 6.0 MiB, heap released: 1.6 MiB), 419 KiB/1.5 MiB CGO alloc/total (171.1 CGO/sec), 2.3/0.8 %(u/s)time, 0.0 %gc (0x), 64 KiB/9.4 KiB (r/w)net
I210827 07:15:16.126961 290 2@server/status/runtime.go:569 ⋮ [n2] 109  runtime stats: 116 MiB RSS, 270 goroutines (stacks: 4.5 MiB), 24 MiB/61 MiB Go alloc/total (heap fragmentation: 7.3 MiB, heap reserved: 15 MiB, heap released: 1.4 MiB), 419 KiB/1.5 MiB CGO alloc/total (158.7 CGO/sec), 1.9/0.8 %(u/s)time, 0.0 %gc (0x), 1.1 MiB/94 KiB (r/w)net
I210827 07:15:26.089166 287 2@gossip/gossip.go:567 ⋮ [n2] 110  gossip status (ok, 2 node‹s›)
I210827 07:15:26.089166 287 2@gossip/gossip.go:567 ⋮ [n2] 110 +gossip client (1/3 cur/max conns)
I210827 07:15:26.089166 287 2@gossip/gossip.go:567 ⋮ [n2] 110 +  1: ‹localhost:26257› (9m0s: infos 283/1311 sent/received, bytes 41174B/165367B sent/received)
I210827 07:15:26.089166 287 2@gossip/gossip.go:567 ⋮ [n2] 110 +gossip server (0/3 cur/max conns, infos 283/1311 sent/received, bytes 41174B/165367B sent/received)
I210827 07:15:26.128042 290 2@server/status/runtime.go:569 ⋮ [n2] 111  runtime stats: 116 MiB RSS, 270 goroutines (stacks: 4.6 MiB), 31 MiB/61 MiB Go alloc/total (heap fragmentation: 5.0 MiB, heap reserved: 10 MiB, heap released: 1.4 MiB), 419 KiB/1.5 MiB CGO alloc/total (177.4 CGO/sec), 1.1/0.9 %(u/s)time, 0.0 %gc (0x), 151 KiB/17 KiB (r/w)net
I210827 07:15:36.135531 290 2@server/status/runtime.go:569 ⋮ [n2] 112  runtime stats: 114 MiB RSS, 269 goroutines (stacks: 4.0 MiB), 22 MiB/59 MiB Go alloc/total (heap fragmentation: 8.2 MiB, heap reserved: 14 MiB, heap released: 3.5 MiB), 419 KiB/1.5 MiB CGO alloc/total (183.8 CGO/sec), 2.8/0.6 %(u/s)time, 0.0 %gc (0x), 297 KiB/17 KiB (r/w)net
I210827 07:15:46.129777 290 2@server/status/runtime.go:569 ⋮ [n2] 113  runtime stats: 114 MiB RSS, 269 goroutines (stacks: 4.3 MiB), 29 MiB/59 MiB Go alloc/total (heap fragmentation: 5.7 MiB, heap reserved: 9.2 MiB, heap released: 3.5 MiB), 419 KiB/1.5 MiB CGO alloc/total (152.0 CGO/sec), 1.1/0.5 %(u/s)time, 0.0 %gc (0x), 856 KiB/65 KiB (r/w)net
I210827 07:15:56.138606 290 2@server/status/runtime.go:569 ⋮ [n2] 114  runtime stats: 114 MiB RSS, 269 goroutines (stacks: 4.3 MiB), 36 MiB/59 MiB Go alloc/total (heap fragmentation: 4.2 MiB, heap reserved: 4.2 MiB, heap released: 3.5 MiB), 419 KiB/1.5 MiB CGO alloc/total (150.7 CGO/sec), 1.1/0.8 %(u/s)time, 0.0 %gc (0x), 42 KiB/7.1 KiB (r/w)net
I210827 07:16:06.138064 290 2@server/status/runtime.go:569 ⋮ [n2] 115  runtime stats: 115 MiB RSS, 270 goroutines (stacks: 4.4 MiB), 25 MiB/59 MiB Go alloc/total (heap fragmentation: 6.4 MiB, heap reserved: 12 MiB, heap released: 3.2 MiB), 419 KiB/1.5 MiB CGO alloc/total (167.8 CGO/sec), 3.9/0.9 %(u/s)time, 0.0 %gc (0x), 3.0 KiB/4.7 KiB (r/w)net
I210827 07:16:16.138527 290 2@server/status/runtime.go:569 ⋮ [n2] 116  runtime stats: 115 MiB RSS, 270 goroutines (stacks: 4.6 MiB), 32 MiB/59 MiB Go alloc/total (heap fragmentation: 4.4 MiB, heap reserved: 7.8 MiB, heap released: 3.2 MiB), 419 KiB/1.5 MiB CGO alloc/total (154.7 CGO/sec), 2.0/0.9 %(u/s)time, 0.0 %gc (0x), 340 KiB/27 KiB (r/w)net
I210827 07:16:26.089154 287 2@gossip/gossip.go:567 ⋮ [n2] 117  gossip status (ok, 2 node‹s›)
I210827 07:16:26.089154 287 2@gossip/gossip.go:567 ⋮ [n2] 117 +gossip client (1/3 cur/max conns)
I210827 07:16:26.089154 287 2@gossip/gossip.go:567 ⋮ [n2] 117 +  1: ‹localhost:26257› (10m0s: infos 314/1456 sent/received, bytes 45695B/181315B sent/received)
I210827 07:16:26.089154 287 2@gossip/gossip.go:567 ⋮ [n2] 117 +gossip server (0/3 cur/max conns, infos 314/1456 sent/received, bytes 45695B/181315B sent/received)
I210827 07:16:26.139656 290 2@server/status/runtime.go:569 ⋮ [n2] 118  runtime stats: 115 MiB RSS, 270 goroutines (stacks: 3.9 MiB), 22 MiB/59 MiB Go alloc/total (heap fragmentation: 9.6 MiB, heap reserved: 14 MiB, heap released: 3.2 MiB), 419 KiB/1.5 MiB CGO alloc/total (171.4 CGO/sec), 3.1/1.6 %(u/s)time, 0.0 %gc (0x), 9.2 KiB/134 KiB (r/w)net
I210827 07:16:36.132848 290 2@server/status/runtime.go:569 ⋮ [n2] 119  runtime stats: 115 MiB RSS, 269 goroutines (stacks: 4.3 MiB), 29 MiB/59 MiB Go alloc/total (heap fragmentation: 5.9 MiB, heap reserved: 9.3 MiB, heap released: 3.2 MiB), 419 KiB/1.5 MiB CGO alloc/total (183.0 CGO/sec), 1.3/0.5 %(u/s)time, 0.0 %gc (0x), 2.5 KiB/3.0 KiB (r/w)net
I210827 07:16:46.102337 286 kv/kvserver/store.go:2674 ⋮ [n2,s2] 120  
I210827 07:16:46.102337 286 kv/kvserver/store.go:2674 ⋮ [n2,s2] 120 +__level_____count____size___score______in__ingest(sz_cnt)____move(sz_cnt)___write(sz_cnt)____read___r-amp___w-amp
I210827 07:16:46.102337 286 kv/kvserver/store.go:2674 ⋮ [n2,s2] 120 +    WAL         1    12 K       -   9.5 K       -       -       -       -    12 K       -       -       -     1.3
I210827 07:16:46.102337 286 kv/kvserver/store.go:2674 ⋮ [n2,s2] 120 +      0         0     0 B    0.00     0 B     0 B       0     0 B       0     0 B       0     0 B       0     0.0
I210827 07:16:46.102337 286 kv/kvserver/store.go:2674 ⋮ [n2,s2] 120 +      1         0     0 B    0.00     0 B     0 B       0     0 B       0     0 B       0     0 B       0     0.0
I210827 07:16:46.102337 286 kv/kvserver/store.go:2674 ⋮ [n2,s2] 120 +      2         0     0 B    0.00     0 B     0 B       0     0 B       0     0 B       0     0 B       0     0.0
I210827 07:16:46.102337 286 kv/kvserver/store.go:2674 ⋮ [n2,s2] 120 +      3         0     0 B    0.00     0 B     0 B       0     0 B       0     0 B       0     0 B       0     0.0
I210827 07:16:46.102337 286 kv/kvserver/store.go:2674 ⋮ [n2,s2] 120 +      4         0     0 B    0.00     0 B     0 B       0     0 B       0     0 B       0     0 B       0     0.0
I210827 07:16:46.102337 286 kv/kvserver/store.go:2674 ⋮ [n2,s2] 120 +      5         0     0 B    0.00     0 B     0 B       0     0 B       0     0 B       0     0 B       0     0.0
I210827 07:16:46.102337 286 kv/kvserver/store.go:2674 ⋮ [n2,s2] 120 +      6         1   1.4 K       -     0 B     0 B       0   1.4 K       1     0 B       0     0 B       1     0.0
I210827 07:16:46.102337 286 kv/kvserver/store.go:2674 ⋮ [n2,s2] 120 +  total         1   1.4 K       -    12 K     0 B       0   1.4 K       1    12 K       0     0 B       1     1.0
I210827 07:16:46.102337 286 kv/kvserver/store.go:2674 ⋮ [n2,s2] 120 +  flush         0
I210827 07:16:46.102337 286 kv/kvserver/store.go:2674 ⋮ [n2,s2] 120 +compact         1     0 B           1.4 K  (size == estimated-debt, in = in-progress-bytes)
I210827 07:16:46.102337 286 kv/kvserver/store.go:2674 ⋮ [n2,s2] 120 + memtbl         1   256 K
I210827 07:16:46.102337 286 kv/kvserver/store.go:2674 ⋮ [n2,s2] 120 +zmemtbl         0     0 B
I210827 07:16:46.102337 286 kv/kvserver/store.go:2674 ⋮ [n2,s2] 120 +   ztbl         0     0 B
I210827 07:16:46.102337 286 kv/kvserver/store.go:2674 ⋮ [n2,s2] 120 + bcache         5   1.4 K   83.9%  (score == hit-rate)
I210827 07:16:46.102337 286 kv/kvserver/store.go:2674 ⋮ [n2,s2] 120 + tcache         1   616 B   90.9%  (score == hit-rate)
I210827 07:16:46.102337 286 kv/kvserver/store.go:2674 ⋮ [n2,s2] 120 + titers         0
I210827 07:16:46.102337 286 kv/kvserver/store.go:2674 ⋮ [n2,s2] 120 + filter         -       -   30.0%  (score == utility)
I210827 07:16:46.134832 290 2@server/status/runtime.go:569 ⋮ [n2] 121  runtime stats: 115 MiB RSS, 269 goroutines (stacks: 4.3 MiB), 36 MiB/59 MiB Go alloc/total (heap fragmentation: 4.2 MiB, heap reserved: 4.4 MiB, heap released: 3.2 MiB), 419 KiB/1.5 MiB CGO alloc/total (151.8 CGO/sec), 1.4/0.8 %(u/s)time, 0.0 %gc (0x), 3.2 KiB/6.0 KiB (r/w)net
I210827 07:16:56.143453 290 2@server/status/runtime.go:569 ⋮ [n2] 122  runtime stats: 115 MiB RSS, 269 goroutines (stacks: 4.5 MiB), 24 MiB/59 MiB Go alloc/total (heap fragmentation: 6.8 MiB, heap reserved: 13 MiB, heap released: 3.2 MiB), 419 KiB/1.5 MiB CGO alloc/total (154.0 CGO/sec), 2.0/0.6 %(u/s)time, 0.0 %gc (0x), 2.2 KiB/3.3 KiB (r/w)net
I210827 07:17:06.142155 290 2@server/status/runtime.go:569 ⋮ [n2] 123  runtime stats: 115 MiB RSS, 270 goroutines (stacks: 4.5 MiB), 32 MiB/59 MiB Go alloc/total (heap fragmentation: 4.4 MiB, heap reserved: 8.4 MiB, heap released: 3.2 MiB), 419 KiB/1.5 MiB CGO alloc/total (167.3 CGO/sec), 2.2/0.8 %(u/s)time, 0.0 %gc (0x), 2.9 KiB/3.3 KiB (r/w)net
I210827 07:17:16.142383 290 2@server/status/runtime.go:569 ⋮ [n2] 124  runtime stats: 115 MiB RSS, 270 goroutines (stacks: 4.0 MiB), 21 MiB/59 MiB Go alloc/total (heap fragmentation: 9.0 MiB, heap reserved: 15 MiB, heap released: 3.2 MiB), 419 KiB/1.5 MiB CGO alloc/total (153.8 CGO/sec), 0.9/0.9 %(u/s)time, 0.0 %gc (0x), 3.9 KiB/4.9 KiB (r/w)net
I210827 07:17:26.116883 287 2@gossip/gossip.go:567 ⋮ [n2] 125  gossip status (ok, 2 node‹s›)
I210827 07:17:26.116883 287 2@gossip/gossip.go:567 ⋮ [n2] 125 +gossip client (1/3 cur/max conns)
I210827 07:17:26.116883 287 2@gossip/gossip.go:567 ⋮ [n2] 125 +  1: ‹localhost:26257› (11m0s: infos 345/1597 sent/received, bytes 50216B/196913B sent/received)
I210827 07:17:26.116883 287 2@gossip/gossip.go:567 ⋮ [n2] 125 +gossip server (0/3 cur/max conns, infos 345/1597 sent/received, bytes 50216B/196913B sent/received)
I210827 07:17:26.142676 290 2@server/status/runtime.go:569 ⋮ [n2] 126  runtime stats: 115 MiB RSS, 270 goroutines (stacks: 4.2 MiB), 28 MiB/59 MiB Go alloc/total (heap fragmentation: 6.4 MiB, heap reserved: 10 MiB, heap released: 3.2 MiB), 419 KiB/1.5 MiB CGO alloc/total (170.4 CGO/sec), 1.2/1.6 %(u/s)time, 0.0 %gc (0x), 3.2 KiB/3.8 KiB (r/w)net
I210827 07:17:36.145459 290 2@server/status/runtime.go:569 ⋮ [n2] 127  runtime stats: 115 MiB RSS, 269 goroutines (stacks: 4.3 MiB), 36 MiB/59 MiB Go alloc/total (heap fragmentation: 3.9 MiB, heap reserved: 4.9 MiB, heap released: 3.2 MiB), 419 KiB/1.5 MiB CGO alloc/total (179.8 CGO/sec), 1.7/0.5 %(u/s)time, 0.0 %gc (0x), 546 KiB/60 KiB (r/w)net
I210827 07:17:46.142965 290 2@server/status/runtime.go:569 ⋮ [n2] 128  runtime stats: 115 MiB RSS, 269 goroutines (stacks: 4.3 MiB), 25 MiB/59 MiB Go alloc/total (heap fragmentation: 7.0 MiB, heap reserved: 12 MiB, heap released: 3.2 MiB), 419 KiB/1.5 MiB CGO alloc/total (153.4 CGO/sec), 0.3/0.6 %(u/s)time, 0.0 %gc (0x), 4.2 KiB/4.7 KiB (r/w)net
I210827 07:17:56.143123 290 2@server/status/runtime.go:569 ⋮ [n2] 129  runtime stats: 115 MiB RSS, 269 goroutines (stacks: 4.4 MiB), 32 MiB/59 MiB Go alloc/total (heap fragmentation: 4.7 MiB, heap reserved: 8.2 MiB, heap released: 3.2 MiB), 419 KiB/1.5 MiB CGO alloc/total (152.6 CGO/sec), 1.6/1.4 %(u/s)time, 0.0 %gc (0x), 3.5 KiB/4.4 KiB (r/w)net
I210827 07:18:06.144832 290 2@server/status/runtime.go:569 ⋮ [n2] 130  runtime stats: 115 MiB RSS, 270 goroutines (stacks: 3.9 MiB), 21 MiB/59 MiB Go alloc/total (heap fragmentation: 9.3 MiB, heap reserved: 14 MiB, heap released: 3.2 MiB), 419 KiB/1.5 MiB CGO alloc/total (165.8 CGO/sec), 2.7/0.9 %(u/s)time, 0.0 %gc (0x), 4.0 KiB/6.8 KiB (r/w)net
I210827 07:18:16.150273 290 2@server/status/runtime.go:569 ⋮ [n2] 131  runtime stats: 115 MiB RSS, 270 goroutines (stacks: 4.2 MiB), 29 MiB/59 MiB Go alloc/total (heap fragmentation: 6.6 MiB, heap reserved: 9.4 MiB, heap released: 3.2 MiB), 419 KiB/1.5 MiB CGO alloc/total (154.0 CGO/sec), 1.9/1.2 %(u/s)time, 0.0 %gc (0x), 3.5 KiB/3.7 KiB (r/w)net
I210827 07:18:26.089130 287 2@gossip/gossip.go:567 ⋮ [n2] 132  gossip status (ok, 2 node‹s›)
I210827 07:18:26.089130 287 2@gossip/gossip.go:567 ⋮ [n2] 132 +gossip client (1/3 cur/max conns)
I210827 07:18:26.089130 287 2@gossip/gossip.go:567 ⋮ [n2] 132 +  1: ‹localhost:26257› (12m0s: infos 376/1742 sent/received, bytes 54737B/212825B sent/received)
I210827 07:18:26.089130 287 2@gossip/gossip.go:567 ⋮ [n2] 132 +gossip server (0/3 cur/max conns, infos 376/1742 sent/received, bytes 54737B/212825B sent/received)
I210827 07:18:26.145568 290 2@server/status/runtime.go:569 ⋮ [n2] 133  runtime stats: 115 MiB RSS, 270 goroutines (stacks: 4.2 MiB), 36 MiB/59 MiB Go alloc/total (heap fragmentation: 4.6 MiB, heap reserved: 4.3 MiB, heap released: 3.2 MiB), 419 KiB/1.5 MiB CGO alloc/total (173.0 CGO/sec), 1.9/1.3 %(u/s)time, 0.0 %gc (0x), 2.3 KiB/2.9 KiB (r/w)net
I210827 07:18:36.146234 290 2@server/status/runtime.go:569 ⋮ [n2] 134  runtime stats: 115 MiB RSS, 269 goroutines (stacks: 4.4 MiB), 27 MiB/59 MiB Go alloc/total (heap fragmentation: 5.9 MiB, heap reserved: 12 MiB, heap released: 3.0 MiB), 419 KiB/1.5 MiB CGO alloc/total (181.8 CGO/sec), 1.6/1.2 %(u/s)time, 0.0 %gc (0x), 3.6 KiB/3.8 KiB (r/w)net
I210827 07:18:46.148186 290 2@server/status/runtime.go:569 ⋮ [n2] 135  runtime stats: 115 MiB RSS, 269 goroutines (stacks: 4.5 MiB), 34 MiB/59 MiB Go alloc/total (heap fragmentation: 4.1 MiB, heap reserved: 6.6 MiB, heap released: 3.0 MiB), 419 KiB/1.5 MiB CGO alloc/total (153.6 CGO/sec), 2.2/0.8 %(u/s)time, 0.0 %gc (0x), 2.5 KiB/3.1 KiB (r/w)net
I210827 07:18:56.147475 290 2@server/status/runtime.go:569 ⋮ [n2] 136  runtime stats: 114 MiB RSS, 269 goroutines (stacks: 3.9 MiB), 20 MiB/58 MiB Go alloc/total (heap fragmentation: 8.9 MiB, heap reserved: 15 MiB, heap released: 3.9 MiB), 419 KiB/1.5 MiB CGO alloc/total (150.9 CGO/sec), 3.4/0.9 %(u/s)time, 0.0 %gc (0x), 2.3 KiB/2.9 KiB (r/w)net
I210827 07:19:06.152412 290 2@server/status/runtime.go:569 ⋮ [n2] 137  runtime stats: 114 MiB RSS, 270 goroutines (stacks: 4.2 MiB), 28 MiB/58 MiB Go alloc/total (heap fragmentation: 6.0 MiB, heap reserved: 10 MiB, heap released: 3.8 MiB), 419 KiB/1.5 MiB CGO alloc/total (168.4 CGO/sec), 1.7/1.2 %(u/s)time, 0.0 %gc (0x), 2.3 KiB/2.5 KiB (r/w)net
I210827 07:19:16.148362 290 2@server/status/runtime.go:569 ⋮ [n2] 138  runtime stats: 114 MiB RSS, 270 goroutines (stacks: 4.2 MiB), 35 MiB/58 MiB Go alloc/total (heap fragmentation: 4.2 MiB, heap reserved: 5.3 MiB, heap released: 3.8 MiB), 419 KiB/1.5 MiB CGO alloc/total (154.1 CGO/sec), 1.1/0.9 %(u/s)time, 0.0 %gc (0x), 3.8 KiB/4.4 KiB (r/w)net
I210827 07:19:26.115412 287 2@gossip/gossip.go:567 ⋮ [n2] 139  gossip status (ok, 2 node‹s›)
I210827 07:19:26.115412 287 2@gossip/gossip.go:567 ⋮ [n2] 139 +gossip client (1/3 cur/max conns)
I210827 07:19:26.115412 287 2@gossip/gossip.go:567 ⋮ [n2] 139 +  1: ‹localhost:26257› (13m0s: infos 408/1887 sent/received, bytes 59639B/228881B sent/received)
I210827 07:19:26.115412 287 2@gossip/gossip.go:567 ⋮ [n2] 139 +gossip server (0/3 cur/max conns, infos 408/1887 sent/received, bytes 59639B/228881B sent/received)
I210827 07:19:26.149924 290 2@server/status/runtime.go:569 ⋮ [n2] 140  runtime stats: 115 MiB RSS, 270 goroutines (stacks: 4.3 MiB), 25 MiB/59 MiB Go alloc/total (heap fragmentation: 7.3 MiB, heap reserved: 11 MiB, heap released: 3.6 MiB), 419 KiB/1.5 MiB CGO alloc/total (173.5 CGO/sec), 3.1/1.9 %(u/s)time, 0.0 %gc (0x), 4.1 KiB/8.4 KiB (r/w)net
I210827 07:19:36.151653 290 2@server/status/runtime.go:569 ⋮ [n2] 141  runtime stats: 115 MiB RSS, 269 goroutines (stacks: 4.4 MiB), 34 MiB/59 MiB Go alloc/total (heap fragmentation: 4.5 MiB, heap reserved: 6.0 MiB, heap released: 3.4 MiB), 419 KiB/1.5 MiB CGO alloc/total (176.7 CGO/sec), 1.9/1.4 %(u/s)time, 0.0 %gc (0x), 3.5 KiB/4.3 KiB (r/w)net
I210827 07:19:46.152165 290 2@server/status/runtime.go:569 ⋮ [n2] 142  runtime stats: 115 MiB RSS, 269 goroutines (stacks: 4.5 MiB), 40 MiB/59 MiB Go alloc/total (heap fragmentation: 3.4 MiB, heap reserved: 1.0 MiB, heap released: 2.8 MiB), 419 KiB/1.5 MiB CGO alloc/total (155.0 CGO/sec), 0.5/0.5 %(u/s)time, 0.0 %gc (0x), 9.8 KiB/7.7 KiB (r/w)net
I210827 07:19:56.152310 290 2@server/status/runtime.go:569 ⋮ [n2] 143  runtime stats: 117 MiB RSS, 269 goroutines (stacks: 4.1 MiB), 30 MiB/61 MiB Go alloc/total (heap fragmentation: 6.7 MiB, heap reserved: 10 MiB, heap released: 1.1 MiB), 419 KiB/1.5 MiB CGO alloc/total (183.3 CGO/sec), 3.6/1.4 %(u/s)time, 0.0 %gc (0x), 4.0 KiB/4.5 KiB (r/w)net
I210827 07:20:06.153291 290 2@server/status/runtime.go:569 ⋮ [n2] 144  runtime stats: 117 MiB RSS, 270 goroutines (stacks: 4.2 MiB), 38 MiB/61 MiB Go alloc/total (heap fragmentation: 4.3 MiB, heap reserved: 4.9 MiB, heap released: 1.1 MiB), 419 KiB/1.5 MiB CGO alloc/total (171.2 CGO/sec), 1.2/0.8 %(u/s)time, 0.0 %gc (0x), 2.6 KiB/2.8 KiB (r/w)net
I210827 07:20:16.155200 290 2@server/status/runtime.go:569 ⋮ [n2] 145  runtime stats: 118 MiB RSS, 270 goroutines (stacks: 4.3 MiB), 24 MiB/61 MiB Go alloc/total (heap fragmentation: 7.4 MiB, heap reserved: 16 MiB, heap released: 856 KiB), 419 KiB/1.5 MiB CGO alloc/total (156.9 CGO/sec), 4.1/1.1 %(u/s)time, 0.0 %gc (0x), 2.9 KiB/3.4 KiB (r/w)net
I210827 07:20:26.089000 287 2@gossip/gossip.go:567 ⋮ [n2] 146  gossip status (ok, 2 node‹s›)
I210827 07:20:26.089000 287 2@gossip/gossip.go:567 ⋮ [n2] 146 +gossip client (1/3 cur/max conns)
I210827 07:20:26.089000 287 2@gossip/gossip.go:567 ⋮ [n2] 146 +  1: ‹localhost:26257› (14m0s: infos 438/2028 sent/received, bytes 63779B/244443B sent/received)
I210827 07:20:26.089000 287 2@gossip/gossip.go:567 ⋮ [n2] 146 +gossip server (0/3 cur/max conns, infos 438/2028 sent/received, bytes 63779B/244443B sent/received)
I210827 07:20:26.157012 290 2@server/status/runtime.go:569 ⋮ [n2] 147  runtime stats: 118 MiB RSS, 270 goroutines (stacks: 4.4 MiB), 31 MiB/61 MiB Go alloc/total (heap fragmentation: 5.1 MiB, heap reserved: 11 MiB, heap released: 856 KiB), 419 KiB/1.5 MiB CGO alloc/total (172.9 CGO/sec), 2.0/0.8 %(u/s)time, 0.0 %gc (0x), 2.2 KiB/3.2 KiB (r/w)net
I210827 07:20:36.148456 290 2@server/status/runtime.go:569 ⋮ [n2] 148  runtime stats: 118 MiB RSS, 269 goroutines (stacks: 4.5 MiB), 39 MiB/61 MiB Go alloc/total (heap fragmentation: 3.6 MiB, heap reserved: 4.4 MiB, heap released: 856 KiB), 419 KiB/1.5 MiB CGO alloc/total (183.8 CGO/sec), 1.4/1.3 %(u/s)time, 0.0 %gc (0x), 2.4 KiB/2.5 KiB (r/w)net
I210827 07:20:46.157159 290 2@server/status/runtime.go:569 ⋮ [n2] 149  runtime stats: 118 MiB RSS, 269 goroutines (stacks: 4.2 MiB), 25 MiB/62 MiB Go alloc/total (heap fragmentation: 7.5 MiB, heap reserved: 15 MiB, heap released: 704 KiB), 419 KiB/1.5 MiB CGO alloc/total (159.3 CGO/sec), 1.4/0.8 %(u/s)time, 0.0 %gc (0x), 2.6 KiB/3.0 KiB (r/w)net
I210827 07:20:56.158317 290 2@server/status/runtime.go:569 ⋮ [n2] 150  runtime stats: 118 MiB RSS, 269 goroutines (stacks: 4.2 MiB), 32 MiB/62 MiB Go alloc/total (heap fragmentation: 5.2 MiB, heap reserved: 10 MiB, heap released: 704 KiB), 419 KiB/1.5 MiB CGO alloc/total (152.7 CGO/sec), 1.7/0.9 %(u/s)time, 0.0 %gc (0x), 2.8 KiB/5.9 KiB (r/w)net
I210827 07:21:06.158815 290 2@server/status/runtime.go:569 ⋮ [n2] 151  runtime stats: 115 MiB RSS, 270 goroutines (stacks: 4.3 MiB), 22 MiB/58 MiB Go alloc/total (heap fragmentation: 8.7 MiB, heap reserved: 14 MiB, heap released: 3.8 MiB), 419 KiB/1.5 MiB CGO alloc/total (169.3 CGO/sec), 1.2/1.1 %(u/s)time, 0.0 %gc (0x), 2.6 KiB/2.9 KiB (r/w)net
I210827 07:21:16.159718 290 2@server/status/runtime.go:569 ⋮ [n2] 152  runtime stats: 115 MiB RSS, 270 goroutines (stacks: 4.5 MiB), 29 MiB/58 MiB Go alloc/total (heap fragmentation: 6.1 MiB, heap reserved: 9.1 MiB, heap released: 3.8 MiB), 419 KiB/1.5 MiB CGO alloc/total (153.0 CGO/sec), 1.9/1.1 %(u/s)time, 0.0 %gc (0x), 2.5 KiB/3.0 KiB (r/w)net
I210827 07:21:26.114689 287 2@gossip/gossip.go:567 ⋮ [n2] 153  gossip status (ok, 2 node‹s›)
I210827 07:21:26.114689 287 2@gossip/gossip.go:567 ⋮ [n2] 153 +gossip client (1/3 cur/max conns)
I210827 07:21:26.114689 287 2@gossip/gossip.go:567 ⋮ [n2] 153 +  1: ‹localhost:26257› (15m0s: infos 469/2174 sent/received, bytes 68300B/260612B sent/received)
I210827 07:21:26.114689 287 2@gossip/gossip.go:567 ⋮ [n2] 153 +gossip server (0/3 cur/max conns, infos 469/2174 sent/received, bytes 68300B/260612B sent/received)
I210827 07:21:26.153401 290 2@server/status/runtime.go:569 ⋮ [n2] 154  runtime stats: 115 MiB RSS, 270 goroutines (stacks: 4.7 MiB), 35 MiB/58 MiB Go alloc/total (heap fragmentation: 4.3 MiB, heap reserved: 3.9 MiB, heap released: 3.8 MiB), 419 KiB/1.5 MiB CGO alloc/total (169.3 CGO/sec), 1.7/0.9 %(u/s)time, 0.0 %gc (0x), 2.4 KiB/3.0 KiB (r/w)net
I210827 07:21:36.159933 290 2@server/status/runtime.go:569 ⋮ [n2] 155  runtime stats: 115 MiB RSS, 269 goroutines (stacks: 4.6 MiB), 26 MiB/58 MiB Go alloc/total (heap fragmentation: 6.0 MiB, heap reserved: 11 MiB, heap released: 3.7 MiB), 419 KiB/1.5 MiB CGO alloc/total (174.1 CGO/sec), 3.1/0.3 %(u/s)time, 0.0 %gc (0x), 2.2 KiB/2.5 KiB (r/w)net
I210827 07:21:46.156099 290 2@server/status/runtime.go:569 ⋮ [n2] 156  runtime stats: 115 MiB RSS, 269 goroutines (stacks: 4.6 MiB), 33 MiB/58 MiB Go alloc/total (heap fragmentation: 4.2 MiB, heap reserved: 6.5 MiB, heap released: 3.7 MiB), 419 KiB/1.5 MiB CGO alloc/total (152.9 CGO/sec), 1.3/0.8 %(u/s)time, 0.0 %gc (0x), 2.5 KiB/3.0 KiB (r/w)net
I210827 07:21:56.161368 290 2@server/status/runtime.go:569 ⋮ [n2] 157  runtime stats: 115 MiB RSS, 269 goroutines (stacks: 4.6 MiB), 21 MiB/59 MiB Go alloc/total (heap fragmentation: 9.0 MiB, heap reserved: 14 MiB, heap released: 3.3 MiB), 419 KiB/1.5 MiB CGO alloc/total (148.5 CGO/sec), 2.2/0.6 %(u/s)time, 0.0 %gc (0x), 2.4 KiB/3.2 KiB (r/w)net
I210827 07:22:06.162339 290 2@server/status/runtime.go:569 ⋮ [n2] 158  runtime stats: 115 MiB RSS, 270 goroutines (stacks: 4.9 MiB), 29 MiB/59 MiB Go alloc/total (heap fragmentation: 6.0 MiB, heap reserved: 9.0 MiB, heap released: 3.3 MiB), 419 KiB/1.5 MiB CGO alloc/total (165.3 CGO/sec), 0.5/0.8 %(u/s)time, 0.0 %gc (0x), 2.6 KiB/2.7 KiB (r/w)net
I210827 07:22:16.162557 290 2@server/status/runtime.go:569 ⋮ [n2] 159  runtime stats: 115 MiB RSS, 270 goroutines (stacks: 4.9 MiB), 35 MiB/59 MiB Go alloc/total (heap fragmentation: 4.2 MiB, heap reserved: 4.2 MiB, heap released: 3.3 MiB), 419 KiB/1.5 MiB CGO alloc/total (152.1 CGO/sec), 1.2/1.9 %(u/s)time, 0.0 %gc (0x), 8.6 KiB/7.8 KiB (r/w)net
I210827 07:22:26.110084 287 2@gossip/gossip.go:567 ⋮ [n2] 160  gossip status (ok, 2 node‹s›)
I210827 07:22:26.110084 287 2@gossip/gossip.go:567 ⋮ [n2] 160 +gossip client (1/3 cur/max conns)
I210827 07:22:26.110084 287 2@gossip/gossip.go:567 ⋮ [n2] 160 +  1: ‹localhost:26257› (16m0s: infos 500/2318 sent/received, bytes 72821B/276627B sent/received)
I210827 07:22:26.110084 287 2@gossip/gossip.go:567 ⋮ [n2] 160 +gossip server (0/3 cur/max conns, infos 500/2318 sent/received, bytes 72821B/276627B sent/received)
I210827 07:22:26.163241 290 2@server/status/runtime.go:569 ⋮ [n2] 161  runtime stats: 116 MiB RSS, 270 goroutines (stacks: 4.5 MiB), 25 MiB/60 MiB Go alloc/total (heap fragmentation: 7.3 MiB, heap reserved: 13 MiB, heap released: 2.2 MiB), 419 KiB/1.5 MiB CGO alloc/total (170.3 CGO/sec), 2.8/1.1 %(u/s)time, 0.0 %gc (0x), 17 KiB/9.6 KiB (r/w)net
I210827 07:22:36.157437 290 2@server/status/runtime.go:569 ⋮ [n2] 162  runtime stats: 116 MiB RSS, 269 goroutines (stacks: 4.6 MiB), 33 MiB/60 MiB Go alloc/total (heap fragmentation: 4.2 MiB, heap reserved: 8.0 MiB, heap released: 2.1 MiB), 419 KiB/1.5 MiB CGO alloc/total (177.7 CGO/sec), 0.9/0.5 %(u/s)time, 0.0 %gc (0x), 1.6 MiB/155 KiB (r/w)net
I210827 07:22:46.165330 290 2@server/status/runtime.go:569 ⋮ [n2] 163  runtime stats: 116 MiB RSS, 269 goroutines (stacks: 4.6 MiB), 40 MiB/60 MiB Go alloc/total (heap fragmentation: 3.3 MiB, heap reserved: 2.3 MiB, heap released: 2.1 MiB), 419 KiB/1.5 MiB CGO alloc/total (152.2 CGO/sec), 1.1/0.5 %(u/s)time, 0.0 %gc (0x), 1.0 MiB/88 KiB (r/w)net
I210827 07:22:56.156167 290 2@server/status/runtime.go:569 ⋮ [n2] 164  runtime stats: 116 MiB RSS, 269 goroutines (stacks: 4.8 MiB), 26 MiB/60 MiB Go alloc/total (heap fragmentation: 7.4 MiB, heap reserved: 12 MiB, heap released: 1.9 MiB), 419 KiB/1.5 MiB CGO alloc/total (150.2 CGO/sec), 2.0/1.1 %(u/s)time, 0.0 %gc (0x), 474 KiB/36 KiB (r/w)net
I210827 07:23:06.172325 290 2@server/status/runtime.go:569 ⋮ [n2] 165  runtime stats: 116 MiB RSS, 270 goroutines (stacks: 4.8 MiB), 33 MiB/60 MiB Go alloc/total (heap fragmentation: 4.9 MiB, heap reserved: 7.7 MiB, heap released: 1.9 MiB), 419 KiB/1.5 MiB CGO alloc/total (164.7 CGO/sec), 1.4/0.9 %(u/s)time, 0.0 %gc (0x), 1.0 MiB/89 KiB (r/w)net
I210827 07:23:16.167828 290 2@server/status/runtime.go:569 ⋮ [n2] 166  runtime stats: 117 MiB RSS, 270 goroutines (stacks: 4.3 MiB), 21 MiB/60 MiB Go alloc/total (heap fragmentation: 8.7 MiB, heap reserved: 16 MiB, heap released: 1.8 MiB), 419 KiB/1.5 MiB CGO alloc/total (151.9 CGO/sec), 2.8/0.6 %(u/s)time, 0.0 %gc (0x), 3.0 KiB/3.5 KiB (r/w)net
I210827 07:23:26.089334 287 2@gossip/gossip.go:567 ⋮ [n2] 167  gossip status (ok, 2 node‹s›)
I210827 07:23:26.089334 287 2@gossip/gossip.go:567 ⋮ [n2] 167 +gossip client (1/3 cur/max conns)
I210827 07:23:26.089334 287 2@gossip/gossip.go:567 ⋮ [n2] 167 +  1: ‹localhost:26257› (17m0s: infos 531/2459 sent/received, bytes 77342B/292153B sent/received)
I210827 07:23:26.089334 287 2@gossip/gossip.go:567 ⋮ [n2] 167 +gossip server (0/3 cur/max conns, infos 531/2459 sent/received, bytes 77342B/292153B sent/received)
I210827 07:23:26.171762 290 2@server/status/runtime.go:569 ⋮ [n2] 168  runtime stats: 117 MiB RSS, 270 goroutines (stacks: 4.5 MiB), 28 MiB/60 MiB Go alloc/total (heap fragmentation: 6.1 MiB, heap reserved: 11 MiB, heap released: 1.8 MiB), 419 KiB/1.5 MiB CGO alloc/total (167.6 CGO/sec), 1.9/0.9 %(u/s)time, 0.0 %gc (0x), 242 KiB/25 KiB (r/w)net
I210827 07:23:36.174458 290 2@server/status/runtime.go:569 ⋮ [n2] 169  runtime stats: 117 MiB RSS, 269 goroutines (stacks: 4.6 MiB), 36 MiB/60 MiB Go alloc/total (heap fragmentation: 3.9 MiB, heap reserved: 5.7 MiB, heap released: 1.8 MiB), 419 KiB/1.5 MiB CGO alloc/total (177.6 CGO/sec), 1.7/2.3 %(u/s)time, 0.0 %gc (0x), 4.8 KiB/7.9 KiB (r/w)net
I210827 07:23:46.168956 290 2@server/status/runtime.go:569 ⋮ [n2] 170  runtime stats: 117 MiB RSS, 269 goroutines (stacks: 4.7 MiB), 24 MiB/60 MiB Go alloc/total (heap fragmentation: 7.2 MiB, heap reserved: 14 MiB, heap released: 1.8 MiB), 419 KiB/1.5 MiB CGO alloc/total (152.9 CGO/sec), 2.0/0.3 %(u/s)time, 0.0 %gc (0x), 2.6 MiB/176 KiB (r/w)net
I210827 07:23:56.174652 290 2@server/status/runtime.go:569 ⋮ [n2] 171  runtime stats: 117 MiB RSS, 269 goroutines (stacks: 4.8 MiB), 32 MiB/60 MiB Go alloc/total (heap fragmentation: 4.9 MiB, heap reserved: 8.8 MiB, heap released: 1.8 MiB), 419 KiB/1.5 MiB CGO alloc/total (150.2 CGO/sec), 2.3/0.5 %(u/s)time, 0.0 %gc (0x), 117 KiB/13 KiB (r/w)net
I210827 07:24:06.174669 290 2@server/status/runtime.go:569 ⋮ [n2] 172  runtime stats: 117 MiB RSS, 270 goroutines (stacks: 4.2 MiB), 21 MiB/60 MiB Go alloc/total (heap fragmentation: 8.3 MiB, heap reserved: 17 MiB, heap released: 1.8 MiB), 419 KiB/1.5 MiB CGO alloc/total (162.6 CGO/sec), 3.1/1.3 %(u/s)time, 0.0 %gc (0x), 4.0 KiB/4.1 KiB (r/w)net
I210827 07:24:16.178177 290 2@server/status/runtime.go:569 ⋮ [n2] 173  runtime stats: 117 MiB RSS, 270 goroutines (stacks: 4.4 MiB), 28 MiB/60 MiB Go alloc/total (heap fragmentation: 5.9 MiB, heap reserved: 12 MiB, heap released: 1.8 MiB), 419 KiB/1.5 MiB CGO alloc/total (152.4 CGO/sec), 1.7/1.1 %(u/s)time, 0.0 %gc (0x), 4.6 KiB/5.0 KiB (r/w)net
I210827 07:24:26.089355 287 2@gossip/gossip.go:567 ⋮ [n2] 174  gossip status (ok, 2 node‹s›)
I210827 07:24:26.089355 287 2@gossip/gossip.go:567 ⋮ [n2] 174 +gossip client (1/3 cur/max conns)
I210827 07:24:26.089355 287 2@gossip/gossip.go:567 ⋮ [n2] 174 +  1: ‹localhost:26257› (18m0s: infos 562/2604 sent/received, bytes 81863B/308173B sent/received)
I210827 07:24:26.089355 287 2@gossip/gossip.go:567 ⋮ [n2] 174 +gossip server (0/3 cur/max conns, infos 562/2604 sent/received, bytes 81863B/308173B sent/received)
I210827 07:24:26.176067 290 2@server/status/runtime.go:569 ⋮ [n2] 175  runtime stats: 117 MiB RSS, 270 goroutines (stacks: 4.4 MiB), 34 MiB/60 MiB Go alloc/total (heap fragmentation: 4.2 MiB, heap reserved: 7.4 MiB, heap released: 1.8 MiB), 419 KiB/1.5 MiB CGO alloc/total (169.1 CGO/sec), 1.9/1.4 %(u/s)time, 0.0 %gc (0x), 4.2 KiB/4.8 KiB (r/w)net
I210827 07:24:36.176709 290 2@server/status/runtime.go:569 ⋮ [n2] 176  runtime stats: 117 MiB RSS, 269 goroutines (stacks: 4.8 MiB), 25 MiB/60 MiB Go alloc/total (heap fragmentation: 6.4 MiB, heap reserved: 14 MiB, heap released: 1.8 MiB), 419 KiB/1.5 MiB CGO alloc/total (181.2 CGO/sec), 2.0/1.1 %(u/s)time, 0.0 %gc (0x), 4.6 KiB/5.0 KiB (r/w)net
I210827 07:24:46.177504 290 2@server/status/runtime.go:569 ⋮ [n2] 177  runtime stats: 117 MiB RSS, 269 goroutines (stacks: 4.8 MiB), 32 MiB/60 MiB Go alloc/total (heap fragmentation: 4.4 MiB, heap reserved: 9.2 MiB, heap released: 1.8 MiB), 419 KiB/1.5 MiB CGO alloc/total (150.3 CGO/sec), 2.0/0.6 %(u/s)time, 0.0 %gc (0x), 37 KiB/9.7 KiB (r/w)net
I210827 07:24:56.181029 290 2@server/status/runtime.go:569 ⋮ [n2] 178  runtime stats: 117 MiB RSS, 269 goroutines (stacks: 4.8 MiB), 38 MiB/60 MiB Go alloc/total (heap fragmentation: 3.5 MiB, heap reserved: 3.7 MiB, heap released: 1.8 MiB), 419 KiB/1.5 MiB CGO alloc/total (147.7 CGO/sec), 1.1/0.6 %(u/s)time, 0.0 %gc (0x), 2.0 MiB/136 KiB (r/w)net
I210827 07:25:06.180287 290 2@server/status/runtime.go:569 ⋮ [n2] 179  runtime stats: 117 MiB RSS, 270 goroutines (stacks: 4.4 MiB), 26 MiB/60 MiB Go alloc/total (heap fragmentation: 6.9 MiB, heap reserved: 13 MiB, heap released: 1.8 MiB), 419 KiB/1.5 MiB CGO alloc/total (165.1 CGO/sec), 3.0/0.2 %(u/s)time, 0.0 %gc (0x), 1.3 MiB/54 KiB (r/w)net
I210827 07:25:16.181291 290 2@server/status/runtime.go:569 ⋮ [n2] 180  runtime stats: 117 MiB RSS, 270 goroutines (stacks: 4.3 MiB), 33 MiB/60 MiB Go alloc/total (heap fragmentation: 4.6 MiB, heap reserved: 8.5 MiB, heap released: 1.8 MiB), 419 KiB/1.5 MiB CGO alloc/total (152.5 CGO/sec), 1.4/0.6 %(u/s)time, 0.0 %gc (0x), 364 KiB/18 KiB (r/w)net
I210827 07:25:26.113376 287 2@gossip/gossip.go:567 ⋮ [n2] 181  gossip status (ok, 2 node‹s›)
I210827 07:25:26.113376 287 2@gossip/gossip.go:567 ⋮ [n2] 181 +gossip client (1/3 cur/max conns)
I210827 07:25:26.113376 287 2@gossip/gossip.go:567 ⋮ [n2] 181 +  1: ‹localhost:26257› (19m0s: infos 593/2749 sent/received, bytes 86384B/324121B sent/received)
I210827 07:25:26.113376 287 2@gossip/gossip.go:567 ⋮ [n2] 181 +gossip server (0/3 cur/max conns, infos 593/2749 sent/received, bytes 86384B/324121B sent/received)
I210827 07:25:26.182031 290 2@server/status/runtime.go:569 ⋮ [n2] 182  runtime stats: 115 MiB RSS, 270 goroutines (stacks: 4.5 MiB), 22 MiB/59 MiB Go alloc/total (heap fragmentation: 8.4 MiB, heap reserved: 14 MiB, heap released: 3.2 MiB), 419 KiB/1.5 MiB CGO alloc/total (170.4 CGO/sec), 1.7/0.9 %(u/s)time, 0.0 %gc (0x), 3.2 MiB/205 KiB (r/w)net
I210827 07:25:36.171405 290 2@server/status/runtime.go:569 ⋮ [n2] 183  runtime stats: 116 MiB RSS, 269 goroutines (stacks: 4.8 MiB), 30 MiB/59 MiB Go alloc/total (heap fragmentation: 5.0 MiB, heap reserved: 9.3 MiB, heap released: 3.2 MiB), 419 KiB/1.5 MiB CGO alloc/total (174.9 CGO/sec), 1.3/0.9 %(u/s)time, 0.0 %gc (0x), 1.6 MiB/113 KiB (r/w)net
I210827 07:25:46.176923 290 2@server/status/runtime.go:569 ⋮ [n2] 184  runtime stats: 116 MiB RSS, 269 goroutines (stacks: 4.8 MiB), 36 MiB/59 MiB Go alloc/total (heap fragmentation: 3.8 MiB, heap reserved: 3.8 MiB, heap released: 3.2 MiB), 419 KiB/1.5 MiB CGO alloc/total (153.1 CGO/sec), 0.9/0.6 %(u/s)time, 0.0 %gc (0x), 3.1 MiB/129 KiB (r/w)net
I210827 07:25:56.172035 290 2@server/status/runtime.go:569 ⋮ [n2] 185  runtime stats: 116 MiB RSS, 269 goroutines (stacks: 4.3 MiB), 25 MiB/59 MiB Go alloc/total (heap fragmentation: 7.0 MiB, heap reserved: 12 MiB, heap released: 3.2 MiB), 419 KiB/1.5 MiB CGO alloc/total (150.9 CGO/sec), 2.8/0.8 %(u/s)time, 0.0 %gc (0x), 1.2 MiB/66 KiB (r/w)net
I210827 07:26:06.185707 290 2@server/status/runtime.go:569 ⋮ [n2] 186  runtime stats: 116 MiB RSS, 270 goroutines (stacks: 4.4 MiB), 32 MiB/59 MiB Go alloc/total (heap fragmentation: 4.4 MiB, heap reserved: 8.0 MiB, heap released: 3.2 MiB), 419 KiB/1.5 MiB CGO alloc/total (165.5 CGO/sec), 1.4/1.4 %(u/s)time, 0.0 %gc (0x), 1.1 MiB/61 KiB (r/w)net
I210827 07:26:16.184848 290 2@server/status/runtime.go:569 ⋮ [n2] 187  runtime stats: 116 MiB RSS, 270 goroutines (stacks: 4.5 MiB), 39 MiB/59 MiB Go alloc/total (heap fragmentation: 3.5 MiB, heap reserved: 2.2 MiB, heap released: 3.2 MiB), 419 KiB/1.5 MiB CGO alloc/total (149.6 CGO/sec), 0.8/1.4 %(u/s)time, 0.0 %gc (0x), 1.9 MiB/55 KiB (r/w)net
I210827 07:26:26.112984 287 2@gossip/gossip.go:567 ⋮ [n2] 188  gossip status (ok, 2 node‹s›)
I210827 07:26:26.112984 287 2@gossip/gossip.go:567 ⋮ [n2] 188 +gossip client (1/3 cur/max conns)
I210827 07:26:26.112984 287 2@gossip/gossip.go:567 ⋮ [n2] 188 +  1: ‹localhost:26257› (20m0s: infos 624/2890 sent/received, bytes 90905B/339791B sent/received)
I210827 07:26:26.112984 287 2@gossip/gossip.go:567 ⋮ [n2] 188 +gossip server (0/3 cur/max conns, infos 624/2890 sent/received, bytes 90905B/339791B sent/received)
I210827 07:26:26.178496 290 2@server/status/runtime.go:569 ⋮ [n2] 189  runtime stats: 114 MiB RSS, 270 goroutines (stacks: 4.8 MiB), 26 MiB/58 MiB Go alloc/total (heap fragmentation: 6.5 MiB, heap reserved: 10 MiB, heap released: 4.3 MiB), 419 KiB/1.5 MiB CGO alloc/total (170.2 CGO/sec), 2.0/0.6 %(u/s)time, 0.0 %gc (0x), 929 KiB/34 KiB (r/w)net
I210827 07:26:36.180146 290 2@server/status/runtime.go:569 ⋮ [n2] 190  runtime stats: 115 MiB RSS, 269 goroutines (stacks: 4.9 MiB), 34 MiB/58 MiB Go alloc/total (heap fragmentation: 4.0 MiB, heap reserved: 4.7 MiB, heap released: 4.3 MiB), 419 KiB/1.5 MiB CGO alloc/total (179.8 CGO/sec), 0.9/0.8 %(u/s)time, 0.0 %gc (0x), 3.5 MiB/142 KiB (r/w)net
I210827 07:26:46.095078 286 kv/kvserver/store.go:2674 ⋮ [n2,s2] 191  
I210827 07:26:46.095078 286 kv/kvserver/store.go:2674 ⋮ [n2,s2] 191 +__level_____count____size___score______in__ingest(sz_cnt)____move(sz_cnt)___write(sz_cnt)____read___r-amp___w-amp
I210827 07:26:46.095078 286 kv/kvserver/store.go:2674 ⋮ [n2,s2] 191 +    WAL         1    24 K       -    18 K       -       -       -       -    24 K       -       -       -     1.3
I210827 07:26:46.095078 286 kv/kvserver/store.go:2674 ⋮ [n2,s2] 191 +      0         0     0 B    0.00     0 B     0 B       0     0 B       0     0 B       0     0 B       0     0.0
I210827 07:26:46.095078 286 kv/kvserver/store.go:2674 ⋮ [n2,s2] 191 +      1         0     0 B    0.00     0 B     0 B       0     0 B       0     0 B       0     0 B       0     0.0
I210827 07:26:46.095078 286 kv/kvserver/store.go:2674 ⋮ [n2,s2] 191 +      2         0     0 B    0.00     0 B     0 B       0     0 B       0     0 B       0     0 B       0     0.0
I210827 07:26:46.095078 286 kv/kvserver/store.go:2674 ⋮ [n2,s2] 191 +      3         0     0 B    0.00     0 B     0 B       0     0 B       0     0 B       0     0 B       0     0.0
I210827 07:26:46.095078 286 kv/kvserver/store.go:2674 ⋮ [n2,s2] 191 +      4         0     0 B    0.00     0 B     0 B       0     0 B       0     0 B       0     0 B       0     0.0
I210827 07:26:46.095078 286 kv/kvserver/store.go:2674 ⋮ [n2,s2] 191 +      5         0     0 B    0.00     0 B     0 B       0     0 B       0     0 B       0     0 B       0     0.0
I210827 07:26:46.095078 286 kv/kvserver/store.go:2674 ⋮ [n2,s2] 191 +      6         1   1.4 K       -     0 B     0 B       0   1.4 K       1     0 B       0     0 B       1     0.0
I210827 07:26:46.095078 286 kv/kvserver/store.go:2674 ⋮ [n2,s2] 191 +  total         1   1.4 K       -    24 K     0 B       0   1.4 K       1    24 K       0     0 B       1     1.0
I210827 07:26:46.095078 286 kv/kvserver/store.go:2674 ⋮ [n2,s2] 191 +  flush         0
I210827 07:26:46.095078 286 kv/kvserver/store.go:2674 ⋮ [n2,s2] 191 +compact         1     0 B           1.4 K  (size == estimated-debt, in = in-progress-bytes)
I210827 07:26:46.095078 286 kv/kvserver/store.go:2674 ⋮ [n2,s2] 191 + memtbl         1   256 K
I210827 07:26:46.095078 286 kv/kvserver/store.go:2674 ⋮ [n2,s2] 191 +zmemtbl         0     0 B
I210827 07:26:46.095078 286 kv/kvserver/store.go:2674 ⋮ [n2,s2] 191 +   ztbl         0     0 B
I210827 07:26:46.095078 286 kv/kvserver/store.go:2674 ⋮ [n2,s2] 191 + bcache         5   1.4 K   83.9%  (score == hit-rate)
I210827 07:26:46.095078 286 kv/kvserver/store.go:2674 ⋮ [n2,s2] 191 + tcache         1   616 B   90.9%  (score == hit-rate)
I210827 07:26:46.095078 286 kv/kvserver/store.go:2674 ⋮ [n2,s2] 191 + titers         0
I210827 07:26:46.095078 286 kv/kvserver/store.go:2674 ⋮ [n2,s2] 191 + filter         -       -   30.0%  (score == utility)
I210827 07:26:46.197883 290 2@server/status/runtime.go:569 ⋮ [n2] 192  runtime stats: 115 MiB RSS, 269 goroutines (stacks: 4.4 MiB), 24 MiB/58 MiB Go alloc/total (heap fragmentation: 7.4 MiB, heap reserved: 12 MiB, heap released: 3.8 MiB), 419 KiB/1.5 MiB CGO alloc/total (154.4 CGO/sec), 2.8/0.3 %(u/s)time, 0.0 %gc (0x), 541 KiB/40 KiB (r/w)net
I210827 07:26:56.198340 290 2@server/status/runtime.go:569 ⋮ [n2] 193  runtime stats: 115 MiB RSS, 269 goroutines (stacks: 4.4 MiB), 31 MiB/58 MiB Go alloc/total (heap fragmentation: 5.0 MiB, heap reserved: 8.1 MiB, heap released: 3.8 MiB), 419 KiB/1.5 MiB CGO alloc/total (149.3 CGO/sec), 1.2/0.9 %(u/s)time, 0.0 %gc (0x), 2.4 MiB/115 KiB (r/w)net
I210827 07:27:06.202843 290 2@server/status/runtime.go:569 ⋮ [n2] 194  runtime stats: 115 MiB RSS, 270 goroutines (stacks: 4.4 MiB), 38 MiB/58 MiB Go alloc/total (heap fragmentation: 3.6 MiB, heap reserved: 2.3 MiB, heap released: 3.8 MiB), 419 KiB/1.5 MiB CGO alloc/total (164.8 CGO/sec), 1.7/0.3 %(u/s)time, 0.0 %gc (0x), 777 KiB/23 KiB (r/w)net
I210827 07:27:16.205674 290 2@server/status/runtime.go:569 ⋮ [n2] 195  runtime stats: 116 MiB RSS, 270 goroutines (stacks: 4.6 MiB), 26 MiB/59 MiB Go alloc/total (heap fragmentation: 7.2 MiB, heap reserved: 11 MiB, heap released: 3.2 MiB), 419 KiB/1.5 MiB CGO alloc/total (152.8 CGO/sec), 2.8/1.1 %(u/s)time, 0.0 %gc (0x), 1.7 MiB/43 KiB (r/w)net
I210827 07:27:26.118957 287 2@gossip/gossip.go:567 ⋮ [n2] 196  gossip status (ok, 2 node‹s›)
I210827 07:27:26.118957 287 2@gossip/gossip.go:567 ⋮ [n2] 196 +gossip client (1/3 cur/max conns)
I210827 07:27:26.118957 287 2@gossip/gossip.go:567 ⋮ [n2] 196 +  1: ‹localhost:26257› (21m0s: infos 655/3036 sent/received, bytes 95426B/355924B sent/received)
I210827 07:27:26.118957 287 2@gossip/gossip.go:567 ⋮ [n2] 196 +gossip server (0/3 cur/max conns, infos 655/3036 sent/received, bytes 95426B/355924B sent/received)
I210827 07:27:26.204996 290 2@server/status/runtime.go:569 ⋮ [n2] 197  runtime stats: 116 MiB RSS, 270 goroutines (stacks: 4.8 MiB), 33 MiB/59 MiB Go alloc/total (heap fragmentation: 4.8 MiB, heap reserved: 6.1 MiB, heap released: 3.2 MiB), 419 KiB/1.5 MiB CGO alloc/total (171.1 CGO/sec), 1.4/0.9 %(u/s)time, 0.0 %gc (0x), 2.4 MiB/110 KiB (r/w)net
I210827 07:27:36.204156 290 2@server/status/runtime.go:569 ⋮ [n2] 198  runtime stats: 116 MiB RSS, 269 goroutines (stacks: 4.3 MiB), 24 MiB/59 MiB Go alloc/total (heap fragmentation: 6.6 MiB, heap reserved: 14 MiB, heap released: 3.2 MiB), 419 KiB/1.5 MiB CGO alloc/total (174.6 CGO/sec), 2.5/0.6 %(u/s)time, 0.0 %gc (0x), 453 KiB/33 KiB (r/w)net
I210827 07:27:46.206911 290 2@server/status/runtime.go:569 ⋮ [n2] 199  runtime stats: 116 MiB RSS, 269 goroutines (stacks: 4.4 MiB), 31 MiB/59 MiB Go alloc/total (heap fragmentation: 4.5 MiB, heap reserved: 8.9 MiB, heap released: 3.2 MiB), 419 KiB/1.5 MiB CGO alloc/total (153.3 CGO/sec), 1.7/0.9 %(u/s)time, 0.0 %gc (0x), 3.6 KiB/7.1 KiB (r/w)net
I210827 07:27:56.205907 290 2@server/status/runtime.go:569 ⋮ [n2] 200  runtime stats: 116 MiB RSS, 269 goroutines (stacks: 4.4 MiB), 38 MiB/59 MiB Go alloc/total (heap fragmentation: 3.6 MiB, heap reserved: 3.3 MiB, heap released: 3.2 MiB), 419 KiB/1.5 MiB CGO alloc/total (147.7 CGO/sec), 1.6/1.1 %(u/s)time, 0.0 %gc (0x), 3.0 KiB/4.4 KiB (r/w)net
I210827 07:28:06.208091 290 2@server/status/runtime.go:569 ⋮ [n2] 201  runtime stats: 116 MiB RSS, 270 goroutines (stacks: 4.8 MiB), 26 MiB/59 MiB Go alloc/total (heap fragmentation: 6.7 MiB, heap reserved: 12 MiB, heap released: 3.2 MiB), 419 KiB/1.5 MiB CGO alloc/total (165.5 CGO/sec), 1.4/0.5 %(u/s)time, 0.0 %gc (0x), 2.6 KiB/3.2 KiB (r/w)net
I210827 07:28:16.206684 290 2@server/status/runtime.go:569 ⋮ [n2] 202  runtime stats: 116 MiB RSS, 270 goroutines (stacks: 4.8 MiB), 32 MiB/59 MiB Go alloc/total (heap fragmentation: 4.5 MiB, heap reserved: 7.0 MiB, heap released: 3.2 MiB), 419 KiB/1.5 MiB CGO alloc/total (154.3 CGO/sec), 1.7/0.8 %(u/s)time, 0.0 %gc (0x), 2.7 KiB/4.4 KiB (r/w)net
I210827 07:28:26.088917 287 2@gossip/gossip.go:567 ⋮ [n2] 203  gossip status (ok, 2 node‹s›)
I210827 07:28:26.088917 287 2@gossip/gossip.go:567 ⋮ [n2] 203 +gossip client (1/3 cur/max conns)
I210827 07:28:26.088917 287 2@gossip/gossip.go:567 ⋮ [n2] 203 +  1: ‹localhost:26257› (22m0s: infos 686/3180 sent/received, bytes 99947B/371867B sent/received)
I210827 07:28:26.088917 287 2@gossip/gossip.go:567 ⋮ [n2] 203 +gossip server (0/3 cur/max conns, infos 686/3180 sent/received, bytes 99947B/371867B sent/received)
I210827 07:28:26.212747 290 2@server/status/runtime.go:569 ⋮ [n2] 204  runtime stats: 116 MiB RSS, 270 goroutines (stacks: 4.2 MiB), 20 MiB/59 MiB Go alloc/total (heap fragmentation: 8.3 MiB, heap reserved: 16 MiB, heap released: 3.2 MiB), 419 KiB/1.5 MiB CGO alloc/total (169.5 CGO/sec), 2.5/0.8 %(u/s)time, 0.0 %gc (0x), 2.9 KiB/4.4 KiB (r/w)net
I210827 07:28:36.213680 290 2@server/status/runtime.go:569 ⋮ [n2] 205  runtime stats: 116 MiB RSS, 270 goroutines (stacks: 4.4 MiB), 28 MiB/59 MiB Go alloc/total (heap fragmentation: 5.0 MiB, heap reserved: 11 MiB, heap released: 3.2 MiB), 419 KiB/1.5 MiB CGO alloc/total (177.6 CGO/sec), 1.9/0.5 %(u/s)time, 0.0 %gc (0x), 2.6 KiB/3.2 KiB (r/w)net
I210827 07:28:46.215000 290 2@server/status/runtime.go:569 ⋮ [n2] 206  runtime stats: 116 MiB RSS, 269 goroutines (stacks: 4.4 MiB), 35 MiB/59 MiB Go alloc/total (heap fragmentation: 3.8 MiB, heap reserved: 5.6 MiB, heap released: 3.2 MiB), 419 KiB/1.5 MiB CGO alloc/total (153.5 CGO/sec), 2.3/0.8 %(u/s)time, 0.0 %gc (0x), 2.7 KiB/4.4 KiB (r/w)net
I210827 07:28:56.207615 290 2@server/status/runtime.go:569 ⋮ [n2] 207  runtime stats: 116 MiB RSS, 269 goroutines (stacks: 4.7 MiB), 24 MiB/59 MiB Go alloc/total (heap fragmentation: 7.1 MiB, heap reserved: 13 MiB, heap released: 3.2 MiB), 419 KiB/1.5 MiB CGO alloc/total (151.7 CGO/sec), 1.7/0.9 %(u/s)time, 0.0 %gc (0x), 2.6 KiB/3.9 KiB (r/w)net
I210827 07:29:06.216483 290 2@server/status/runtime.go:569 ⋮ [n2] 208  runtime stats: 116 MiB RSS, 270 goroutines (stacks: 4.8 MiB), 32 MiB/59 MiB Go alloc/total (heap fragmentation: 4.5 MiB, heap reserved: 7.7 MiB, heap released: 3.2 MiB), 419 KiB/1.5 MiB CGO alloc/total (164.8 CGO/sec), 1.7/0.9 %(u/s)time, 0.0 %gc (0x), 3.0 KiB/6.4 KiB (r/w)net
I210827 07:29:16.202733 290 2@server/status/runtime.go:569 ⋮ [n2] 209  runtime stats: 116 MiB RSS, 270 goroutines (stacks: 4.2 MiB), 21 MiB/59 MiB Go alloc/total (heap fragmentation: 8.3 MiB, heap reserved: 15 MiB, heap released: 3.2 MiB), 419 KiB/1.5 MiB CGO alloc/total (151.3 CGO/sec), 0.8/0.6 %(u/s)time, 0.0 %gc (0x), 48 KiB/36 KiB (r/w)net
I210827 07:57:34.539508 377 sql/temporary_schema.go:485 ⋮ [n2] 210  skipping temporary object cleanup run as it is not the leaseholder
W210827 07:57:34.539513 165 2@gossip/gossip.go:1496 ⋮ [n2] 211  first range unavailable; trying remaining resolvers
I210827 07:57:34.539559 377 sql/temporary_schema.go:486 ⋮ [n2] 212  completed temporary object cleanup job
I210827 07:57:34.539930 287 2@gossip/gossip.go:567 ⋮ [n2] 213  gossip status (stalled, 2 node‹s›)
I210827 07:57:34.539930 287 2@gossip/gossip.go:567 ⋮ [n2] 213 +gossip client (1/3 cur/max conns)
I210827 07:57:34.539930 287 2@gossip/gossip.go:567 ⋮ [n2] 213 +  1: ‹localhost:26257› (51m8s: infos 714/3308 sent/received, bytes 104054B/385973B sent/received)
I210827 07:57:34.539930 287 2@gossip/gossip.go:567 ⋮ [n2] 213 +gossip server (0/3 cur/max conns, infos 714/3308 sent/received, bytes 104054B/385973B sent/received)
I210827 07:57:34.539930 287 2@gossip/gossip.go:567 ⋮ [n2] 213 +gossip connectivity
I210827 07:57:34.539674 377 sql/temporary_schema.go:610 ⋮ [n2] 214  temporary object cleaner next scheduled to run at 2021-08-27 08:06:26.748467 +0000 UTC
W210827 07:57:34.540778 285 kv/kvserver/store_rebalancer.go:227 ⋮ [n2,s2,store-rebalancer] 215  StorePool missing descriptor for local store
I210827 07:57:34.542304 107 gossip/client.go:129 ⋮ [n2] 216  closing client to n1 (‹localhost:26257›): stopping outgoing client to n1 (‹localhost:26257›); already have incoming
I210827 07:57:34.547402 290 2@server/status/runtime.go:569 ⋮ [n2] 217  runtime stats: 116 MiB RSS, 270 goroutines (stacks: 4.4 MiB), 28 MiB/59 MiB Go alloc/total (heap fragmentation: 6.4 MiB, heap reserved: 11 MiB, heap released: 3.2 MiB), 419 KiB/1.5 MiB CGO alloc/total (0.5 CGO/sec), 0.0/0.0 %(u/s)time, 0.0 %gc (0x), 16 EiB/16 EiB (r/w)net
I210827 07:57:35.542812 36506 gossip/client.go:124 ⋮ [n2] 218  started gossip client to n0 (‹localhost:26257›)
I210827 07:57:35.543475 36506 gossip/client.go:129 ⋮ [n2] 219  closing client to n1 (‹localhost:26257›): stopping outgoing client to n1 (‹localhost:26257›); already have incoming
I210827 07:57:36.544710 36509 gossip/client.go:124 ⋮ [n2] 220  started gossip client to n0 (‹localhost:26257›)
I210827 07:57:36.546130 36509 gossip/client.go:129 ⋮ [n2] 221  closing client to n1 (‹localhost:26257›): stopping outgoing client to n1 (‹localhost:26257›); already have incoming
W210827 07:57:37.114674 292 kv/kvserver/liveness/liveness.go:845 ⋮ [n2,liveness-hb] 222  slow heartbeat took 2.5751178s; err=<nil>
I210827 07:57:37.545860 36563 gossip/client.go:124 ⋮ [n2] 223  started gossip client to n0 (‹localhost:26257›)
I210827 07:57:37.547107 36563 gossip/client.go:129 ⋮ [n2] 224  closing client to n1 (‹localhost:26257›): stopping outgoing client to n1 (‹localhost:26257›); already have incoming
I210827 07:57:37.547491 165 1@gossip/gossip.go:1505 ⋮ [n2] 225  node has connected to cluster via gossip
I210827 07:57:44.546417 290 2@server/status/runtime.go:569 ⋮ [n2] 226  runtime stats: 116 MiB RSS, 268 goroutines (stacks: 4.8 MiB), 31 MiB/59 MiB Go alloc/total (heap fragmentation: 5.2 MiB, heap reserved: 7.8 MiB, heap released: 3.2 MiB), 419 KiB/1.5 MiB CGO alloc/total (454.5 CGO/sec), 1.6/0.5 %(u/s)time, 0.0 %gc (0x), 72 MiB/7.0 MiB (r/w)net
W210827 07:57:47.457280 42 vendor/google.golang.org/grpc/internal/channelz/logging.go:73 ⋮ [-] 227  ‹grpc: addrConn.createTransport failed to connect to {localhost:26257  <nil> 0 <nil>}. Err: connection error: desc = "transport: Error while dialing cannot reuse client connection". Reconnecting...›
W210827 07:57:47.457726 384 kv/kvclient/rangefeed/rangefeed.go:218 ⋮ [n2,rangefeed=‹lease›] 228  rangefeed failed 0 times, restarting: ‹rpc error: code = Unavailable desc = transport is closing›
W210827 07:57:47.700439 165 2@gossip/gossip.go:1491 ⋮ [n2] 229  no incoming or outgoing connections
