I210827 09:11:32.751607 82 util/log/file_sync_buffer.go:238 ⋮ [config]   file created at: 2021/08/27 09:11:32
I210827 09:11:32.751634 82 util/log/file_sync_buffer.go:238 ⋮ [config]   running on machine: ‹LAPTOP-NMOS6VH8›
I210827 09:11:32.751654 82 util/log/file_sync_buffer.go:238 ⋮ [config]   binary: CockroachDB CCL v21.1.7 (x86_64-w64-mingw32, built 2021/08/09 18:01:51, go1.15.14)
I210827 09:11:32.751667 82 util/log/file_sync_buffer.go:238 ⋮ [config]   arguments: ‹[cockroach start --certs-dir=certs --store=node2 --listen-addr=localhost:26258 --http-addr=localhost:8081 --join=localhost:26257,localhost:26258]›
I210827 09:11:32.751690 82 util/log/file_sync_buffer.go:238 ⋮ [config]   log format (utf8=✓): crdb-v2
I210827 09:11:32.751703 82 util/log/file_sync_buffer.go:238 ⋮ [config]   line format: [IWEF]yymmdd hh:mm:ss.uuuuuu goid [chan@]file:line redactionmark \[tags\] [counter] msg
I210827 09:11:32.750603 82 3@vendor/github.com/cockroachdb/pebble/compaction.go:1985 ⋮ [n?,pebble,s?] 1  [JOB 1] flushing: sstable created 000008
I210827 09:11:32.756446 82 3@vendor/github.com/cockroachdb/pebble/open.go:305 ⋮ [n?,pebble,s?] 2  [JOB 1] WAL created 000009
I210827 09:11:32.763798 82 3@vendor/github.com/cockroachdb/pebble/version_set.go:457 ⋮ [n?,pebble,s?] 3  [JOB 1] MANIFEST created 000010
I210827 09:11:32.766371 48 3@vendor/github.com/cockroachdb/pebble/compaction.go:1791 ⋮ [n?,pebble,s?] 4  [JOB 3] compacting(default) L0 [000008] (1.3 K) + L6 [000004] (1.4 K)
I210827 09:11:32.767090 47 3@vendor/github.com/cockroachdb/pebble/table_stats.go:118 ⋮ [n?,pebble,s?] 5  [JOB 2] all initial table stats loaded
I210827 09:11:32.767634 46 3@vendor/github.com/cockroachdb/pebble/compaction.go:2702 ⋮ [n?,pebble,s?] 6  [JOB 1] WAL deleted 000005
I210827 09:11:32.768988 46 3@vendor/github.com/cockroachdb/pebble/compaction.go:2709 ⋮ [n?,pebble,s?] 7  [JOB 1] MANIFEST deleted 000006
I210827 09:11:32.769125 48 3@vendor/github.com/cockroachdb/pebble/compaction.go:1985 ⋮ [n?,pebble,s?] 8  [JOB 3] compacting: sstable created 000012
I210827 09:11:32.771137 48 3@vendor/github.com/cockroachdb/pebble/compaction.go:1832 ⋮ [n?,pebble,s?] 9  [JOB 3] compacted(default) L0 [000008] (1.3 K) + L6 [000004] (1.4 K) -> L6 [000012] (1.2 K), in 0.0s, output rate 298 K/s
I210827 09:11:32.772931 29 3@vendor/github.com/cockroachdb/pebble/compaction.go:2716 ⋮ [n?,pebble,s?] 10  [JOB 3] sstable deleted 000004
I210827 09:11:32.774131 29 3@vendor/github.com/cockroachdb/pebble/compaction.go:2716 ⋮ [n?,pebble,s?] 11  [JOB 3] sstable deleted 000008
I210827 09:11:32.789675 82 3@vendor/github.com/cockroachdb/pebble/version_set.go:156 ⋮ [n?,pebble,s?] 12  [JOB 1] MANIFEST created 000001
I210827 09:11:32.791044 82 3@vendor/github.com/cockroachdb/pebble/open.go:305 ⋮ [n?,pebble,s?] 13  [JOB 1] WAL created 000002
I210827 09:11:32.794116 133 3@vendor/github.com/cockroachdb/pebble/table_stats.go:118 ⋮ [n?,pebble,s‹temp›] 14  [JOB 2] all initial table stats loaded
