I210826 21:16:56.430466 69 util/log/file_sync_buffer.go:238 ⋮ [config]   file created at: 2021/08/26 21:16:56
I210826 21:16:56.430478 69 util/log/file_sync_buffer.go:238 ⋮ [config]   running on machine: ‹LAPTOP-NMOS6VH8›
I210826 21:16:56.430485 69 util/log/file_sync_buffer.go:238 ⋮ [config]   binary: CockroachDB CCL v21.1.7 (x86_64-w64-mingw32, built 2021/08/09 18:01:51, go1.15.14)
I210826 21:16:56.430491 69 util/log/file_sync_buffer.go:238 ⋮ [config]   arguments: ‹[cockroach start --certs-dir=certs --store=node1 --listen-addr=localhost:26257 --http-addr=localhost:8080 --join=localhost:26257,localhost:26258]›
I210826 21:16:56.430500 69 util/log/file_sync_buffer.go:238 ⋮ [config]   log format (utf8=✓): crdb-v2
I210826 21:16:56.430505 69 util/log/file_sync_buffer.go:238 ⋮ [config]   line format: [IWEF]yymmdd hh:mm:ss.uuuuuu goid [chan@]file:line redactionmark \[tags\] [counter] msg
I210826 21:16:56.430189 69 3@vendor/github.com/cockroachdb/pebble/version_set.go:156 ⋮ [n?,pebble,s?] 1  [JOB 1] MANIFEST created 000001
I210826 21:16:56.432149 69 3@vendor/github.com/cockroachdb/pebble/open.go:305 ⋮ [n?,pebble,s?] 2  [JOB 1] WAL created 000002
I210826 21:16:56.433530 93 3@vendor/github.com/cockroachdb/pebble/table_stats.go:118 ⋮ [n?,pebble,s?] 3  [JOB 2] all initial table stats loaded
I210826 21:16:56.443813 69 3@vendor/github.com/cockroachdb/pebble/version_set.go:156 ⋮ [n?,pebble,s?] 4  [JOB 1] MANIFEST created 000001
I210826 21:16:56.444668 69 3@vendor/github.com/cockroachdb/pebble/open.go:305 ⋮ [n?,pebble,s?] 5  [JOB 1] WAL created 000002
I210826 21:16:56.446549 114 3@vendor/github.com/cockroachdb/pebble/table_stats.go:118 ⋮ [n?,pebble,s‹temp›] 6  [JOB 2] all initial table stats loaded
I210826 21:18:14.881918 916 3@vendor/github.com/cockroachdb/pebble/db.go:1449 ⋮ [n1,pebble,s1] 7  [JOB 3] WAL created 000004
I210826 21:18:16.259224 916 3@vendor/github.com/cockroachdb/pebble/db.go:1449 ⋮ [n1,pebble,s1] 8  [JOB 4] WAL created 000005
I210826 21:18:34.905826 932 3@vendor/github.com/cockroachdb/pebble/db.go:1449 ⋮ [n1,pebble,s1] 9  [JOB 5] WAL created 000006
I210826 21:18:56.305068 953 3@vendor/github.com/cockroachdb/pebble/db.go:1449 ⋮ [n1,pebble,s1] 10  [JOB 6] WAL created 000007
I210826 21:19:56.323086 975 3@vendor/github.com/cockroachdb/pebble/db.go:1449 ⋮ [n1,pebble,s1] 11  [JOB 7] WAL created 000008
I210826 21:21:56.316789 982 3@vendor/github.com/cockroachdb/pebble/db.go:1449 ⋮ [n1,pebble,s1] 12  [JOB 8] WAL created 000009
I210826 21:25:56.324059 935 3@vendor/github.com/cockroachdb/pebble/db.go:1449 ⋮ [n1,pebble,s1] 13  [JOB 9] WAL created 000010
I210827 03:29:49.471956 859 3@vendor/github.com/cockroachdb/pebble/db.go:1449 ⋮ [n1,pebble,s1] 14  [JOB 10] WAL created 000011
I210827 03:29:49.472460 42045 3@vendor/github.com/cockroachdb/pebble/compaction.go:1366 ⋮ [n1,pebble,s1] 15  [JOB 11] flushing 8 memtables to L0
I210827 03:29:49.474617 42045 3@vendor/github.com/cockroachdb/pebble/compaction.go:1985 ⋮ [n1,pebble,s1] 16  [JOB 11] flushing: sstable created 000012
I210827 03:29:50.244431 42045 3@vendor/github.com/cockroachdb/pebble/compaction.go:1423 ⋮ [n1,pebble,s1] 17  [JOB 11] flushed 8 memtables to L0 [000012] (424 K), in 0.8s, output rate 550 K/s
I210827 03:29:50.247492 42117 3@vendor/github.com/cockroachdb/pebble/compaction.go:2702 ⋮ [n1,pebble,s1] 18  [JOB 11] WAL deleted 000008
I210827 03:29:50.251948 42117 3@vendor/github.com/cockroachdb/pebble/compaction.go:2702 ⋮ [n1,pebble,s1] 19  [JOB 11] WAL deleted 000009
I210827 03:29:50.257979 42118 3@vendor/github.com/cockroachdb/pebble/compaction.go:1791 ⋮ [n1,pebble,s1] 20  [JOB 13] compacting(move) L0 [000012] (424 K) + L6 [] (0 B)
I210827 03:29:50.258955 42117 3@vendor/github.com/cockroachdb/pebble/compaction.go:2702 ⋮ [n1,pebble,s1] 21  [JOB 11] WAL deleted 000010
I210827 03:29:50.259147 42118 3@vendor/github.com/cockroachdb/pebble/compaction.go:1832 ⋮ [n1,pebble,s1] 22  [JOB 13] compacted(move) L0 [000012] (424 K) + L6 [] (0 B) -> L6 [000012] (424 K), in 0.0s, output rate 8.0 E/s
I210827 03:29:50.259396 42072 3@vendor/github.com/cockroachdb/pebble/compaction.go:1791 ⋮ [n1,pebble,s1] 23  [JOB 14] compacting(elision-only) L6 [000012] (424 K) + L6 [] (0 B)
I210827 03:29:50.261840 42072 3@vendor/github.com/cockroachdb/pebble/compaction.go:1985 ⋮ [n1,pebble,s1] 24  [JOB 14] compacting: sstable created 000013
I210827 03:29:50.345451 42072 3@vendor/github.com/cockroachdb/pebble/compaction.go:1832 ⋮ [n1,pebble,s1] 25  [JOB 14] compacted(elision-only) L6 [000012] (424 K) + L6 [] (0 B) -> L6 [000013] (359 K), in 0.1s, output rate 4.1 M/s
I210827 03:29:50.349868 42009 3@vendor/github.com/cockroachdb/pebble/compaction.go:2716 ⋮ [n1,pebble,s1] 26  [JOB 14] sstable deleted 000012
I210827 03:46:00.881870 918 3@vendor/github.com/cockroachdb/pebble/db.go:1449 ⋮ [n1,pebble,s1] 27  [JOB 15] WAL created 000014 (recycled 000002)
I210827 03:46:00.882960 82093 3@vendor/github.com/cockroachdb/pebble/compaction.go:1366 ⋮ [n1,pebble,s1] 28  [JOB 16] flushing 1 memtable to L0
I210827 03:46:00.887296 82093 3@vendor/github.com/cockroachdb/pebble/compaction.go:1985 ⋮ [n1,pebble,s1] 29  [JOB 16] flushing: sstable created 000015
I210827 03:46:01.595907 82093 3@vendor/github.com/cockroachdb/pebble/compaction.go:1423 ⋮ [n1,pebble,s1] 30  [JOB 16] flushed 1 memtable to L0 [000015] (342 K), in 0.7s, output rate 481 K/s
I210827 03:46:01.615336 82134 3@vendor/github.com/cockroachdb/pebble/compaction.go:1791 ⋮ [n1,pebble,s1] 31  [JOB 18] compacting(default) L0 [000015] (342 K) + L6 [000013] (359 K)
I210827 03:46:01.623685 82134 3@vendor/github.com/cockroachdb/pebble/compaction.go:1985 ⋮ [n1,pebble,s1] 32  [JOB 18] compacting: sstable created 000016
I210827 03:46:01.755102 82134 3@vendor/github.com/cockroachdb/pebble/compaction.go:1832 ⋮ [n1,pebble,s1] 33  [JOB 18] compacted(default) L0 [000015] (342 K) + L6 [000013] (359 K) -> L6 [000016] (562 K), in 0.1s, output rate 3.9 M/s
I210827 03:46:01.762264 82195 3@vendor/github.com/cockroachdb/pebble/compaction.go:2716 ⋮ [n1,pebble,s1] 34  [JOB 18] sstable deleted 000013
I210827 03:46:01.766096 82195 3@vendor/github.com/cockroachdb/pebble/compaction.go:2716 ⋮ [n1,pebble,s1] 35  [JOB 18] sstable deleted 000015
I210827 04:02:19.492510 918 3@vendor/github.com/cockroachdb/pebble/db.go:1449 ⋮ [n1,pebble,s1] 36  [JOB 19] WAL created 000017 (recycled 000004)
I210827 04:02:19.493661 122450 3@vendor/github.com/cockroachdb/pebble/compaction.go:1366 ⋮ [n1,pebble,s1] 37  [JOB 20] flushing 1 memtable to L0
I210827 04:02:19.495864 122450 3@vendor/github.com/cockroachdb/pebble/compaction.go:1985 ⋮ [n1,pebble,s1] 38  [JOB 20] flushing: sstable created 000018
I210827 04:02:20.123771 122450 3@vendor/github.com/cockroachdb/pebble/compaction.go:1423 ⋮ [n1,pebble,s1] 39  [JOB 20] flushed 1 memtable to L0 [000018] (393 K), in 0.6s, output rate 625 K/s
I210827 04:02:20.134447 122433 3@vendor/github.com/cockroachdb/pebble/compaction.go:1791 ⋮ [n1,pebble,s1] 40  [JOB 22] compacting(default) L0 [000018] (393 K) + L6 [000016] (562 K)
I210827 04:02:20.138366 122433 3@vendor/github.com/cockroachdb/pebble/compaction.go:1985 ⋮ [n1,pebble,s1] 41  [JOB 22] compacting: sstable created 000019
I210827 04:02:20.354240 122433 3@vendor/github.com/cockroachdb/pebble/compaction.go:1832 ⋮ [n1,pebble,s1] 42  [JOB 22] compacted(default) L0 [000018] (393 K) + L6 [000016] (562 K) -> L6 [000019] (856 K), in 0.2s, output rate 3.8 M/s
I210827 04:02:20.360460 122515 3@vendor/github.com/cockroachdb/pebble/compaction.go:2716 ⋮ [n1,pebble,s1] 43  [JOB 22] sstable deleted 000016
I210827 04:02:20.361900 122515 3@vendor/github.com/cockroachdb/pebble/compaction.go:2716 ⋮ [n1,pebble,s1] 44  [JOB 22] sstable deleted 000018
I210827 04:18:39.451065 509 3@vendor/github.com/cockroachdb/pebble/db.go:1449 ⋮ [n1,pebble,s1] 45  [JOB 23] WAL created 000020 (recycled 000005)
I210827 04:18:39.451312 162822 3@vendor/github.com/cockroachdb/pebble/compaction.go:1366 ⋮ [n1,pebble,s1] 46  [JOB 24] flushing 1 memtable to L0
I210827 04:18:39.451840 162822 3@vendor/github.com/cockroachdb/pebble/compaction.go:1985 ⋮ [n1,pebble,s1] 47  [JOB 24] flushing: sstable created 000021
I210827 04:18:39.609489 162822 3@vendor/github.com/cockroachdb/pebble/compaction.go:1423 ⋮ [n1,pebble,s1] 48  [JOB 24] flushed 1 memtable to L0 [000021] (362 K), in 0.2s, output rate 2.2 M/s
I210827 04:18:39.614005 162827 3@vendor/github.com/cockroachdb/pebble/compaction.go:1791 ⋮ [n1,pebble,s1] 49  [JOB 26] compacting(default) L0 [000021] (362 K) + L6 [000019] (856 K)
I210827 04:18:39.615062 162827 3@vendor/github.com/cockroachdb/pebble/compaction.go:1985 ⋮ [n1,pebble,s1] 50  [JOB 26] compacting: sstable created 000022
I210827 04:18:39.680192 162827 3@vendor/github.com/cockroachdb/pebble/compaction.go:1832 ⋮ [n1,pebble,s1] 51  [JOB 26] compacted(default) L0 [000021] (362 K) + L6 [000019] (856 K) -> L6 [000022] (1.0 M), in 0.1s, output rate 16 M/s
I210827 04:18:39.682804 162853 3@vendor/github.com/cockroachdb/pebble/compaction.go:2716 ⋮ [n1,pebble,s1] 52  [JOB 26] sstable deleted 000019
I210827 04:18:39.683418 162853 3@vendor/github.com/cockroachdb/pebble/compaction.go:2716 ⋮ [n1,pebble,s1] 53  [JOB 26] sstable deleted 000021
I210827 04:34:50.834128 956 3@vendor/github.com/cockroachdb/pebble/db.go:1449 ⋮ [n1,pebble,s1] 54  [JOB 27] WAL created 000023 (recycled 000006)
I210827 04:34:50.834391 202903 3@vendor/github.com/cockroachdb/pebble/compaction.go:1366 ⋮ [n1,pebble,s1] 55  [JOB 28] flushing 1 memtable to L0
I210827 04:34:50.834942 202903 3@vendor/github.com/cockroachdb/pebble/compaction.go:1985 ⋮ [n1,pebble,s1] 56  [JOB 28] flushing: sstable created 000024
I210827 04:34:51.010010 202903 3@vendor/github.com/cockroachdb/pebble/compaction.go:1423 ⋮ [n1,pebble,s1] 57  [JOB 28] flushed 1 memtable to L0 [000024] (382 K), in 0.2s, output rate 2.1 M/s
I210827 04:34:51.015109 202906 3@vendor/github.com/cockroachdb/pebble/compaction.go:1791 ⋮ [n1,pebble,s1] 58  [JOB 30] compacting(default) L0 [000024] (382 K) + L6 [000022] (1.0 M)
I210827 04:34:51.016367 202906 3@vendor/github.com/cockroachdb/pebble/compaction.go:1985 ⋮ [n1,pebble,s1] 59  [JOB 30] compacting: sstable created 000025
I210827 04:34:51.095368 202906 3@vendor/github.com/cockroachdb/pebble/compaction.go:1832 ⋮ [n1,pebble,s1] 60  [JOB 30] compacted(default) L0 [000024] (382 K) + L6 [000022] (1.0 M) -> L6 [000025] (1.3 M), in 0.1s, output rate 16 M/s
I210827 04:34:51.098389 202833 3@vendor/github.com/cockroachdb/pebble/compaction.go:2716 ⋮ [n1,pebble,s1] 61  [JOB 30] sstable deleted 000022
I210827 04:34:51.099033 202833 3@vendor/github.com/cockroachdb/pebble/compaction.go:2716 ⋮ [n1,pebble,s1] 62  [JOB 30] sstable deleted 000024
