I210827 06:49:39.081298 16 util/log/file_sync_buffer.go:238 ⋮ [config]   file created at: 2021/08/27 06:49:39
I210827 06:49:39.082222 16 util/log/file_sync_buffer.go:238 ⋮ [config]   running on machine: ‹LAPTOP-NMOS6VH8›
I210827 06:49:39.082319 16 util/log/file_sync_buffer.go:238 ⋮ [config]   binary: CockroachDB CCL v21.1.7 (x86_64-w64-mingw32, built 2021/08/09 18:01:51, go1.15.14)
I210827 06:49:39.082350 16 util/log/file_sync_buffer.go:238 ⋮ [config]   arguments: ‹[cockroach start --insecure --store=node1 --listen-addr=localhost:26257 --http-addr=localhost:8080 --join=localhost:26257,localhost:26258]›
I210827 06:49:39.082446 16 util/log/file_sync_buffer.go:238 ⋮ [config]   log format (utf8=✓): crdb-v2
I210827 06:49:39.082463 16 util/log/file_sync_buffer.go:238 ⋮ [config]   line format: [IWEF]yymmdd hh:mm:ss.uuuuuu goid [chan@]file:line redactionmark \[tags\] [counter] msg
I210827 06:49:39.074242 16 3@vendor/github.com/cockroachdb/pebble/compaction.go:1985 ⋮ [n?,pebble,s?] 1  [JOB 1] flushing: sstable created 000026
I210827 06:49:39.407119 16 3@vendor/github.com/cockroachdb/pebble/open.go:305 ⋮ [n?,pebble,s?] 2  [JOB 1] WAL created 000027
I210827 06:49:39.414320 16 3@vendor/github.com/cockroachdb/pebble/version_set.go:457 ⋮ [n?,pebble,s?] 3  [JOB 1] MANIFEST created 000028
I210827 06:49:39.417084 49 3@vendor/github.com/cockroachdb/pebble/compaction.go:1791 ⋮ [n?,pebble,s?] 4  [JOB 3] compacting(default) L0 [000026] (350 K) + L6 [000025] (1.3 M)
I210827 06:49:39.417927 48 3@vendor/github.com/cockroachdb/pebble/table_stats.go:118 ⋮ [n?,pebble,s?] 5  [JOB 2] all initial table stats loaded
I210827 06:49:39.419272 47 3@vendor/github.com/cockroachdb/pebble/compaction.go:2702 ⋮ [n?,pebble,s?] 6  [JOB 1] WAL deleted 000007
I210827 06:49:39.420075 49 3@vendor/github.com/cockroachdb/pebble/compaction.go:1985 ⋮ [n?,pebble,s?] 7  [JOB 3] compacting: sstable created 000030
I210827 06:49:39.422353 47 3@vendor/github.com/cockroachdb/pebble/compaction.go:2702 ⋮ [n?,pebble,s?] 8  [JOB 1] WAL deleted 000011
I210827 06:49:39.425085 47 3@vendor/github.com/cockroachdb/pebble/compaction.go:2702 ⋮ [n?,pebble,s?] 9  [JOB 1] WAL deleted 000014
I210827 06:49:39.432971 47 3@vendor/github.com/cockroachdb/pebble/compaction.go:2702 ⋮ [n?,pebble,s?] 10  [JOB 1] WAL deleted 000017
I210827 06:49:39.443111 16 3@vendor/github.com/cockroachdb/pebble/version_set.go:156 ⋮ [n?,pebble,s?] 11  [JOB 1] MANIFEST created 000001
I210827 06:49:39.453830 47 3@vendor/github.com/cockroachdb/pebble/compaction.go:2702 ⋮ [n?,pebble,s?] 12  [JOB 1] WAL deleted 000020
I210827 06:49:39.455519 16 3@vendor/github.com/cockroachdb/pebble/open.go:305 ⋮ [n?,pebble,s?] 13  [JOB 1] WAL created 000002
I210827 06:49:39.462975 47 3@vendor/github.com/cockroachdb/pebble/compaction.go:2702 ⋮ [n?,pebble,s?] 14  [JOB 1] WAL deleted 000023
I210827 06:49:39.464095 47 3@vendor/github.com/cockroachdb/pebble/compaction.go:2709 ⋮ [n?,pebble,s?] 15  [JOB 1] MANIFEST deleted 000001
I210827 06:49:39.464934 148 3@vendor/github.com/cockroachdb/pebble/table_stats.go:118 ⋮ [n?,pebble,s‹temp›] 16  [JOB 2] all initial table stats loaded
I210827 06:49:39.574230 247 3@vendor/github.com/cockroachdb/pebble/db.go:1449 ⋮ [n1,pebble,s1] 17  [JOB 4] WAL created 000031
I210827 06:49:39.575742 49 3@vendor/github.com/cockroachdb/pebble/compaction.go:1832 ⋮ [n1,pebble,s1] 18  [JOB 3] compacted(default) L0 [000026] (350 K) + L6 [000025] (1.3 M) -> L6 [000030] (1.4 M), in 0.2s, output rate 9.2 M/s
I210827 06:49:39.582968 374 3@vendor/github.com/cockroachdb/pebble/compaction.go:2716 ⋮ [n1,pebble,s1] 19  [JOB 5] sstable deleted 000025
I210827 06:49:39.583943 374 3@vendor/github.com/cockroachdb/pebble/compaction.go:2716 ⋮ [n1,pebble,s1] 20  [JOB 5] sstable deleted 000026
