I210827 06:49:38.838254 1 util/log/file_sync_buffer.go:238 ⋮ [config]   file created at: 2021/08/27 06:49:38
I210827 06:49:38.838289 1 util/log/file_sync_buffer.go:238 ⋮ [config]   running on machine: ‹LAPTOP-NMOS6VH8›
I210827 06:49:38.838309 1 util/log/file_sync_buffer.go:238 ⋮ [config]   binary: CockroachDB CCL v21.1.7 (x86_64-w64-mingw32, built 2021/08/09 18:01:51, go1.15.14)
I210827 06:49:38.838322 1 util/log/file_sync_buffer.go:238 ⋮ [config]   arguments: ‹[cockroach start --insecure --store=node1 --listen-addr=localhost:26257 --http-addr=localhost:8080 --join=localhost:26257,localhost:26258]›
I210827 06:49:38.838346 1 util/log/file_sync_buffer.go:238 ⋮ [config]   log format (utf8=✓): crdb-v2
I210827 06:49:38.838357 1 util/log/file_sync_buffer.go:238 ⋮ [config]   line format: [IWEF]yymmdd hh:mm:ss.uuuuuu goid [chan@]file:line redactionmark \[tags\] [counter] msg
W210827 06:49:38.837438 1 1@cli/start.go:1010 ⋮ [-] 1  ALL SECURITY CONTROLS HAVE BEEN DISABLED!
W210827 06:49:38.837438 1 1@cli/start.go:1010 ⋮ [-] 1 +
W210827 06:49:38.837438 1 1@cli/start.go:1010 ⋮ [-] 1 +This mode is intended for non-production testing only.
W210827 06:49:38.837438 1 1@cli/start.go:1010 ⋮ [-] 1 +
W210827 06:49:38.837438 1 1@cli/start.go:1010 ⋮ [-] 1 +In this mode:
W210827 06:49:38.837438 1 1@cli/start.go:1010 ⋮ [-] 1 +- Your cluster is open to any client that can access ‹localhost›.
W210827 06:49:38.837438 1 1@cli/start.go:1010 ⋮ [-] 1 +- Intruders with access to your machine or network can observe client-server traffic.
W210827 06:49:38.837438 1 1@cli/start.go:1010 ⋮ [-] 1 +- Intruders can log in without password and read or write any data in the cluster.
W210827 06:49:38.837438 1 1@cli/start.go:1010 ⋮ [-] 1 +- Intruders can consume all your server's resources and cause unavailability.
I210827 06:49:38.843246 1 1@cli/start.go:1020 ⋮ [-] 2  To start a secure server without mandating TLS for clients,
I210827 06:49:38.843246 1 1@cli/start.go:1020 ⋮ [-] 2 +consider --accept-sql-without-tls instead. For other options, see:
I210827 06:49:38.843246 1 1@cli/start.go:1020 ⋮ [-] 2 +
I210827 06:49:38.843246 1 1@cli/start.go:1020 ⋮ [-] 2 +- ‹https://go.crdb.dev/issue-v/53404/v21.1›
I210827 06:49:38.843246 1 1@cli/start.go:1020 ⋮ [-] 2 +- https://www.cockroachlabs.com/docs/v21.1/secure-a-cluster.html
W210827 06:49:38.843332 1 1@cli/start.go:976 ⋮ [-] 3  ‹Using the default setting for --cache (128 MiB).›
W210827 06:49:38.843332 1 1@cli/start.go:976 ⋮ [-] 3 +‹  A significantly larger value is usually needed for good performance.›
W210827 06:49:38.843332 1 1@cli/start.go:976 ⋮ [-] 3 +‹  If you have a dedicated server a reasonable setting is --cache=.25 (4.0 GiB).›
I210827 06:49:38.843387 1 1@cli/start.go:1049 ⋮ [-] 4  ‹CockroachDB CCL v21.1.7 (x86_64-w64-mingw32, built 2021/08/09 18:01:51, go1.15.14)›
I210827 06:49:38.858172 1 server/config.go:431 ⋮ [-] 5  system total memory: ‹16 GiB›
I210827 06:49:38.858220 1 server/config.go:433 ⋮ [-] 6  server configuration:
I210827 06:49:38.858220 1 server/config.go:433 ⋮ [-] 6 +‹max offset             500000000›
I210827 06:49:38.858220 1 server/config.go:433 ⋮ [-] 6 +‹cache size             128 MiB›
I210827 06:49:38.858220 1 server/config.go:433 ⋮ [-] 6 +‹SQL memory pool size   4.0 GiB›
I210827 06:49:38.858220 1 server/config.go:433 ⋮ [-] 6 +‹scan interval          10m0s›
I210827 06:49:38.858220 1 server/config.go:433 ⋮ [-] 6 +‹scan min idle time     10ms›
I210827 06:49:38.858220 1 server/config.go:433 ⋮ [-] 6 +‹scan max idle time     1s›
I210827 06:49:38.858220 1 server/config.go:433 ⋮ [-] 6 +‹event log enabled      true›
I210827 06:49:38.858322 1 1@cli/start.go:961 ⋮ [-] 7  process identity: ‹uid S-1-5-21-3570080047-1938999795-4179426710-1001, gid S-1-5-21-3570080047-1938999795-4179426710-1001›
W210827 06:49:38.859693 1 1@cli/start.go:1127 ⋮ [-] 8  could not initialize GEOS - spatial functions may not be available: geos: error during GEOS init: geos: cannot load GEOS from dir ‹"/usr/local/lib/cockroach"›: ‹geos error: failed to execute dlsym›
I210827 06:49:38.859767 1 1@cli/start.go:528 ⋮ [-] 9  starting cockroach node
I210827 06:49:39.416951 16 server/config.go:568 ⋮ [n?] 10  1 storage engine‹› initialized
I210827 06:49:39.417010 16 server/config.go:571 ⋮ [n?] 11  ‹Pebble cache size: 128 MiB›
I210827 06:49:39.417033 16 server/config.go:571 ⋮ [n?] 12  ‹store 0: RocksDB, max size 0 B, max open file limit 10000›
I210827 06:49:39.485266 16 1@server/server.go:928 ⋮ [n?] 13  monitoring forward clock jumps based on server.clock.forward_jump_check_enabled
I210827 06:49:39.491692 152 1@server/server.go:1567 ⋮ [n?] 14  connecting to gossip network to verify cluster ID ‹"5827ea8c-8812-485f-adba-806836167e78"›
W210827 06:49:39.493026 16 2@gossip/gossip.go:1491 ⋮ [n?] 15  no incoming or outgoing connections
I210827 06:49:39.493104 16 gossip/gossip.go:402 ⋮ [n1] 16  NodeDescriptor set to ‹node_id:1 address:<network_field:"tcp" address_field:"localhost:26257" > attrs:<> locality:<> ServerVersion:<major_val:21 minor_val:1 patch:0 internal:0 > build_tag:"v21.1.7" started_at:1630046979493093600 cluster_name:"" sql_address:<network_field:"tcp" address_field:"localhost:26257" >›
I210827 06:49:39.494350 90 kv/kvserver/closedts/provider/provider.go:135 ⋮ [ct-closer] 17  disabling legacy closed-timestamp mechanism; the new one is enabled
I210827 06:49:39.500127 16 server/node.go:388 ⋮ [n1] 18  initialized store s1
I210827 06:49:39.500186 16 kv/kvserver/stores.go:250 ⋮ [n1] 19  read 1 node addresses from persistent storage
I210827 06:49:39.500315 152 1@server/server.go:1570 ⋮ [n1] 20  node connected via gossip
W210827 06:49:39.500169 340 kv/kvserver/replica_range_lease.go:611 ⋮ [n1,s1,r6/1:‹/Table/{SystemCon…-11}›] 21  can't determine lease status of (n1,s1):1 due to node liveness error: liveness record not found in cache
W210827 06:49:39.500169 340 kv/kvserver/replica_range_lease.go:611 ⋮ [n1,s1,r6/1:‹/Table/{SystemCon…-11}›] 21 +(1) attached stack trace
W210827 06:49:39.500169 340 kv/kvserver/replica_range_lease.go:611 ⋮ [n1,s1,r6/1:‹/Table/{SystemCon…-11}›] 21 +  -- stack trace:
W210827 06:49:39.500169 340 kv/kvserver/replica_range_lease.go:611 ⋮ [n1,s1,r6/1:‹/Table/{SystemCon…-11}›] 21 +  | github.com/cockroachdb/cockroach/pkg/kv/kvserver/liveness.init
W210827 06:49:39.500169 340 kv/kvserver/replica_range_lease.go:611 ⋮ [n1,s1,r6/1:‹/Table/{SystemCon…-11}›] 21 +  | 	/go/src/github.com/cockroachdb/cockroach/pkg/kv/kvserver/liveness/liveness.go:52
W210827 06:49:39.500169 340 kv/kvserver/replica_range_lease.go:611 ⋮ [n1,s1,r6/1:‹/Table/{SystemCon…-11}›] 21 +  | runtime.doInit
W210827 06:49:39.500169 340 kv/kvserver/replica_range_lease.go:611 ⋮ [n1,s1,r6/1:‹/Table/{SystemCon…-11}›] 21 +  | 	/usr/local/go/src/runtime/proc.go:5652
W210827 06:49:39.500169 340 kv/kvserver/replica_range_lease.go:611 ⋮ [n1,s1,r6/1:‹/Table/{SystemCon…-11}›] 21 +  | runtime.doInit
W210827 06:49:39.500169 340 kv/kvserver/replica_range_lease.go:611 ⋮ [n1,s1,r6/1:‹/Table/{SystemCon…-11}›] 21 +  | 	/usr/local/go/src/runtime/proc.go:5647
W210827 06:49:39.500169 340 kv/kvserver/replica_range_lease.go:611 ⋮ [n1,s1,r6/1:‹/Table/{SystemCon…-11}›] 21 +  | runtime.doInit
W210827 06:49:39.500169 340 kv/kvserver/replica_range_lease.go:611 ⋮ [n1,s1,r6/1:‹/Table/{SystemCon…-11}›] 21 +  | 	/usr/local/go/src/runtime/proc.go:5647
W210827 06:49:39.500169 340 kv/kvserver/replica_range_lease.go:611 ⋮ [n1,s1,r6/1:‹/Table/{SystemCon…-11}›] 21 +  | runtime.doInit
W210827 06:49:39.500169 340 kv/kvserver/replica_range_lease.go:611 ⋮ [n1,s1,r6/1:‹/Table/{SystemCon…-11}›] 21 +  | 	/usr/local/go/src/runtime/proc.go:5647
W210827 06:49:39.500169 340 kv/kvserver/replica_range_lease.go:611 ⋮ [n1,s1,r6/1:‹/Table/{SystemCon…-11}›] 21 +  | runtime.doInit
W210827 06:49:39.500169 340 kv/kvserver/replica_range_lease.go:611 ⋮ [n1,s1,r6/1:‹/Table/{SystemCon…-11}›] 21 +  | 	/usr/local/go/src/runtime/proc.go:5647
W210827 06:49:39.500169 340 kv/kvserver/replica_range_lease.go:611 ⋮ [n1,s1,r6/1:‹/Table/{SystemCon…-11}›] 21 +  | runtime.doInit
W210827 06:49:39.500169 340 kv/kvserver/replica_range_lease.go:611 ⋮ [n1,s1,r6/1:‹/Table/{SystemCon…-11}›] 21 +  | 	/usr/local/go/src/runtime/proc.go:5647
W210827 06:49:39.500169 340 kv/kvserver/replica_range_lease.go:611 ⋮ [n1,s1,r6/1:‹/Table/{SystemCon…-11}›] 21 +  | runtime.main
W210827 06:49:39.500169 340 kv/kvserver/replica_range_lease.go:611 ⋮ [n1,s1,r6/1:‹/Table/{SystemCon…-11}›] 21 +  | 	/usr/local/go/src/runtime/proc.go:191
W210827 06:49:39.500169 340 kv/kvserver/replica_range_lease.go:611 ⋮ [n1,s1,r6/1:‹/Table/{SystemCon…-11}›] 21 +  | runtime.goexit
W210827 06:49:39.500169 340 kv/kvserver/replica_range_lease.go:611 ⋮ [n1,s1,r6/1:‹/Table/{SystemCon…-11}›] 21 +  | 	/usr/local/go/src/runtime/asm_amd64.s:1374
W210827 06:49:39.500169 340 kv/kvserver/replica_range_lease.go:611 ⋮ [n1,s1,r6/1:‹/Table/{SystemCon…-11}›] 21 +Wraps: (2) liveness record not found in cache
W210827 06:49:39.500169 340 kv/kvserver/replica_range_lease.go:611 ⋮ [n1,s1,r6/1:‹/Table/{SystemCon…-11}›] 21 +Error types: (1) *withstack.withStack (2) *errutil.leafError
I210827 06:49:39.500875 16 server/node.go:465 ⋮ [n1] 22  started with engine type ‹2›
I210827 06:49:39.500903 16 server/node.go:467 ⋮ [n1] 24  started with attributes ‹[]›
W210827 06:49:39.500865 340 kv/kvserver/store.go:1701 ⋮ [n1,s1,r6/1:‹/Table/{SystemCon…-11}›] 23  could not gossip system config: ‹[NotLeaseHolderError] lease state couldn't be determined; r6: replica (n1,s1):1 not lease holder; lease holder unknown›
W210827 06:49:39.500865 340 kv/kvserver/store.go:1701 ⋮ [n1,s1,r6/1:‹/Table/{SystemCon…-11}›] 23 +(1) ‹[NotLeaseHolderError] lease state couldn't be determined; r6: replica (n1,s1):1 not lease holder; lease holder unknown›
W210827 06:49:39.500865 340 kv/kvserver/store.go:1701 ⋮ [n1,s1,r6/1:‹/Table/{SystemCon…-11}›] 23 +Error types: (1) *roachpb.NotLeaseHolderError
I210827 06:49:39.501043 16 server/goroutinedumper/goroutinedumper.go:120 ⋮ [n1] 25  writing goroutine dumps to ‹C:\Users\nkele\Downloads\shark_hacks\node1\logs\goroutine_dump›
I210827 06:49:39.501104 16 server/heapprofiler/heapprofiler.go:49 ⋮ [n1] 26  writing go heap profiles to ‹C:\Users\nkele\Downloads\shark_hacks\node1\logs\heap_profiler› at least every 1h0m0s
I210827 06:49:39.501125 16 server/heapprofiler/cgoprofiler.go:53 ⋮ [n1] 27  to enable jmalloc profiling: "export MALLOC_CONF=prof:true" or "ln -s prof:true /etc/malloc.conf"
I210827 06:49:39.501140 16 server/heapprofiler/statsprofiler.go:54 ⋮ [n1] 28  writing memory stats to ‹C:\Users\nkele\Downloads\shark_hacks\node1\logs\heap_profiler› at last every 1h0m0s
I210827 06:49:39.501180 16 1@server/server.go:1697 ⋮ [n1] 29  starting http server at ‹127.0.0.1:8080› (use: ‹localhost:8080›)
I210827 06:49:39.501212 16 1@server/server.go:1704 ⋮ [n1] 30  starting grpc/postgres server at ‹127.0.0.1:26257›
I210827 06:49:39.501233 16 1@server/server.go:1705 ⋮ [n1] 31  advertising CockroachDB node at ‹localhost:26257›
I210827 06:49:39.569426 186 kv/kvserver/liveness/liveness.go:737 ⋮ [n1,liveness-hb] 32  heartbeat failed on epoch increment; retrying
I210827 06:49:39.570477 16 1@util/log/event_log.go:32 ⋮ [n1] 33 ={"Timestamp":1630046979570475200,"EventType":"node_restart","NodeID":1,"StartedAt":1630046979493093600,"LastUp":1630040243902271200}
I210827 06:49:39.570740 387 sql/temporary_schema.go:492 ⋮ [n1] 34  running temporary object cleanup background job
I210827 06:49:39.570772 16 sql/sqlliveness/slinstance/slinstance.go:252 ⋮ [n1] 35  starting SQL liveness instance
I210827 06:49:39.571183 16 server/server_sql.go:854 ⋮ [n1] 36  done ensuring all necessary startup migrations have run
I210827 06:49:39.571469 16 1@server/server.go:2224 ⋮ [n1] 37  serving sql connections
I210827 06:49:39.571499 406 kv/kvserver/replica_rangefeed.go:623 ⋮ [n1,rangefeed=‹lease›,s1,r6/1:‹/Table/{SystemCon…-11}›] 38  RangeFeed closed timestamp 1630013023.832523500,0 is behind by 9h25m55.7389737s
I210827 06:49:39.571634 16 1@cli/start.go:694 ⋮ [config] 39  clusterID: ‹5827ea8c-8812-485f-adba-806836167e78›
I210827 06:49:39.571662 16 1@cli/start.go:694 ⋮ [config] 40  nodeID: n1
I210827 06:49:39.571705 16 1@cli/start.go:704 ⋮ [-] 41  node startup completed:
I210827 06:49:39.571705 16 1@cli/start.go:704 ⋮ [-] 41 +CockroachDB node starting at 2021-08-27 06:49:39.5715215 +0000 UTC (took 0.8s)
I210827 06:49:39.571705 16 1@cli/start.go:704 ⋮ [-] 41 +build:               CCL v21.1.7 @ 2021/08/09 18:01:51 (go1.15.14)
I210827 06:49:39.571705 16 1@cli/start.go:704 ⋮ [-] 41 +webui:               ‹http://localhost:8080›
I210827 06:49:39.571705 16 1@cli/start.go:704 ⋮ [-] 41 +sql:                 ‹postgresql://root@localhost:26257?sslmode=disable›
I210827 06:49:39.571705 16 1@cli/start.go:704 ⋮ [-] 41 +RPC client flags:    ‹cockroach <client cmd> --host=localhost:26257 --insecure›
I210827 06:49:39.571705 16 1@cli/start.go:704 ⋮ [-] 41 +logs:                ‹C:\Users\nkele\Downloads\shark_hacks\node1\logs›
I210827 06:49:39.571705 16 1@cli/start.go:704 ⋮ [-] 41 +temp dir:            ‹C:\Users\nkele\Downloads\shark_hacks\node1\cockroach-temp861446903›
I210827 06:49:39.571705 16 1@cli/start.go:704 ⋮ [-] 41 +external I/O path:   ‹C:\Users\nkele\Downloads\shark_hacks\node1\extern›
I210827 06:49:39.571705 16 1@cli/start.go:704 ⋮ [-] 41 +store[0]:            ‹path=C:\Users\nkele\Downloads\shark_hacks\node1›
I210827 06:49:39.571705 16 1@cli/start.go:704 ⋮ [-] 41 +storage engine:      pebble
I210827 06:49:39.571705 16 1@cli/start.go:704 ⋮ [-] 41 +status:              restarted pre-existing node
I210827 06:49:39.571705 16 1@cli/start.go:704 ⋮ [-] 41 +clusterID:           ‹5827ea8c-8812-485f-adba-806836167e78›
I210827 06:49:39.571705 16 1@cli/start.go:704 ⋮ [-] 41 +nodeID:              1
I210827 06:49:39.571760 419 jobs/job_scheduler.go:360 ⋮ [n1] 42  waiting 3m0s before scheduled jobs daemon start
I210827 06:49:39.575221 421 server/auto_upgrade.go:55 ⋮ [n1] 43  no need to upgrade, cluster already at the newest version
I210827 06:49:39.575951 398 sql/sqlliveness/slstorage/slstorage.go:351 ⋮ [n1] 44  inserted sqlliveness session ‹13f24b3e69594663a53aa77385320dd0›
I210827 06:49:39.576009 398 sql/sqlliveness/slinstance/slinstance.go:144 ⋮ [n1] 45  created new SQL liveness session ‹13f24b3e69594663a53aa77385320dd0›
I210827 06:49:39.577583 387 sql/temporary_schema.go:527 ⋮ [n1] 46  found 0 temporary schemas
I210827 06:49:39.577660 387 sql/temporary_schema.go:530 ⋮ [n1] 47  early exiting temporary schema cleaner as no temporary schemas were found
I210827 06:49:39.577698 387 sql/temporary_schema.go:531 ⋮ [n1] 48  completed temporary object cleanup job
I210827 06:49:39.577720 387 sql/temporary_schema.go:610 ⋮ [n1] 49  temporary object cleaner next scheduled to run at 2021-08-27 07:19:39.5706596 +0000 UTC
I210827 06:49:39.583401 365 sql/catalog/lease/lease.go:1937 ⋮ [-] 50  released orphaned lease: ‹{id:23 version:1 expiration:{Time:{wall:1915000 ext:63765637268 loc:<nil>}}}›
I210827 06:49:39.583406 364 sql/catalog/lease/lease.go:1937 ⋮ [-] 51  released orphaned lease: ‹{id:4 version:1 expiration:{Time:{wall:932344000 ext:63765637273 loc:<nil>}}}›
I210827 06:49:39.583667 368 sql/catalog/lease/lease.go:1937 ⋮ [-] 52  released orphaned lease: ‹{id:52 version:2 expiration:{Time:{wall:670193000 ext:63765637258 loc:<nil>}}}›
I210827 06:49:39.583672 367 sql/catalog/lease/lease.go:1937 ⋮ [-] 53  released orphaned lease: ‹{id:50 version:1 expiration:{Time:{wall:407235000 ext:63765637278 loc:<nil>}}}›
I210827 06:49:39.585398 469 sql/catalog/lease/lease.go:1937 ⋮ [-] 54  released orphaned lease: ‹{id:53 version:1 expiration:{Time:{wall:210238000 ext:63765637284 loc:<nil>}}}›
I210827 06:49:39.589291 366 sql/catalog/lease/lease.go:1937 ⋮ [-] 55  released orphaned lease: ‹{id:33 version:1 expiration:{Time:{wall:153881000 ext:63765637272 loc:<nil>}}}›
W210827 06:49:40.494997 55 vendor/google.golang.org/grpc/internal/channelz/logging.go:73 ⋮ [-] 56  ‹grpc: addrConn.createTransport failed to connect to {localhost:26258  <nil> 0 <nil>}. Err: connection error: desc = "transport: Error while dialing dial tcp [::1]:26258: i/o timeout". Reconnecting...›
I210827 06:49:40.495160 89 1@vendor/github.com/cockroachdb/circuitbreaker/circuitbreaker.go:322 ⋮ [n1] 57  circuitbreaker: ‹gossip 127.0.0.1:26257->localhost:26258› tripped: ‹initial connection heartbeat failed›: ‹rpc error: code = Unavailable desc = connection error: desc = "transport: Error while dialing dial tcp [::1]:26258: i/o timeout"›
I210827 06:49:40.495288 89 1@vendor/github.com/cockroachdb/circuitbreaker/circuitbreaker.go:447 ⋮ [n1] 58  circuitbreaker: ‹gossip 127.0.0.1:26257->localhost:26258› event: ‹BreakerTripped›
W210827 06:49:40.495323 89 gossip/client.go:118 ⋮ [n1] 59  failed to start gossip client to ‹localhost:26258›: ‹initial connection heartbeat failed›: ‹rpc error: code = Unavailable desc = connection error: desc = "transport: Error while dialing dial tcp [::1]:26258: i/o timeout"›
W210827 06:49:41.496317 55 vendor/google.golang.org/grpc/internal/channelz/logging.go:73 ⋮ [-] 60  ‹grpc: addrConn.createTransport failed to connect to {localhost:26258  <nil> 0 <nil>}. Err: connection error: desc = "transport: Error while dialing cannot reuse client connection". Reconnecting...›
I210827 06:49:41.684307 198 1@gossip/gossip.go:1505 ⋮ [n1] 61  node has connected to cluster via gossip
I210827 06:49:41.693476 198 kv/kvserver/stores.go:269 ⋮ [n1] 62  wrote 0 node addresses to persistent storage
W210827 06:49:42.497871 223 vendor/google.golang.org/grpc/internal/channelz/logging.go:73 ⋮ [-] 63  ‹grpc: addrConn.createTransport failed to connect to {localhost:26258  <nil> 0 <nil>}. Err: connection error: desc = "transport: Error while dialing dial tcp [::1]:26258: i/o timeout". Reconnecting...›
W210827 06:49:49.502137 184 1@server/status/runtime.go:476 ⋮ [n1] 64  unable to get file descriptor usage (will not try again): ‹not implemented on windows›
I210827 06:49:49.510809 184 2@server/status/runtime.go:569 ⋮ [n1] 65  runtime stats: 105 MiB RSS, 241 goroutines (stacks: 4.1 MiB), 20 MiB/52 MiB Go alloc/total (heap fragmentation: 6.4 MiB, heap reserved: 12 MiB, heap released: 9.6 MiB), 418 KiB/1.5 MiB CGO alloc/total (0.0 CGO/sec), 0.0/0.0 %(u/s)time, 0.0 %gc (0x), 17 KiB/9.2 KiB (r/w)net
I210827 06:49:57.372020 397 sql/sqlliveness/slstorage/slstorage.go:334 ⋮ [n1] 66  deleted 2 expired SQL liveness sessions
I210827 06:49:59.509201 180 kv/kvserver/store.go:2674 ⋮ [n1,s1] 67  
I210827 06:49:59.509201 180 kv/kvserver/store.go:2674 ⋮ [n1,s1] 67 +__level_____count____size___score______in__ingest(sz_cnt)____move(sz_cnt)___write(sz_cnt)____read___r-amp___w-amp
I210827 06:49:59.509201 180 kv/kvserver/store.go:2674 ⋮ [n1,s1] 67 +    WAL         2   640 K       -   637 K       -       -       -       -   640 K       -       -       -     1.0
I210827 06:49:59.509201 180 kv/kvserver/store.go:2674 ⋮ [n1,s1] 67 +      0         0     0 B    0.00     0 B     0 B       0     0 B       0     0 B       0     0 B       0     0.0
I210827 06:49:59.509201 180 kv/kvserver/store.go:2674 ⋮ [n1,s1] 67 +      1         0     0 B    0.00     0 B     0 B       0     0 B       0     0 B       0     0 B       0     0.0
I210827 06:49:59.509201 180 kv/kvserver/store.go:2674 ⋮ [n1,s1] 67 +      2         0     0 B    0.00     0 B     0 B       0     0 B       0     0 B       0     0 B       0     0.0
I210827 06:49:59.509201 180 kv/kvserver/store.go:2674 ⋮ [n1,s1] 67 +      3         0     0 B    0.00     0 B     0 B       0     0 B       0     0 B       0     0 B       0     0.0
I210827 06:49:59.509201 180 kv/kvserver/store.go:2674 ⋮ [n1,s1] 67 +      4         0     0 B    0.00     0 B     0 B       0     0 B       0     0 B       0     0 B       0     0.0
I210827 06:49:59.509201 180 kv/kvserver/store.go:2674 ⋮ [n1,s1] 67 +      5         0     0 B    0.00     0 B     0 B       0     0 B       0     0 B       0     0 B       0     0.0
I210827 06:49:59.509201 180 kv/kvserver/store.go:2674 ⋮ [n1,s1] 67 +      6         1   1.4 M       -   350 K     0 B       0     0 B       0   1.4 M       1   1.6 M       1     4.2
I210827 06:49:59.509201 180 kv/kvserver/store.go:2674 ⋮ [n1,s1] 67 +  total         1   1.4 M       -   640 K     0 B       0     0 B       0   2.1 M       1   1.6 M       1     3.3
I210827 06:49:59.509201 180 kv/kvserver/store.go:2674 ⋮ [n1,s1] 67 +  flush         0
I210827 06:49:59.509201 180 kv/kvserver/store.go:2674 ⋮ [n1,s1] 67 +compact         1     0 B           350 K  (size == estimated-debt, in = in-progress-bytes)
I210827 06:49:59.509201 180 kv/kvserver/store.go:2674 ⋮ [n1,s1] 67 + memtbl         2    64 M
I210827 06:49:59.509201 180 kv/kvserver/store.go:2674 ⋮ [n1,s1] 67 +zmemtbl         0     0 B
I210827 06:49:59.509201 180 kv/kvserver/store.go:2674 ⋮ [n1,s1] 67 +   ztbl         0     0 B
I210827 06:49:59.509201 180 kv/kvserver/store.go:2674 ⋮ [n1,s1] 67 + bcache        17   570 K   89.2%  (score == hit-rate)
I210827 06:49:59.509201 180 kv/kvserver/store.go:2674 ⋮ [n1,s1] 67 + tcache         1   616 B   99.8%  (score == hit-rate)
I210827 06:49:59.509201 180 kv/kvserver/store.go:2674 ⋮ [n1,s1] 67 + titers         0
I210827 06:49:59.509201 180 kv/kvserver/store.go:2674 ⋮ [n1,s1] 67 + filter         -       -   86.1%  (score == utility)
I210827 06:49:59.510697 184 2@server/status/runtime.go:569 ⋮ [n1] 68  runtime stats: 107 MiB RSS, 244 goroutines (stacks: 4.9 MiB), 31 MiB/52 MiB Go alloc/total (heap fragmentation: 4.2 MiB, heap reserved: 2.2 MiB, heap released: 9.3 MiB), 418 KiB/1.5 MiB CGO alloc/total (518.1 CGO/sec), 0.5/0.6 %(u/s)time, 0.0 %gc (0x), 1.1 MiB/313 KiB (r/w)net
I210827 06:50:09.512803 184 2@server/status/runtime.go:569 ⋮ [n1] 69  runtime stats: 110 MiB RSS, 244 goroutines (stacks: 4.3 MiB), 27 MiB/55 MiB Go alloc/total (heap fragmentation: 5.8 MiB, heap reserved: 7.6 MiB, heap released: 7.0 MiB), 418 KiB/1.5 MiB CGO alloc/total (458.6 CGO/sec), 1.1/0.3 %(u/s)time, 0.0 %gc (0x), 152 KiB/90 KiB (r/w)net
I210827 06:50:19.517337 184 2@server/status/runtime.go:569 ⋮ [n1] 70  runtime stats: 110 MiB RSS, 245 goroutines (stacks: 4.8 MiB), 36 MiB/55 MiB Go alloc/total (heap fragmentation: 4.2 MiB, heap reserved: 512 KiB, heap released: 6.7 MiB), 418 KiB/1.5 MiB CGO alloc/total (433.4 CGO/sec), 0.3/1.1 %(u/s)time, 0.0 %gc (0x), 12 KiB/20 KiB (r/w)net
I210827 06:50:29.512933 184 2@server/status/runtime.go:569 ⋮ [n1] 71  runtime stats: 113 MiB RSS, 247 goroutines (stacks: 4.4 MiB), 30 MiB/57 MiB Go alloc/total (heap fragmentation: 5.7 MiB, heap reserved: 7.1 MiB, heap released: 4.9 MiB), 418 KiB/1.5 MiB CGO alloc/total (414.9 CGO/sec), 0.8/0.2 %(u/s)time, 0.0 %gc (0x), 2.0 KiB/7.4 KiB (r/w)net
I210827 06:50:39.527356 184 2@server/status/runtime.go:569 ⋮ [n1] 72  runtime stats: 114 MiB RSS, 249 goroutines (stacks: 4.8 MiB), 37 MiB/57 MiB Go alloc/total (heap fragmentation: 4.5 MiB, heap reserved: 920 KiB, heap released: 4.7 MiB), 418 KiB/1.5 MiB CGO alloc/total (298.9 CGO/sec), 0.6/0.6 %(u/s)time, 0.0 %gc (0x), 691 B/1.4 KiB (r/w)net
I210827 06:50:39.527684 181 2@gossip/gossip.go:567 ⋮ [n1] 73  gossip status (ok, 1 node‹›)
I210827 06:50:39.527684 181 2@gossip/gossip.go:567 ⋮ [n1] 73 +gossip client (0/3 cur/max conns)
I210827 06:50:39.527684 181 2@gossip/gossip.go:567 ⋮ [n1] 73 +gossip server (0/3 cur/max conns, infos 0/0 sent/received, bytes 0B/0B sent/received)
I210827 06:50:39.527684 181 2@gossip/gossip.go:567 ⋮ [n1] 73 +gossip connectivity
I210827 06:50:39.527684 181 2@gossip/gossip.go:567 ⋮ [n1] 73 +  n1 [sentinel];
I210827 06:50:49.523773 184 2@server/status/runtime.go:569 ⋮ [n1] 74  runtime stats: 119 MiB RSS, 246 goroutines (stacks: 4.5 MiB), 29 MiB/62 MiB Go alloc/total (heap fragmentation: 6.4 MiB, heap reserved: 12 MiB, heap released: 3.7 MiB), 418 KiB/1.5 MiB CGO alloc/total (450.6 CGO/sec), 2.5/0.9 %(u/s)time, 0.0 %gc (0x), 70 KiB/19 KiB (r/w)net
I210827 06:50:59.523539 184 2@server/status/runtime.go:569 ⋮ [n1] 75  runtime stats: 119 MiB RSS, 246 goroutines (stacks: 4.7 MiB), 36 MiB/62 MiB Go alloc/total (heap fragmentation: 5.0 MiB, heap reserved: 6.8 MiB, heap released: 3.7 MiB), 418 KiB/1.5 MiB CGO alloc/total (297.4 CGO/sec), 0.8/0.3 %(u/s)time, 0.0 %gc (0x), 7.5 KiB/6.6 KiB (r/w)net
I210827 06:51:09.525273 184 2@server/status/runtime.go:569 ⋮ [n1] 76  runtime stats: 120 MiB RSS, 246 goroutines (stacks: 4.4 MiB), 23 MiB/62 MiB Go alloc/total (heap fragmentation: 7.9 MiB, heap reserved: 17 MiB, heap released: 3.6 MiB), 418 KiB/1.5 MiB CGO alloc/total (312.9 CGO/sec), 1.4/0.0 %(u/s)time, 0.0 %gc (0x), 1.3 KiB/1.2 KiB (r/w)net
I210827 06:51:19.525846 184 2@server/status/runtime.go:569 ⋮ [n1] 77  runtime stats: 120 MiB RSS, 247 goroutines (stacks: 4.8 MiB), 31 MiB/62 MiB Go alloc/total (heap fragmentation: 5.6 MiB, heap reserved: 11 MiB, heap released: 3.6 MiB), 418 KiB/1.5 MiB CGO alloc/total (326.2 CGO/sec), 0.8/0.5 %(u/s)time, 0.0 %gc (0x), 1.1 KiB/1.4 KiB (r/w)net
I210827 06:51:29.523894 184 2@server/status/runtime.go:569 ⋮ [n1] 78  runtime stats: 121 MiB RSS, 247 goroutines (stacks: 4.9 MiB), 39 MiB/62 MiB Go alloc/total (heap fragmentation: 4.3 MiB, heap reserved: 4.6 MiB, heap released: 3.6 MiB), 418 KiB/1.5 MiB CGO alloc/total (297.5 CGO/sec), 0.9/0.2 %(u/s)time, 0.0 %gc (0x), 1.2 KiB/1.2 KiB (r/w)net
I210827 06:51:39.509180 181 2@gossip/gossip.go:567 ⋮ [n1] 79  gossip status (ok, 1 node‹›)
I210827 06:51:39.509180 181 2@gossip/gossip.go:567 ⋮ [n1] 79 +gossip client (0/3 cur/max conns)
I210827 06:51:39.509180 181 2@gossip/gossip.go:567 ⋮ [n1] 79 +gossip server (0/3 cur/max conns, infos 0/0 sent/received, bytes 0B/0B sent/received)
I210827 06:51:39.514518 184 2@server/status/runtime.go:569 ⋮ [n1] 80  runtime stats: 121 MiB RSS, 247 goroutines (stacks: 4.3 MiB), 29 MiB/63 MiB Go alloc/total (heap fragmentation: 6.4 MiB, heap reserved: 14 MiB, heap released: 2.8 MiB), 418 KiB/1.5 MiB CGO alloc/total (339.4 CGO/sec), 0.8/0.3 %(u/s)time, 0.0 %gc (0x), 1.4 KiB/1.5 KiB (r/w)net
I210827 06:51:49.525833 184 2@server/status/runtime.go:569 ⋮ [n1] 81  runtime stats: 122 MiB RSS, 246 goroutines (stacks: 4.8 MiB), 38 MiB/63 MiB Go alloc/total (heap fragmentation: 4.2 MiB, heap reserved: 6.5 MiB, heap released: 2.8 MiB), 419 KiB/1.5 MiB CGO alloc/total (365.6 CGO/sec), 0.3/0.2 %(u/s)time, 0.0 %gc (0x), 2.4 KiB/4.9 KiB (r/w)net
I210827 06:51:59.526689 184 2@server/status/runtime.go:569 ⋮ [n1] 82  runtime stats: 122 MiB RSS, 246 goroutines (stacks: 4.1 MiB), 25 MiB/63 MiB Go alloc/total (heap fragmentation: 7.4 MiB, heap reserved: 17 MiB, heap released: 2.7 MiB), 419 KiB/1.5 MiB CGO alloc/total (258.0 CGO/sec), 0.8/0.3 %(u/s)time, 0.0 %gc (0x), 1.4 KiB/1.3 KiB (r/w)net
I210827 06:52:09.513898 184 2@server/status/runtime.go:569 ⋮ [n1] 83  runtime stats: 123 MiB RSS, 246 goroutines (stacks: 4.8 MiB), 33 MiB/64 MiB Go alloc/total (heap fragmentation: 5.5 MiB, heap reserved: 10 MiB, heap released: 2.3 MiB), 419 KiB/1.5 MiB CGO alloc/total (289.9 CGO/sec), 0.5/0.3 %(u/s)time, 0.0 %gc (0x), 1.7 KiB/1.5 KiB (r/w)net
I210827 06:52:19.528215 184 2@server/status/runtime.go:569 ⋮ [n1] 84  runtime stats: 124 MiB RSS, 247 goroutines (stacks: 5.1 MiB), 41 MiB/64 MiB Go alloc/total (heap fragmentation: 4.1 MiB, heap reserved: 3.8 MiB, heap released: 2.3 MiB), 419 KiB/1.5 MiB CGO alloc/total (278.1 CGO/sec), 1.6/0.2 %(u/s)time, 0.0 %gc (0x), 1.7 KiB/1.4 KiB (r/w)net
I210827 06:52:29.529078 184 2@server/status/runtime.go:569 ⋮ [n1] 85  runtime stats: 125 MiB RSS, 247 goroutines (stacks: 4.0 MiB), 27 MiB/64 MiB Go alloc/total (heap fragmentation: 6.7 MiB, heap reserved: 17 MiB, heap released: 1.7 MiB), 419 KiB/1.5 MiB CGO alloc/total (277.2 CGO/sec), 1.1/0.5 %(u/s)time, 0.0 %gc (0x), 1.3 KiB/1.6 KiB (r/w)net
I210827 06:52:39.501071 181 2@gossip/gossip.go:567 ⋮ [n1] 86  gossip status (ok, 1 node‹›)
I210827 06:52:39.501071 181 2@gossip/gossip.go:567 ⋮ [n1] 86 +gossip client (0/3 cur/max conns)
I210827 06:52:39.501071 181 2@gossip/gossip.go:567 ⋮ [n1] 86 +gossip server (0/3 cur/max conns, infos 0/0 sent/received, bytes 0B/0B sent/received)
I210827 06:52:39.520815 184 2@server/status/runtime.go:569 ⋮ [n1] 87  runtime stats: 125 MiB RSS, 248 goroutines (stacks: 4.6 MiB), 34 MiB/64 MiB Go alloc/total (heap fragmentation: 5.3 MiB, heap reserved: 10 MiB, heap released: 1.7 MiB), 419 KiB/1.5 MiB CGO alloc/total (256.0 CGO/sec), 1.1/0.3 %(u/s)time, 0.0 %gc (0x), 1.1 KiB/1.2 KiB (r/w)net
I210827 06:52:49.518148 184 2@server/status/runtime.go:569 ⋮ [n1] 88  runtime stats: 126 MiB RSS, 246 goroutines (stacks: 4.1 MiB), 25 MiB/64 MiB Go alloc/total (heap fragmentation: 7.2 MiB, heap reserved: 18 MiB, heap released: 1.6 MiB), 419 KiB/1.5 MiB CGO alloc/total (421.2 CGO/sec), 1.3/0.6 %(u/s)time, 0.0 %gc (0x), 4.3 KiB/5.4 KiB (r/w)net
I210827 06:52:59.534029 184 2@server/status/runtime.go:569 ⋮ [n1] 89  runtime stats: 127 MiB RSS, 246 goroutines (stacks: 4.6 MiB), 32 MiB/64 MiB Go alloc/total (heap fragmentation: 5.5 MiB, heap reserved: 12 MiB, heap released: 1.6 MiB), 419 KiB/1.5 MiB CGO alloc/total (245.2 CGO/sec), 0.5/0.2 %(u/s)time, 0.0 %gc (0x), 130 KiB/50 KiB (r/w)net
I210827 06:53:09.533725 184 2@server/status/runtime.go:569 ⋮ [n1] 90  runtime stats: 127 MiB RSS, 246 goroutines (stacks: 4.8 MiB), 39 MiB/64 MiB Go alloc/total (heap fragmentation: 4.1 MiB, heap reserved: 6.7 MiB, heap released: 1.6 MiB), 419 KiB/1.5 MiB CGO alloc/total (265.4 CGO/sec), 1.3/0.3 %(u/s)time, 0.0 %gc (0x), 10 KiB/7.1 KiB (r/w)net
I210827 06:53:19.531940 184 2@server/status/runtime.go:569 ⋮ [n1] 91  runtime stats: 127 MiB RSS, 247 goroutines (stacks: 4.1 MiB), 25 MiB/64 MiB Go alloc/total (heap fragmentation: 7.2 MiB, heap reserved: 18 MiB, heap released: 1.6 MiB), 419 KiB/1.5 MiB CGO alloc/total (260.7 CGO/sec), 0.5/0.5 %(u/s)time, 0.0 %gc (0x), 2.1 KiB/4.5 KiB (r/w)net
I210827 06:53:29.532722 184 2@server/status/runtime.go:569 ⋮ [n1] 92  runtime stats: 128 MiB RSS, 247 goroutines (stacks: 4.5 MiB), 32 MiB/64 MiB Go alloc/total (heap fragmentation: 5.3 MiB, heap reserved: 13 MiB, heap released: 1.6 MiB), 419 KiB/1.5 MiB CGO alloc/total (276.5 CGO/sec), 1.1/0.6 %(u/s)time, 0.0 %gc (0x), 1.2 KiB/1.3 KiB (r/w)net
I210827 06:53:39.523661 181 2@gossip/gossip.go:567 ⋮ [n1] 93  gossip status (ok, 1 node‹›)
I210827 06:53:39.523661 181 2@gossip/gossip.go:567 ⋮ [n1] 93 +gossip client (0/3 cur/max conns)
I210827 06:53:39.523661 181 2@gossip/gossip.go:567 ⋮ [n1] 93 +gossip server (0/3 cur/max conns, infos 0/0 sent/received, bytes 0B/0B sent/received)
I210827 06:53:39.534936 184 2@server/status/runtime.go:569 ⋮ [n1] 94  runtime stats: 128 MiB RSS, 247 goroutines (stacks: 4.8 MiB), 39 MiB/64 MiB Go alloc/total (heap fragmentation: 4.2 MiB, heap reserved: 6.5 MiB, heap released: 1.6 MiB), 419 KiB/1.5 MiB CGO alloc/total (246.7 CGO/sec), 0.9/0.8 %(u/s)time, 0.0 %gc (0x), 6.6 KiB/3.2 KiB (r/w)net
I210827 06:53:49.530030 184 2@server/status/runtime.go:569 ⋮ [n1] 95  runtime stats: 128 MiB RSS, 246 goroutines (stacks: 4.3 MiB), 27 MiB/64 MiB Go alloc/total (heap fragmentation: 6.1 MiB, heap reserved: 17 MiB, heap released: 1.5 MiB), 419 KiB/1.5 MiB CGO alloc/total (390.8 CGO/sec), 1.6/0.6 %(u/s)time, 0.0 %gc (0x), 1.6 KiB/1.3 KiB (r/w)net
I210827 06:53:59.533775 184 2@server/status/runtime.go:569 ⋮ [n1] 96  runtime stats: 129 MiB RSS, 246 goroutines (stacks: 4.9 MiB), 34 MiB/64 MiB Go alloc/total (heap fragmentation: 4.5 MiB, heap reserved: 11 MiB, heap released: 1.5 MiB), 419 KiB/1.5 MiB CGO alloc/total (265.8 CGO/sec), 1.1/0.5 %(u/s)time, 0.0 %gc (0x), 2.6 KiB/2.6 KiB (r/w)net
I210827 06:54:09.536039 184 2@server/status/runtime.go:569 ⋮ [n1] 97  runtime stats: 129 MiB RSS, 247 goroutines (stacks: 5.2 MiB), 42 MiB/64 MiB Go alloc/total (heap fragmentation: 3.9 MiB, heap reserved: 3.7 MiB, heap released: 1.5 MiB), 419 KiB/1.5 MiB CGO alloc/total (247.8 CGO/sec), 0.8/0.3 %(u/s)time, 0.0 %gc (0x), 1008 B/1.1 KiB (r/w)net
I210827 06:54:19.535398 184 2@server/status/runtime.go:569 ⋮ [n1] 98  runtime stats: 127 MiB RSS, 247 goroutines (stacks: 4.3 MiB), 32 MiB/62 MiB Go alloc/total (heap fragmentation: 6.5 MiB, heap reserved: 9.4 MiB, heap released: 4.0 MiB), 419 KiB/1.5 MiB CGO alloc/total (322.7 CGO/sec), 1.4/0.8 %(u/s)time, 0.0 %gc (0x), 1.2 KiB/1.5 KiB (r/w)net
I210827 06:54:29.536567 184 2@server/status/runtime.go:569 ⋮ [n1] 99  runtime stats: 128 MiB RSS, 247 goroutines (stacks: 4.7 MiB), 39 MiB/62 MiB Go alloc/total (heap fragmentation: 5.0 MiB, heap reserved: 3.1 MiB, heap released: 4.0 MiB), 419 KiB/1.5 MiB CGO alloc/total (249.0 CGO/sec), 0.6/0.3 %(u/s)time, 0.0 %gc (0x), 1.5 KiB/1.8 KiB (r/w)net
I210827 06:54:39.501029 181 2@gossip/gossip.go:567 ⋮ [n1] 100  gossip status (ok, 1 node‹›)
I210827 06:54:39.501029 181 2@gossip/gossip.go:567 ⋮ [n1] 100 +gossip client (0/3 cur/max conns)
I210827 06:54:39.501029 181 2@gossip/gossip.go:567 ⋮ [n1] 100 +gossip server (0/3 cur/max conns, infos 0/0 sent/received, bytes 0B/0B sent/received)
I210827 06:54:39.537790 184 2@server/status/runtime.go:569 ⋮ [n1] 101  runtime stats: 129 MiB RSS, 247 goroutines (stacks: 4.1 MiB), 27 MiB/62 MiB Go alloc/total (heap fragmentation: 6.9 MiB, heap reserved: 15 MiB, heap released: 3.6 MiB), 419 KiB/1.5 MiB CGO alloc/total (252.3 CGO/sec), 2.7/0.5 %(u/s)time, 0.0 %gc (0x), 1.5 KiB/3.9 KiB (r/w)net
I210827 06:54:49.524392 184 2@server/status/runtime.go:569 ⋮ [n1] 102  runtime stats: 129 MiB RSS, 246 goroutines (stacks: 4.9 MiB), 36 MiB/62 MiB Go alloc/total (heap fragmentation: 4.4 MiB, heap reserved: 6.7 MiB, heap released: 3.6 MiB), 419 KiB/1.5 MiB CGO alloc/total (412.9 CGO/sec), 1.3/1.1 %(u/s)time, 0.0 %gc (0x), 1.0 KiB/1.4 KiB (r/w)net
I210827 06:54:59.537480 184 2@server/status/runtime.go:569 ⋮ [n1] 103  runtime stats: 130 MiB RSS, 246 goroutines (stacks: 3.8 MiB), 23 MiB/63 MiB Go alloc/total (heap fragmentation: 8.3 MiB, heap reserved: 18 MiB, heap released: 3.2 MiB), 419 KiB/1.5 MiB CGO alloc/total (255.4 CGO/sec), 2.0/0.3 %(u/s)time, 0.0 %gc (0x), 1.1 KiB/1.2 KiB (r/w)net
I210827 06:55:09.539669 184 2@server/status/runtime.go:569 ⋮ [n1] 104  runtime stats: 130 MiB RSS, 246 goroutines (stacks: 4.5 MiB), 31 MiB/63 MiB Go alloc/total (heap fragmentation: 6.4 MiB, heap reserved: 11 MiB, heap released: 3.2 MiB), 419 KiB/1.5 MiB CGO alloc/total (257.8 CGO/sec), 1.1/0.6 %(u/s)time, 0.0 %gc (0x), 1.5 KiB/1.6 KiB (r/w)net
I210827 06:55:19.530218 184 2@server/status/runtime.go:569 ⋮ [n1] 105  runtime stats: 130 MiB RSS, 247 goroutines (stacks: 4.6 MiB), 38 MiB/63 MiB Go alloc/total (heap fragmentation: 4.7 MiB, heap reserved: 4.9 MiB, heap released: 3.2 MiB), 419 KiB/1.5 MiB CGO alloc/total (269.7 CGO/sec), 0.6/0.3 %(u/s)time, 0.0 %gc (0x), 1.3 KiB/1.8 KiB (r/w)net
I210827 06:55:29.537699 184 2@server/status/runtime.go:569 ⋮ [n1] 106  runtime stats: 131 MiB RSS, 247 goroutines (stacks: 3.9 MiB), 26 MiB/63 MiB Go alloc/total (heap fragmentation: 7.0 MiB, heap reserved: 16 MiB, heap released: 2.9 MiB), 419 KiB/1.5 MiB CGO alloc/total (259.7 CGO/sec), 0.8/0.3 %(u/s)time, 0.0 %gc (0x), 12 KiB/4.6 KiB (r/w)net
I210827 06:55:39.529129 181 2@gossip/gossip.go:567 ⋮ [n1] 107  gossip status (ok, 1 node‹›)
I210827 06:55:39.529129 181 2@gossip/gossip.go:567 ⋮ [n1] 107 +gossip client (0/3 cur/max conns)
I210827 06:55:39.529129 181 2@gossip/gossip.go:567 ⋮ [n1] 107 +gossip server (0/3 cur/max conns, infos 0/0 sent/received, bytes 0B/0B sent/received)
I210827 06:55:39.539224 184 2@server/status/runtime.go:569 ⋮ [n1] 108  runtime stats: 131 MiB RSS, 247 goroutines (stacks: 4.5 MiB), 33 MiB/63 MiB Go alloc/total (heap fragmentation: 5.4 MiB, heap reserved: 10 MiB, heap released: 2.9 MiB), 419 KiB/1.5 MiB CGO alloc/total (262.1 CGO/sec), 0.5/0.8 %(u/s)time, 0.0 %gc (0x), 3.0 KiB/4.0 KiB (r/w)net
I210827 06:55:49.539583 184 2@server/status/runtime.go:569 ⋮ [n1] 109  runtime stats: 132 MiB RSS, 246 goroutines (stacks: 4.1 MiB), 23 MiB/63 MiB Go alloc/total (heap fragmentation: 7.6 MiB, heap reserved: 18 MiB, heap released: 2.9 MiB), 419 KiB/1.5 MiB CGO alloc/total (392.8 CGO/sec), 1.9/0.8 %(u/s)time, 0.0 %gc (0x), 1.0 KiB/1.7 KiB (r/w)net
I210827 06:55:59.539782 184 2@server/status/runtime.go:569 ⋮ [n1] 110  runtime stats: 132 MiB RSS, 246 goroutines (stacks: 4.5 MiB), 30 MiB/63 MiB Go alloc/total (heap fragmentation: 5.6 MiB, heap reserved: 13 MiB, heap released: 2.9 MiB), 419 KiB/1.5 MiB CGO alloc/total (257.5 CGO/sec), 1.1/0.3 %(u/s)time, 0.0 %gc (0x), 2.8 KiB/5.0 KiB (r/w)net
I210827 06:56:09.540923 184 2@server/status/runtime.go:569 ⋮ [n1] 111  runtime stats: 132 MiB RSS, 246 goroutines (stacks: 4.7 MiB), 37 MiB/63 MiB Go alloc/total (heap fragmentation: 4.4 MiB, heap reserved: 6.6 MiB, heap released: 2.9 MiB), 419 KiB/1.5 MiB CGO alloc/total (253.1 CGO/sec), 0.8/0.5 %(u/s)time, 0.0 %gc (0x), 6.4 KiB/4.8 KiB (r/w)net
I210827 06:56:19.542513 184 2@server/status/runtime.go:569 ⋮ [n1] 112  runtime stats: 133 MiB RSS, 247 goroutines (stacks: 4.0 MiB), 27 MiB/63 MiB Go alloc/total (heap fragmentation: 7.1 MiB, heap reserved: 15 MiB, heap released: 2.9 MiB), 419 KiB/1.5 MiB CGO alloc/total (273.0 CGO/sec), 2.5/0.3 %(u/s)time, 0.0 %gc (0x), 1.2 KiB/1.8 KiB (r/w)net
I210827 06:56:29.540165 184 2@server/status/runtime.go:569 ⋮ [n1] 113  runtime stats: 133 MiB RSS, 247 goroutines (stacks: 4.5 MiB), 34 MiB/63 MiB Go alloc/total (heap fragmentation: 5.3 MiB, heap reserved: 9.6 MiB, heap released: 2.9 MiB), 419 KiB/1.5 MiB CGO alloc/total (267.6 CGO/sec), 0.6/0.5 %(u/s)time, 0.0 %gc (0x), 1.3 KiB/1.7 KiB (r/w)net
I210827 06:56:39.523653 181 2@gossip/gossip.go:567 ⋮ [n1] 114  gossip status (ok, 1 node‹›)
I210827 06:56:39.523653 181 2@gossip/gossip.go:567 ⋮ [n1] 114 +gossip client (0/3 cur/max conns)
I210827 06:56:39.523653 181 2@gossip/gossip.go:567 ⋮ [n1] 114 +gossip server (0/3 cur/max conns, infos 0/0 sent/received, bytes 0B/0B sent/received)
I210827 06:56:39.542031 184 2@server/status/runtime.go:569 ⋮ [n1] 115  runtime stats: 134 MiB RSS, 247 goroutines (stacks: 4.6 MiB), 41 MiB/63 MiB Go alloc/total (heap fragmentation: 3.9 MiB, heap reserved: 3.4 MiB, heap released: 2.9 MiB), 419 KiB/1.5 MiB CGO alloc/total (286.0 CGO/sec), 0.5/0.8 %(u/s)time, 0.0 %gc (0x), 1.1 KiB/1.3 KiB (r/w)net
I210827 06:56:49.542728 184 2@server/status/runtime.go:569 ⋮ [n1] 116  runtime stats: 136 MiB RSS, 246 goroutines (stacks: 4.3 MiB), 27 MiB/65 MiB Go alloc/total (heap fragmentation: 6.0 MiB, heap reserved: 18 MiB, heap released: 928 KiB), 419 KiB/1.5 MiB CGO alloc/total (363.9 CGO/sec), 1.9/0.6 %(u/s)time, 0.0 %gc (0x), 1.1 KiB/1.3 KiB (r/w)net
I210827 06:56:59.543434 184 2@server/status/runtime.go:569 ⋮ [n1] 117  runtime stats: 136 MiB RSS, 246 goroutines (stacks: 4.7 MiB), 35 MiB/65 MiB Go alloc/total (heap fragmentation: 4.5 MiB, heap reserved: 11 MiB, heap released: 928 KiB), 419 KiB/1.5 MiB CGO alloc/total (246.4 CGO/sec), 0.8/0.3 %(u/s)time, 0.0 %gc (0x), 1002 B/1.1 KiB (r/w)net
I210827 06:57:09.543377 184 2@server/status/runtime.go:569 ⋮ [n1] 118  runtime stats: 132 MiB RSS, 246 goroutines (stacks: 3.9 MiB), 22 MiB/61 MiB Go alloc/total (heap fragmentation: 8.3 MiB, heap reserved: 16 MiB, heap released: 5.3 MiB), 419 KiB/1.5 MiB CGO alloc/total (275.4 CGO/sec), 1.9/0.3 %(u/s)time, 0.0 %gc (0x), 1.3 KiB/1.4 KiB (r/w)net
I210827 06:57:19.544675 184 2@server/status/runtime.go:569 ⋮ [n1] 119  runtime stats: 132 MiB RSS, 247 goroutines (stacks: 4.5 MiB), 30 MiB/61 MiB Go alloc/total (heap fragmentation: 5.9 MiB, heap reserved: 10 MiB, heap released: 5.3 MiB), 419 KiB/1.5 MiB CGO alloc/total (285.3 CGO/sec), 0.9/0.5 %(u/s)time, 0.0 %gc (0x), 1.5 KiB/4.2 KiB (r/w)net
I210827 06:57:29.545254 184 2@server/status/runtime.go:569 ⋮ [n1] 120  runtime stats: 133 MiB RSS, 247 goroutines (stacks: 4.8 MiB), 37 MiB/61 MiB Go alloc/total (heap fragmentation: 4.6 MiB, heap reserved: 4.4 MiB, heap released: 5.3 MiB), 419 KiB/1.5 MiB CGO alloc/total (253.2 CGO/sec), 1.1/0.0 %(u/s)time, 0.0 %gc (0x), 1.0 KiB/1.0 KiB (r/w)net
I210827 06:57:39.527019 181 2@gossip/gossip.go:567 ⋮ [n1] 121  gossip status (ok, 1 node‹›)
I210827 06:57:39.527019 181 2@gossip/gossip.go:567 ⋮ [n1] 121 +gossip client (0/3 cur/max conns)
I210827 06:57:39.527019 181 2@gossip/gossip.go:567 ⋮ [n1] 121 +gossip server (0/3 cur/max conns, infos 0/0 sent/received, bytes 0B/0B sent/received)
I210827 06:57:39.546291 184 2@server/status/runtime.go:569 ⋮ [n1] 122  runtime stats: 133 MiB RSS, 247 goroutines (stacks: 4.1 MiB), 26 MiB/61 MiB Go alloc/total (heap fragmentation: 7.1 MiB, heap reserved: 14 MiB, heap released: 5.1 MiB), 419 KiB/1.5 MiB CGO alloc/total (276.5 CGO/sec), 1.1/0.3 %(u/s)time, 0.0 %gc (0x), 2.2 KiB/2.4 KiB (r/w)net
I210827 06:57:49.549369 184 2@server/status/runtime.go:569 ⋮ [n1] 123  runtime stats: 134 MiB RSS, 246 goroutines (stacks: 4.7 MiB), 36 MiB/61 MiB Go alloc/total (heap fragmentation: 4.2 MiB, heap reserved: 6.6 MiB, heap released: 4.9 MiB), 419 KiB/1.5 MiB CGO alloc/total (357.4 CGO/sec), 1.1/0.5 %(u/s)time, 0.0 %gc (0x), 1.0 KiB/1.3 KiB (r/w)net
I210827 06:57:59.547636 184 2@server/status/runtime.go:569 ⋮ [n1] 124  runtime stats: 135 MiB RSS, 246 goroutines (stacks: 3.5 MiB), 22 MiB/62 MiB Go alloc/total (heap fragmentation: 8.4 MiB, heap reserved: 18 MiB, heap released: 3.8 MiB), 419 KiB/1.5 MiB CGO alloc/total (259.3 CGO/sec), 0.9/0.5 %(u/s)time, 0.0 %gc (0x), 1.1 KiB/1.3 KiB (r/w)net
I210827 06:58:09.547326 184 2@server/status/runtime.go:569 ⋮ [n1] 125  runtime stats: 136 MiB RSS, 246 goroutines (stacks: 4.3 MiB), 30 MiB/62 MiB Go alloc/total (heap fragmentation: 6.5 MiB, heap reserved: 12 MiB, heap released: 3.5 MiB), 419 KiB/1.5 MiB CGO alloc/total (252.4 CGO/sec), 0.6/0.2 %(u/s)time, 0.0 %gc (0x), 1.3 KiB/1.3 KiB (r/w)net
I210827 06:58:19.545300 184 2@server/status/runtime.go:569 ⋮ [n1] 126  runtime stats: 136 MiB RSS, 247 goroutines (stacks: 4.7 MiB), 37 MiB/62 MiB Go alloc/total (heap fragmentation: 4.9 MiB, heap reserved: 6.1 MiB, heap released: 3.4 MiB), 419 KiB/1.5 MiB CGO alloc/total (280.3 CGO/sec), 0.5/0.6 %(u/s)time, 0.0 %gc (0x), 1002 B/1.3 KiB (r/w)net
I210827 06:58:29.541044 184 2@server/status/runtime.go:569 ⋮ [n1] 127  runtime stats: 137 MiB RSS, 247 goroutines (stacks: 3.9 MiB), 24 MiB/62 MiB Go alloc/total (heap fragmentation: 7.5 MiB, heap reserved: 17 MiB, heap released: 3.4 MiB), 419 KiB/1.5 MiB CGO alloc/total (248.6 CGO/sec), 0.9/0.5 %(u/s)time, 0.0 %gc (0x), 1.0 KiB/1.0 KiB (r/w)net
I210827 06:58:39.526799 181 2@gossip/gossip.go:567 ⋮ [n1] 128  gossip status (ok, 1 node‹›)
I210827 06:58:39.526799 181 2@gossip/gossip.go:567 ⋮ [n1] 128 +gossip client (0/3 cur/max conns)
I210827 06:58:39.526799 181 2@gossip/gossip.go:567 ⋮ [n1] 128 +gossip server (0/3 cur/max conns, infos 0/0 sent/received, bytes 0B/0B sent/received)
I210827 06:58:39.554562 184 2@server/status/runtime.go:569 ⋮ [n1] 129  runtime stats: 137 MiB RSS, 247 goroutines (stacks: 4.5 MiB), 31 MiB/62 MiB Go alloc/total (heap fragmentation: 5.6 MiB, heap reserved: 11 MiB, heap released: 3.4 MiB), 419 KiB/1.5 MiB CGO alloc/total (284.0 CGO/sec), 1.1/0.3 %(u/s)time, 0.0 %gc (0x), 1.5 KiB/4.2 KiB (r/w)net
I210827 06:58:49.551177 184 2@server/status/runtime.go:569 ⋮ [n1] 130  runtime stats: 137 MiB RSS, 246 goroutines (stacks: 5.0 MiB), 41 MiB/62 MiB Go alloc/total (heap fragmentation: 3.9 MiB, heap reserved: 3.0 MiB, heap released: 3.4 MiB), 419 KiB/1.5 MiB CGO alloc/total (368.6 CGO/sec), 1.6/0.6 %(u/s)time, 0.0 %gc (0x), 1.1 KiB/1.3 KiB (r/w)net
I210827 06:58:59.551175 184 2@server/status/runtime.go:569 ⋮ [n1] 131  runtime stats: 138 MiB RSS, 246 goroutines (stacks: 3.9 MiB), 27 MiB/63 MiB Go alloc/total (heap fragmentation: 7.2 MiB, heap reserved: 15 MiB, heap released: 2.8 MiB), 419 KiB/1.5 MiB CGO alloc/total (251.3 CGO/sec), 2.3/0.9 %(u/s)time, 0.0 %gc (0x), 1.3 KiB/1.5 KiB (r/w)net
I210827 06:59:09.551944 184 2@server/status/runtime.go:569 ⋮ [n1] 132  runtime stats: 139 MiB RSS, 246 goroutines (stacks: 4.5 MiB), 34 MiB/63 MiB Go alloc/total (heap fragmentation: 5.7 MiB, heap reserved: 9.0 MiB, heap released: 2.8 MiB), 419 KiB/1.5 MiB CGO alloc/total (253.1 CGO/sec), 0.8/0.5 %(u/s)time, 0.0 %gc (0x), 1.2 KiB/1.1 KiB (r/w)net
I210827 06:59:19.551729 184 2@server/status/runtime.go:569 ⋮ [n1] 133  runtime stats: 139 MiB RSS, 247 goroutines (stacks: 3.4 MiB), 22 MiB/63 MiB Go alloc/total (heap fragmentation: 8.4 MiB, heap reserved: 19 MiB, heap released: 2.8 MiB), 419 KiB/1.5 MiB CGO alloc/total (279.1 CGO/sec), 1.6/0.5 %(u/s)time, 0.0 %gc (0x), 1002 B/1.3 KiB (r/w)net
I210827 06:59:29.553499 184 2@server/status/runtime.go:569 ⋮ [n1] 134  runtime stats: 139 MiB RSS, 247 goroutines (stacks: 4.4 MiB), 29 MiB/63 MiB Go alloc/total (heap fragmentation: 6.4 MiB, heap reserved: 13 MiB, heap released: 2.8 MiB), 419 KiB/1.5 MiB CGO alloc/total (261.9 CGO/sec), 0.8/0.6 %(u/s)time, 0.0 %gc (0x), 1.4 KiB/1.1 KiB (r/w)net
I210827 06:59:39.523375 181 2@gossip/gossip.go:567 ⋮ [n1] 135  gossip status (ok, 1 node‹›)
I210827 06:59:39.523375 181 2@gossip/gossip.go:567 ⋮ [n1] 135 +gossip client (0/3 cur/max conns)
I210827 06:59:39.523375 181 2@gossip/gossip.go:567 ⋮ [n1] 135 +gossip server (0/3 cur/max conns, infos 0/0 sent/received, bytes 0B/0B sent/received)
I210827 06:59:39.553808 184 2@server/status/runtime.go:569 ⋮ [n1] 136  runtime stats: 140 MiB RSS, 247 goroutines (stacks: 4.6 MiB), 37 MiB/63 MiB Go alloc/total (heap fragmentation: 4.9 MiB, heap reserved: 7.1 MiB, heap released: 2.8 MiB), 419 KiB/1.5 MiB CGO alloc/total (304.0 CGO/sec), 0.9/1.2 %(u/s)time, 0.0 %gc (0x), 1.1 KiB/1020 B (r/w)net
E210827 06:59:39.574705 451 kv/kvserver/queue.go:1208 ⋮ [n1,replicate] 137  37 replicas failing with ‹"0 of 1 live stores are able to take a new replica for the range (1 already has a voter, 0 already have a non-voter); likely not enough nodes in cluster"›
I210827 06:59:49.555335 184 2@server/status/runtime.go:569 ⋮ [n1] 138  runtime stats: 140 MiB RSS, 246 goroutines (stacks: 3.9 MiB), 29 MiB/63 MiB Go alloc/total (heap fragmentation: 5.9 MiB, heap reserved: 14 MiB, heap released: 2.7 MiB), 419 KiB/1.5 MiB CGO alloc/total (349.4 CGO/sec), 2.8/0.9 %(u/s)time, 0.0 %gc (0x), 1.1 KiB/1.5 KiB (r/w)net
I210827 06:59:59.516826 180 kv/kvserver/store.go:2674 ⋮ [n1,s1] 139  
I210827 06:59:59.516826 180 kv/kvserver/store.go:2674 ⋮ [n1,s1] 139 +__level_____count____size___score______in__ingest(sz_cnt)____move(sz_cnt)___write(sz_cnt)____read___r-amp___w-amp
I210827 06:59:59.516826 180 kv/kvserver/store.go:2674 ⋮ [n1,s1] 139 +    WAL         2    18 M       -    18 M       -       -       -       -    18 M       -       -       -     1.0
I210827 06:59:59.516826 180 kv/kvserver/store.go:2674 ⋮ [n1,s1] 139 +      0         0     0 B    0.00     0 B     0 B       0     0 B       0     0 B       0     0 B       0     0.0
I210827 06:59:59.516826 180 kv/kvserver/store.go:2674 ⋮ [n1,s1] 139 +      1         0     0 B    0.00     0 B     0 B       0     0 B       0     0 B       0     0 B       0     0.0
I210827 06:59:59.516826 180 kv/kvserver/store.go:2674 ⋮ [n1,s1] 139 +      2         0     0 B    0.00     0 B     0 B       0     0 B       0     0 B       0     0 B       0     0.0
I210827 06:59:59.516826 180 kv/kvserver/store.go:2674 ⋮ [n1,s1] 139 +      3         0     0 B    0.00     0 B     0 B       0     0 B       0     0 B       0     0 B       0     0.0
I210827 06:59:59.516826 180 kv/kvserver/store.go:2674 ⋮ [n1,s1] 139 +      4         0     0 B    0.00     0 B     0 B       0     0 B       0     0 B       0     0 B       0     0.0
I210827 06:59:59.516826 180 kv/kvserver/store.go:2674 ⋮ [n1,s1] 139 +      5         0     0 B    0.00     0 B     0 B       0     0 B       0     0 B       0     0 B       0     0.0
I210827 06:59:59.516826 180 kv/kvserver/store.go:2674 ⋮ [n1,s1] 139 +      6         1   1.4 M       -   350 K     0 B       0     0 B       0   1.4 M       1   1.6 M       1     4.2
I210827 06:59:59.516826 180 kv/kvserver/store.go:2674 ⋮ [n1,s1] 139 +  total         1   1.4 M       -    18 M     0 B       0     0 B       0    20 M       1   1.6 M       1     1.1
I210827 06:59:59.516826 180 kv/kvserver/store.go:2674 ⋮ [n1,s1] 139 +  flush         0
I210827 06:59:59.516826 180 kv/kvserver/store.go:2674 ⋮ [n1,s1] 139 +compact         1     0 B           350 K  (size == estimated-debt, in = in-progress-bytes)
I210827 06:59:59.516826 180 kv/kvserver/store.go:2674 ⋮ [n1,s1] 139 + memtbl         2    64 M
I210827 06:59:59.516826 180 kv/kvserver/store.go:2674 ⋮ [n1,s1] 139 +zmemtbl         0     0 B
I210827 06:59:59.516826 180 kv/kvserver/store.go:2674 ⋮ [n1,s1] 139 +   ztbl         0     0 B
I210827 06:59:59.516826 180 kv/kvserver/store.go:2674 ⋮ [n1,s1] 139 + bcache        17   570 K   97.8%  (score == hit-rate)
I210827 06:59:59.516826 180 kv/kvserver/store.go:2674 ⋮ [n1,s1] 139 + tcache         1   616 B  100.0%  (score == hit-rate)
I210827 06:59:59.516826 180 kv/kvserver/store.go:2674 ⋮ [n1,s1] 139 + titers         0
I210827 06:59:59.516826 180 kv/kvserver/store.go:2674 ⋮ [n1,s1] 139 + filter         -       -   86.1%  (score == utility)
I210827 06:59:59.559397 184 2@server/status/runtime.go:569 ⋮ [n1] 140  runtime stats: 141 MiB RSS, 246 goroutines (stacks: 4.1 MiB), 36 MiB/63 MiB Go alloc/total (heap fragmentation: 4.3 MiB, heap reserved: 8.4 MiB, heap released: 2.7 MiB), 419 KiB/1.5 MiB CGO alloc/total (204.9 CGO/sec), 0.5/0.3 %(u/s)time, 0.0 %gc (0x), 1.7 KiB/1.6 KiB (r/w)net
I210827 07:00:09.550936 184 2@server/status/runtime.go:569 ⋮ [n1] 141  runtime stats: 141 MiB RSS, 246 goroutines (stacks: 3.3 MiB), 22 MiB/64 MiB Go alloc/total (heap fragmentation: 8.8 MiB, heap reserved: 20 MiB, heap released: 2.3 MiB), 419 KiB/1.5 MiB CGO alloc/total (212.8 CGO/sec), 1.1/0.3 %(u/s)time, 0.0 %gc (0x), 1.7 KiB/4.1 KiB (r/w)net
I210827 07:00:19.550125 184 2@server/status/runtime.go:569 ⋮ [n1] 142  runtime stats: 142 MiB RSS, 247 goroutines (stacks: 3.7 MiB), 30 MiB/64 MiB Go alloc/total (heap fragmentation: 6.5 MiB, heap reserved: 14 MiB, heap released: 2.3 MiB), 419 KiB/1.5 MiB CGO alloc/total (224.5 CGO/sec), 0.6/0.3 %(u/s)time, 0.0 %gc (0x), 1.0 KiB/1.3 KiB (r/w)net
I210827 07:00:28.128611 1278 5@util/log/event_log.go:32 ⋮ [n1,client=‹127.0.0.1:54266›,hostnossl,user=root] 143 ={"Timestamp":1630047628114164700,"EventType":"create_table","Statement":"‹CREATE TABLE IF NOT EXISTS defaultdb.public.accounts (id INT8 PRIMARY KEY, balance INT8)›","Tag":"CREATE TABLE","User":"root","DescriptorID":54,"ApplicationName":"$ cockroach sql","TableName":"‹defaultdb.public.accounts›"}
I210827 07:00:28.130306 8408 kv/kvserver/replica_command.go:396 ⋮ [n1,split,s1,r37/1:‹/{Table/53-Max}›] 144  initiating a split of this range at key ‹/Table/54› [r47] (‹zone config›)‹›
I210827 07:00:29.557611 184 2@server/status/runtime.go:569 ⋮ [n1] 145  runtime stats: 143 MiB RSS, 248 goroutines (stacks: 4.8 MiB), 38 MiB/64 MiB Go alloc/total (heap fragmentation: 4.8 MiB, heap reserved: 6.9 MiB, heap released: 1.9 MiB), 419 KiB/1.5 MiB CGO alloc/total (338.8 CGO/sec), 1.2/0.3 %(u/s)time, 0.0 %gc (0x), 1002 B/1.1 KiB (r/w)net
I210827 07:00:39.527326 181 2@gossip/gossip.go:567 ⋮ [n1] 146  gossip status (ok, 1 node‹›)
I210827 07:00:39.527326 181 2@gossip/gossip.go:567 ⋮ [n1] 146 +gossip client (0/3 cur/max conns)
I210827 07:00:39.527326 181 2@gossip/gossip.go:567 ⋮ [n1] 146 +gossip server (0/3 cur/max conns, infos 0/0 sent/received, bytes 0B/0B sent/received)
I210827 07:00:39.557105 184 2@server/status/runtime.go:569 ⋮ [n1] 147  runtime stats: 143 MiB RSS, 248 goroutines (stacks: 3.8 MiB), 26 MiB/64 MiB Go alloc/total (heap fragmentation: 7.6 MiB, heap reserved: 17 MiB, heap released: 1.9 MiB), 419 KiB/1.5 MiB CGO alloc/total (233.5 CGO/sec), 3.0/0.6 %(u/s)time, 0.0 %gc (0x), 7.4 KiB/4.6 KiB (r/w)net
I210827 07:00:49.557474 184 2@server/status/runtime.go:569 ⋮ [n1] 148  runtime stats: 143 MiB RSS, 247 goroutines (stacks: 4.4 MiB), 35 MiB/64 MiB Go alloc/total (heap fragmentation: 4.7 MiB, heap reserved: 9.8 MiB, heap released: 1.9 MiB), 419 KiB/1.5 MiB CGO alloc/total (315.5 CGO/sec), 2.2/0.3 %(u/s)time, 0.0 %gc (0x), 1.4 KiB/1.7 KiB (r/w)net
I210827 07:00:59.557829 184 2@server/status/runtime.go:569 ⋮ [n1] 149  runtime stats: 144 MiB RSS, 247 goroutines (stacks: 4.8 MiB), 42 MiB/64 MiB Go alloc/total (heap fragmentation: 3.7 MiB, heap reserved: 3.2 MiB, heap released: 1.9 MiB), 419 KiB/1.5 MiB CGO alloc/total (219.3 CGO/sec), 0.9/0.3 %(u/s)time, 0.0 %gc (0x), 1.1 KiB/1.1 KiB (r/w)net
I210827 07:01:09.559388 184 2@server/status/runtime.go:569 ⋮ [n1] 150  runtime stats: 145 MiB RSS, 245 goroutines (stacks: 3.6 MiB), 32 MiB/65 MiB Go alloc/total (heap fragmentation: 7.1 MiB, heap reserved: 12 MiB, heap released: 984 KiB), 419 KiB/1.5 MiB CGO alloc/total (231.8 CGO/sec), 3.1/0.6 %(u/s)time, 0.0 %gc (0x), 942 B/1.0 KiB (r/w)net
I210827 07:01:19.553996 184 2@server/status/runtime.go:569 ⋮ [n1] 151  runtime stats: 145 MiB RSS, 257 goroutines (stacks: 4.2 MiB), 41 MiB/65 MiB Go alloc/total (heap fragmentation: 5.0 MiB, heap reserved: 4.4 MiB, heap released: 984 KiB), 419 KiB/1.5 MiB CGO alloc/total (264.0 CGO/sec), 0.9/0.6 %(u/s)time, 0.0 %gc (0x), 7.3 KiB/5.6 KiB (r/w)net
I210827 07:01:29.562297 184 2@server/status/runtime.go:569 ⋮ [n1] 152  runtime stats: 147 MiB RSS, 257 goroutines (stacks: 3.6 MiB), 27 MiB/66 MiB Go alloc/total (heap fragmentation: 7.7 MiB, heap reserved: 18 MiB, heap released: 3.6 MiB), 419 KiB/1.5 MiB CGO alloc/total (204.4 CGO/sec), 0.1/0.5 %(u/s)time, 0.0 %gc (0x), 1.4 KiB/3.9 KiB (r/w)net
I210827 07:01:39.524928 181 2@gossip/gossip.go:567 ⋮ [n1] 153  gossip status (ok, 1 node‹›)
I210827 07:01:39.524928 181 2@gossip/gossip.go:567 ⋮ [n1] 153 +gossip client (0/3 cur/max conns)
I210827 07:01:39.524928 181 2@gossip/gossip.go:567 ⋮ [n1] 153 +gossip server (0/3 cur/max conns, infos 0/0 sent/received, bytes 0B/0B sent/received)
I210827 07:01:39.563088 184 2@server/status/runtime.go:569 ⋮ [n1] 154  runtime stats: 148 MiB RSS, 257 goroutines (stacks: 4.3 MiB), 35 MiB/66 MiB Go alloc/total (heap fragmentation: 5.4 MiB, heap reserved: 12 MiB, heap released: 3.6 MiB), 419 KiB/1.5 MiB CGO alloc/total (282.7 CGO/sec), 1.1/1.1 %(u/s)time, 0.0 %gc (0x), 1.7 KiB/4.8 KiB (r/w)net
I210827 07:01:39.606927 9574 jobs/registry.go:1185 ⋮ [n1] 155  AUTO CREATE STATS job ‹688053615321350145›: stepping through state running with error: <nil>
I210827 07:01:39.635386 9574 jobs/registry.go:1185 ⋮ [n1] 156  AUTO CREATE STATS job ‹688053615321350145›: stepping through state succeeded with error: <nil>
I210827 07:01:49.565542 184 2@server/status/runtime.go:569 ⋮ [n1] 157  runtime stats: 149 MiB RSS, 256 goroutines (stacks: 4.1 MiB), 28 MiB/66 MiB Go alloc/total (heap fragmentation: 7.4 MiB, heap reserved: 17 MiB, heap released: 3.5 MiB), 419 KiB/1.5 MiB CGO alloc/total (544.9 CGO/sec), 2.6/0.5 %(u/s)time, 0.0 %gc (0x), 1.2 KiB/1.8 KiB (r/w)net
I210827 07:01:59.556949 184 2@server/status/runtime.go:569 ⋮ [n1] 158  runtime stats: 149 MiB RSS, 256 goroutines (stacks: 4.6 MiB), 36 MiB/66 MiB Go alloc/total (heap fragmentation: 5.5 MiB, heap reserved: 10 MiB, heap released: 3.5 MiB), 419 KiB/1.5 MiB CGO alloc/total (214.2 CGO/sec), 1.3/0.3 %(u/s)time, 0.0 %gc (0x), 11 KiB/12 KiB (r/w)net
I210827 07:02:09.560353 184 2@server/status/runtime.go:569 ⋮ [n1] 159  runtime stats: 150 MiB RSS, 256 goroutines (stacks: 4.9 MiB), 43 MiB/66 MiB Go alloc/total (heap fragmentation: 4.2 MiB, heap reserved: 4.3 MiB, heap released: 3.5 MiB), 419 KiB/1.5 MiB CGO alloc/total (212.1 CGO/sec), 0.6/0.5 %(u/s)time, 0.0 %gc (0x), 471 KiB/50 KiB (r/w)net
I210827 07:02:19.556260 184 2@server/status/runtime.go:569 ⋮ [n1] 160  runtime stats: 150 MiB RSS, 257 goroutines (stacks: 3.9 MiB), 34 MiB/67 MiB Go alloc/total (heap fragmentation: 7.5 MiB, heap reserved: 12 MiB, heap released: 2.8 MiB), 419 KiB/1.5 MiB CGO alloc/total (298.4 CGO/sec), 1.1/0.3 %(u/s)time, 0.0 %gc (0x), 98 KiB/40 KiB (r/w)net
I210827 07:02:29.562589 184 2@server/status/runtime.go:569 ⋮ [n1] 161  runtime stats: 150 MiB RSS, 257 goroutines (stacks: 4.3 MiB), 41 MiB/67 MiB Go alloc/total (heap fragmentation: 5.8 MiB, heap reserved: 6.4 MiB, heap released: 2.8 MiB), 419 KiB/1.5 MiB CGO alloc/total (222.1 CGO/sec), 1.4/0.3 %(u/s)time, 0.0 %gc (0x), 160 KiB/17 KiB (r/w)net
I210827 07:02:39.524347 181 2@gossip/gossip.go:567 ⋮ [n1] 162  gossip status (ok, 1 node‹›)
I210827 07:02:39.524347 181 2@gossip/gossip.go:567 ⋮ [n1] 162 +gossip client (0/3 cur/max conns)
I210827 07:02:39.524347 181 2@gossip/gossip.go:567 ⋮ [n1] 162 +gossip server (0/3 cur/max conns, infos 0/0 sent/received, bytes 0B/0B sent/received)
I210827 07:02:39.566623 184 2@server/status/runtime.go:569 ⋮ [n1] 163  runtime stats: 151 MiB RSS, 257 goroutines (stacks: 3.3 MiB), 23 MiB/68 MiB Go alloc/total (heap fragmentation: 10 MiB, heap reserved: 21 MiB, heap released: 2.0 MiB), 419 KiB/1.5 MiB CGO alloc/total (248.1 CGO/sec), 2.7/0.6 %(u/s)time, 0.0 %gc (0x), 2.1 KiB/2.4 KiB (r/w)net
I210827 07:02:49.567039 184 2@server/status/runtime.go:569 ⋮ [n1] 164  runtime stats: 152 MiB RSS, 256 goroutines (stacks: 4.1 MiB), 34 MiB/68 MiB Go alloc/total (heap fragmentation: 6.1 MiB, heap reserved: 14 MiB, heap released: 1.5 MiB), 419 KiB/1.5 MiB CGO alloc/total (325.9 CGO/sec), 2.5/0.9 %(u/s)time, 0.0 %gc (0x), 2.2 KiB/5.7 KiB (r/w)net
I210827 07:02:59.567330 184 2@server/status/runtime.go:569 ⋮ [n1] 165  runtime stats: 152 MiB RSS, 256 goroutines (stacks: 4.5 MiB), 41 MiB/68 MiB Go alloc/total (heap fragmentation: 4.5 MiB, heap reserved: 8.7 MiB, heap released: 1.5 MiB), 419 KiB/1.5 MiB CGO alloc/total (219.7 CGO/sec), 1.4/0.5 %(u/s)time, 0.0 %gc (0x), 2.5 KiB/2.5 KiB (r/w)net
I210827 07:03:09.568318 184 2@server/status/runtime.go:569 ⋮ [n1] 166  runtime stats: 153 MiB RSS, 256 goroutines (stacks: 3.8 MiB), 27 MiB/68 MiB Go alloc/total (heap fragmentation: 8.9 MiB, heap reserved: 19 MiB, heap released: 1.5 MiB), 419 KiB/1.5 MiB CGO alloc/total (218.3 CGO/sec), 1.6/0.9 %(u/s)time, 0.0 %gc (0x), 7.3 KiB/7.0 KiB (r/w)net
