I210827 07:05:35.133037 28 util/log/file_sync_buffer.go:238 ⋮ [config]   file created at: 2021/08/27 07:05:35
I210827 07:05:35.133048 28 util/log/file_sync_buffer.go:238 ⋮ [config]   running on machine: ‹LAPTOP-NMOS6VH8›
I210827 07:05:35.133055 28 util/log/file_sync_buffer.go:238 ⋮ [config]   binary: CockroachDB CCL v21.1.7 (x86_64-w64-mingw32, built 2021/08/09 18:01:51, go1.15.14)
I210827 07:05:35.133061 28 util/log/file_sync_buffer.go:238 ⋮ [config]   arguments: ‹[cockroach start --certs-dir=certs --store=node1 --listen-addr=localhost:26257 --http-addr=localhost:8080 --join=localhost:26257,localhost:26258]›
I210827 07:05:35.133070 28 util/log/file_sync_buffer.go:238 ⋮ [config]   log format (utf8=✓): crdb-v2
I210827 07:05:35.133075 28 util/log/file_sync_buffer.go:238 ⋮ [config]   line format: [IWEF]yymmdd hh:mm:ss.uuuuuu goid [chan@]file:line redactionmark \[tags\] [counter] msg
I210827 07:05:35.132596 28 3@vendor/github.com/cockroachdb/pebble/compaction.go:1985 ⋮ [n?,pebble,s?] 1  [JOB 1] flushing: sstable created 000032
I210827 07:05:35.210449 28 3@vendor/github.com/cockroachdb/pebble/compaction.go:1985 ⋮ [n?,pebble,s?] 2  [JOB 1] flushing: sstable created 000033
I210827 07:05:35.323729 28 3@vendor/github.com/cockroachdb/pebble/open.go:305 ⋮ [n?,pebble,s?] 3  [JOB 1] WAL created 000034
I210827 07:05:35.331191 28 3@vendor/github.com/cockroachdb/pebble/version_set.go:457 ⋮ [n?,pebble,s?] 4  [JOB 1] MANIFEST created 000035
I210827 07:05:35.333782 117 3@vendor/github.com/cockroachdb/pebble/compaction.go:1791 ⋮ [n?,pebble,s?] 5  [JOB 3] compacting(default) L0 [000032 000033] (280 K) + L6 [000030] (1.4 M)
I210827 07:05:35.334692 116 3@vendor/github.com/cockroachdb/pebble/table_stats.go:118 ⋮ [n?,pebble,s?] 6  [JOB 2] all initial table stats loaded
I210827 07:05:35.335240 115 3@vendor/github.com/cockroachdb/pebble/compaction.go:2702 ⋮ [n?,pebble,s?] 7  [JOB 1] WAL deleted 000027
I210827 07:05:35.337049 117 3@vendor/github.com/cockroachdb/pebble/compaction.go:1985 ⋮ [n?,pebble,s?] 8  [JOB 3] compacting: sstable created 000037
I210827 07:05:35.340811 115 3@vendor/github.com/cockroachdb/pebble/compaction.go:2702 ⋮ [n?,pebble,s?] 9  [JOB 1] WAL deleted 000031
I210827 07:05:35.342182 115 3@vendor/github.com/cockroachdb/pebble/compaction.go:2709 ⋮ [n?,pebble,s?] 10  [JOB 1] MANIFEST deleted 000028
I210827 07:05:35.355131 28 3@vendor/github.com/cockroachdb/pebble/version_set.go:156 ⋮ [n?,pebble,s?] 11  [JOB 1] MANIFEST created 000001
I210827 07:05:35.356701 28 3@vendor/github.com/cockroachdb/pebble/open.go:305 ⋮ [n?,pebble,s?] 12  [JOB 1] WAL created 000002
I210827 07:05:35.359219 137 3@vendor/github.com/cockroachdb/pebble/table_stats.go:118 ⋮ [n?,pebble,s‹temp›] 13  [JOB 2] all initial table stats loaded
I210827 07:05:35.452722 265 3@vendor/github.com/cockroachdb/pebble/db.go:1449 ⋮ [n1,pebble,s1] 14  [JOB 4] WAL created 000038
I210827 07:05:35.482852 117 3@vendor/github.com/cockroachdb/pebble/compaction.go:1832 ⋮ [n1,pebble,s1] 15  [JOB 3] compacted(default) L0 [000032 000033] (280 K) + L6 [000030] (1.4 M) -> L6 [000037] (1.6 M), in 0.1s, output rate 11 M/s
I210827 07:05:35.487106 502 3@vendor/github.com/cockroachdb/pebble/compaction.go:2716 ⋮ [n1,pebble,s1] 16  [JOB 3] sstable deleted 000030
I210827 07:05:35.487595 502 3@vendor/github.com/cockroachdb/pebble/compaction.go:2716 ⋮ [n1,pebble,s1] 17  [JOB 3] sstable deleted 000032
I210827 07:05:35.488137 502 3@vendor/github.com/cockroachdb/pebble/compaction.go:2716 ⋮ [n1,pebble,s1] 18  [JOB 3] sstable deleted 000033
I210827 07:14:06.767787 272 3@vendor/github.com/cockroachdb/pebble/db.go:1449 ⋮ [n1,pebble,s1] 19  [JOB 5] WAL created 000039
I210827 07:14:06.768001 20156 3@vendor/github.com/cockroachdb/pebble/compaction.go:1366 ⋮ [n1,pebble,s1] 20  [JOB 6] flushing 2 memtables to L0
I210827 07:14:06.768773 20156 3@vendor/github.com/cockroachdb/pebble/compaction.go:1985 ⋮ [n1,pebble,s1] 21  [JOB 6] flushing: sstable created 000040
I210827 07:14:06.890633 20156 3@vendor/github.com/cockroachdb/pebble/compaction.go:1423 ⋮ [n1,pebble,s1] 22  [JOB 6] flushed 2 memtables to L0 [000040] (263 K), in 0.1s, output rate 2.1 M/s
I210827 07:14:06.893552 20159 3@vendor/github.com/cockroachdb/pebble/compaction.go:1791 ⋮ [n1,pebble,s1] 23  [JOB 8] compacting(default) L0 [000040] (263 K) + L6 [000037] (1.6 M)
I210827 07:14:06.894873 20159 3@vendor/github.com/cockroachdb/pebble/compaction.go:1985 ⋮ [n1,pebble,s1] 24  [JOB 8] compacting: sstable created 000041
I210827 07:14:07.087460 20159 3@vendor/github.com/cockroachdb/pebble/compaction.go:1832 ⋮ [n1,pebble,s1] 25  [JOB 8] compacted(default) L0 [000040] (263 K) + L6 [000037] (1.6 M) -> L6 [000041] (1.8 M), in 0.2s, output rate 9.1 M/s
I210827 07:14:07.091969 20138 3@vendor/github.com/cockroachdb/pebble/compaction.go:2716 ⋮ [n1,pebble,s1] 26  [JOB 8] sstable deleted 000037
I210827 07:14:07.092648 20138 3@vendor/github.com/cockroachdb/pebble/compaction.go:2716 ⋮ [n1,pebble,s1] 27  [JOB 8] sstable deleted 000040
